[0.253s] Invoking command in '/home/ryu/ros2_ws/build/interfaces_pkg': CMAKE_PREFIX_PATH=${CMAKE_PREFIX_PATH}:/home/ryu/ros2_ws/install/serial_communication_pkg:/home/ryu/ros2_ws/install/lidar_perception_pkg:/home/ryu/ros2_ws/install/decision_making_pkg:/home/ryu/ros2_ws/install/debug_pkg:/home/ryu/ros2_ws/install/camera_perception_pkg:/opt/ros/humble /usr/bin/cmake --build /home/ryu/ros2_ws/build/interfaces_pkg -- -j12 -l12
[0.313s] [  0%] Built target interfaces_pkg__cpp
[0.317s] [ 12%] Built target interfaces_pkg__rosidl_generator_c
[0.326s] [ 12%] Built target ament_cmake_python_symlink_interfaces_pkg
[0.358s] [ 33%] Built target interfaces_pkg__rosidl_typesupport_fastrtps_cpp
[0.358s] [ 36%] Built target interfaces_pkg__rosidl_typesupport_c
[0.361s] [ 48%] Built target interfaces_pkg__rosidl_typesupport_introspection_cpp
[0.364s] [ 60%] Built target interfaces_pkg__rosidl_typesupport_introspection_c
[0.365s] [ 72%] Built target interfaces_pkg__rosidl_typesupport_cpp
[0.370s] [ 84%] Built target interfaces_pkg__rosidl_typesupport_fastrtps_c
[0.427s] [ 84%] Built target interfaces_pkg
[0.477s] [ 85%] Built target interfaces_pkg__py
[0.515s] [ 96%] Built target interfaces_pkg__rosidl_generator_py
[0.545s] [ 98%] Built target interfaces_pkg__rosidl_typesupport_c__pyext
[0.545s] [ 98%] Built target interfaces_pkg__rosidl_typesupport_fastrtps_c__pyext
[0.546s] [100%] Built target interfaces_pkg__rosidl_typesupport_introspection_c__pyext
[0.698s] running egg_info
[0.699s] writing interfaces_pkg.egg-info/PKG-INFO
[0.699s] writing dependency_links to interfaces_pkg.egg-info/dependency_links.txt
[0.700s] writing top-level names to interfaces_pkg.egg-info/top_level.txt
[0.702s] reading manifest file 'interfaces_pkg.egg-info/SOURCES.txt'
[0.703s] writing manifest file 'interfaces_pkg.egg-info/SOURCES.txt'
[0.748s] [100%] Built target ament_cmake_python_build_interfaces_pkg_egg
[0.766s] Invoked command in '/home/ryu/ros2_ws/build/interfaces_pkg' returned '0': CMAKE_PREFIX_PATH=${CMAKE_PREFIX_PATH}:/home/ryu/ros2_ws/install/serial_communication_pkg:/home/ryu/ros2_ws/install/lidar_perception_pkg:/home/ryu/ros2_ws/install/decision_making_pkg:/home/ryu/ros2_ws/install/debug_pkg:/home/ryu/ros2_ws/install/camera_perception_pkg:/opt/ros/humble /usr/bin/cmake --build /home/ryu/ros2_ws/build/interfaces_pkg -- -j12 -l12
[0.781s] Invoking command in '/home/ryu/ros2_ws/build/interfaces_pkg': CMAKE_PREFIX_PATH=${CMAKE_PREFIX_PATH}:/home/ryu/ros2_ws/install/serial_communication_pkg:/home/ryu/ros2_ws/install/lidar_perception_pkg:/home/ryu/ros2_ws/install/decision_making_pkg:/home/ryu/ros2_ws/install/debug_pkg:/home/ryu/ros2_ws/install/camera_perception_pkg:/opt/ros/humble /usr/bin/cmake --install /home/ryu/ros2_ws/build/interfaces_pkg
[0.790s] -- Install configuration: ""
[0.791s] -- Execute custom install script
[0.792s] -- Up-to-date symlink: /home/ryu/ros2_ws/install/interfaces_pkg/share/ament_index/resource_index/rosidl_interfaces/interfaces_pkg
[0.793s] -- Up-to-date symlink: /home/ryu/ros2_ws/install/interfaces_pkg/include/interfaces_pkg/interfaces_pkg/msg/bounding_box2_d.h
[0.793s] -- Up-to-date symlink: /home/ryu/ros2_ws/install/interfaces_pkg/include/interfaces_pkg/interfaces_pkg/msg/bounding_box3_d.h
[0.793s] -- Up-to-date symlink: /home/ryu/ros2_ws/install/interfaces_pkg/include/interfaces_pkg/interfaces_pkg/msg/detail/bounding_box2_d__functions.h
[0.793s] -- Up-to-date symlink: /home/ryu/ros2_ws/install/interfaces_pkg/include/interfaces_pkg/interfaces_pkg/msg/detail/bounding_box2_d__struct.h
[0.793s] -- Up-to-date symlink: /home/ryu/ros2_ws/install/interfaces_pkg/include/interfaces_pkg/interfaces_pkg/msg/detail/bounding_box2_d__type_support.h
[0.793s] -- Up-to-date symlink: /home/ryu/ros2_ws/install/interfaces_pkg/include/interfaces_pkg/interfaces_pkg/msg/detail/bounding_box3_d__functions.h
[0.793s] -- Up-to-date symlink: /home/ryu/ros2_ws/install/interfaces_pkg/include/interfaces_pkg/interfaces_pkg/msg/detail/bounding_box3_d__struct.h
[0.793s] -- Up-to-date symlink: /home/ryu/ros2_ws/install/interfaces_pkg/include/interfaces_pkg/interfaces_pkg/msg/detail/bounding_box3_d__type_support.h
[0.794s] -- Up-to-date symlink: /home/ryu/ros2_ws/install/interfaces_pkg/include/interfaces_pkg/interfaces_pkg/msg/detail/detection__functions.h
[0.794s] -- Up-to-date symlink: /home/ryu/ros2_ws/install/interfaces_pkg/include/interfaces_pkg/interfaces_pkg/msg/detail/detection__struct.h
[0.794s] -- Up-to-date symlink: /home/ryu/ros2_ws/install/interfaces_pkg/include/interfaces_pkg/interfaces_pkg/msg/detail/detection__type_support.h
[0.794s] -- Up-to-date symlink: /home/ryu/ros2_ws/install/interfaces_pkg/include/interfaces_pkg/interfaces_pkg/msg/detail/detection_array__functions.h
[0.794s] -- Up-to-date symlink: /home/ryu/ros2_ws/install/interfaces_pkg/include/interfaces_pkg/interfaces_pkg/msg/detail/detection_array__struct.h
[0.794s] -- Up-to-date symlink: /home/ryu/ros2_ws/install/interfaces_pkg/include/interfaces_pkg/interfaces_pkg/msg/detail/detection_array__type_support.h
[0.794s] -- Up-to-date symlink: /home/ryu/ros2_ws/install/interfaces_pkg/include/interfaces_pkg/interfaces_pkg/msg/detail/key_point2_d__functions.h
[0.795s] -- Up-to-date symlink: /home/ryu/ros2_ws/install/interfaces_pkg/include/interfaces_pkg/interfaces_pkg/msg/detail/key_point2_d__struct.h
[0.795s] -- Up-to-date symlink: /home/ryu/ros2_ws/install/interfaces_pkg/include/interfaces_pkg/interfaces_pkg/msg/detail/key_point2_d__type_support.h
[0.795s] -- Up-to-date symlink: /home/ryu/ros2_ws/install/interfaces_pkg/include/interfaces_pkg/interfaces_pkg/msg/detail/key_point2_d_array__functions.h
[0.795s] -- Up-to-date symlink: /home/ryu/ros2_ws/install/interfaces_pkg/include/interfaces_pkg/interfaces_pkg/msg/detail/key_point2_d_array__struct.h
[0.795s] -- Up-to-date symlink: /home/ryu/ros2_ws/install/interfaces_pkg/include/interfaces_pkg/interfaces_pkg/msg/detail/key_point2_d_array__type_support.h
[0.795s] -- Up-to-date symlink: /home/ryu/ros2_ws/install/interfaces_pkg/include/interfaces_pkg/interfaces_pkg/msg/detail/key_point3_d__functions.h
[0.795s] -- Up-to-date symlink: /home/ryu/ros2_ws/install/interfaces_pkg/include/interfaces_pkg/interfaces_pkg/msg/detail/key_point3_d__struct.h
[0.796s] -- Up-to-date symlink: /home/ryu/ros2_ws/install/interfaces_pkg/include/interfaces_pkg/interfaces_pkg/msg/detail/key_point3_d__type_support.h
[0.796s] -- Up-to-date symlink: /home/ryu/ros2_ws/install/interfaces_pkg/include/interfaces_pkg/interfaces_pkg/msg/detail/key_point3_d_array__functions.h
[0.796s] -- Up-to-date symlink: /home/ryu/ros2_ws/install/interfaces_pkg/include/interfaces_pkg/interfaces_pkg/msg/detail/key_point3_d_array__struct.h
[0.796s] -- Up-to-date symlink: /home/ryu/ros2_ws/install/interfaces_pkg/include/interfaces_pkg/interfaces_pkg/msg/detail/key_point3_d_array__type_support.h
[0.796s] -- Up-to-date symlink: /home/ryu/ros2_ws/install/interfaces_pkg/include/interfaces_pkg/interfaces_pkg/msg/detail/lane_info__functions.h
[0.796s] -- Up-to-date symlink: /home/ryu/ros2_ws/install/interfaces_pkg/include/interfaces_pkg/interfaces_pkg/msg/detail/lane_info__struct.h
[0.796s] -- Up-to-date symlink: /home/ryu/ros2_ws/install/interfaces_pkg/include/interfaces_pkg/interfaces_pkg/msg/detail/lane_info__type_support.h
[0.797s] -- Up-to-date symlink: /home/ryu/ros2_ws/install/interfaces_pkg/include/interfaces_pkg/interfaces_pkg/msg/detail/mask__functions.h
[0.797s] -- Up-to-date symlink: /home/ryu/ros2_ws/install/interfaces_pkg/include/interfaces_pkg/interfaces_pkg/msg/detail/mask__struct.h
[0.797s] -- Up-to-date symlink: /home/ryu/ros2_ws/install/interfaces_pkg/include/interfaces_pkg/interfaces_pkg/msg/detail/mask__type_support.h
[0.797s] -- Up-to-date symlink: /home/ryu/ros2_ws/install/interfaces_pkg/include/interfaces_pkg/interfaces_pkg/msg/detail/motion_command__functions.h
[0.797s] -- Up-to-date symlink: /home/ryu/ros2_ws/install/interfaces_pkg/include/interfaces_pkg/interfaces_pkg/msg/detail/motion_command__struct.h
[0.797s] -- Up-to-date symlink: /home/ryu/ros2_ws/install/interfaces_pkg/include/interfaces_pkg/interfaces_pkg/msg/detail/motion_command__type_support.h
[0.797s] -- Up-to-date symlink: /home/ryu/ros2_ws/install/interfaces_pkg/include/interfaces_pkg/interfaces_pkg/msg/detail/path_planning_result__functions.h
[0.798s] -- Up-to-date symlink: /home/ryu/ros2_ws/install/interfaces_pkg/include/interfaces_pkg/interfaces_pkg/msg/detail/path_planning_result__struct.h
[0.798s] -- Up-to-date symlink: /home/ryu/ros2_ws/install/interfaces_pkg/include/interfaces_pkg/interfaces_pkg/msg/detail/path_planning_result__type_support.h
[0.798s] -- Up-to-date symlink: /home/ryu/ros2_ws/install/interfaces_pkg/include/interfaces_pkg/interfaces_pkg/msg/detail/point2_d__functions.h
[0.798s] -- Up-to-date symlink: /home/ryu/ros2_ws/install/interfaces_pkg/include/interfaces_pkg/interfaces_pkg/msg/detail/point2_d__struct.h
[0.798s] -- Up-to-date symlink: /home/ryu/ros2_ws/install/interfaces_pkg/include/interfaces_pkg/interfaces_pkg/msg/detail/point2_d__type_support.h
[0.798s] -- Up-to-date symlink: /home/ryu/ros2_ws/install/interfaces_pkg/include/interfaces_pkg/interfaces_pkg/msg/detail/pose2_d__functions.h
[0.798s] -- Up-to-date symlink: /home/ryu/ros2_ws/install/interfaces_pkg/include/interfaces_pkg/interfaces_pkg/msg/detail/pose2_d__struct.h
[0.798s] -- Up-to-date symlink: /home/ryu/ros2_ws/install/interfaces_pkg/include/interfaces_pkg/interfaces_pkg/msg/detail/pose2_d__type_support.h
[0.799s] -- Up-to-date symlink: /home/ryu/ros2_ws/install/interfaces_pkg/include/interfaces_pkg/interfaces_pkg/msg/detail/target_point__functions.h
[0.799s] -- Up-to-date symlink: /home/ryu/ros2_ws/install/interfaces_pkg/include/interfaces_pkg/interfaces_pkg/msg/detail/target_point__struct.h
[0.799s] -- Up-to-date symlink: /home/ryu/ros2_ws/install/interfaces_pkg/include/interfaces_pkg/interfaces_pkg/msg/detail/target_point__type_support.h
[0.799s] -- Up-to-date symlink: /home/ryu/ros2_ws/install/interfaces_pkg/include/interfaces_pkg/interfaces_pkg/msg/detail/vector2__functions.h
[0.799s] -- Up-to-date symlink: /home/ryu/ros2_ws/install/interfaces_pkg/include/interfaces_pkg/interfaces_pkg/msg/detail/vector2__struct.h
[0.799s] -- Up-to-date symlink: /home/ryu/ros2_ws/install/interfaces_pkg/include/interfaces_pkg/interfaces_pkg/msg/detail/vector2__type_support.h
[0.799s] -- Up-to-date symlink: /home/ryu/ros2_ws/install/interfaces_pkg/include/interfaces_pkg/interfaces_pkg/msg/detection.h
[0.799s] -- Up-to-date symlink: /home/ryu/ros2_ws/install/interfaces_pkg/include/interfaces_pkg/interfaces_pkg/msg/detection_array.h
[0.800s] -- Up-to-date symlink: /home/ryu/ros2_ws/install/interfaces_pkg/include/interfaces_pkg/interfaces_pkg/msg/key_point2_d.h
[0.800s] -- Up-to-date symlink: /home/ryu/ros2_ws/install/interfaces_pkg/include/interfaces_pkg/interfaces_pkg/msg/key_point2_d_array.h
[0.800s] -- Up-to-date symlink: /home/ryu/ros2_ws/install/interfaces_pkg/include/interfaces_pkg/interfaces_pkg/msg/key_point3_d.h
[0.800s] -- Up-to-date symlink: /home/ryu/ros2_ws/install/interfaces_pkg/include/interfaces_pkg/interfaces_pkg/msg/key_point3_d_array.h
[0.800s] -- Up-to-date symlink: /home/ryu/ros2_ws/install/interfaces_pkg/include/interfaces_pkg/interfaces_pkg/msg/lane_info.h
[0.800s] -- Up-to-date symlink: /home/ryu/ros2_ws/install/interfaces_pkg/include/interfaces_pkg/interfaces_pkg/msg/mask.h
[0.800s] -- Up-to-date symlink: /home/ryu/ros2_ws/install/interfaces_pkg/include/interfaces_pkg/interfaces_pkg/msg/motion_command.h
[0.800s] -- Up-to-date symlink: /home/ryu/ros2_ws/install/interfaces_pkg/include/interfaces_pkg/interfaces_pkg/msg/path_planning_result.h
[0.801s] -- Up-to-date symlink: /home/ryu/ros2_ws/install/interfaces_pkg/include/interfaces_pkg/interfaces_pkg/msg/point2_d.h
[0.801s] -- Up-to-date symlink: /home/ryu/ros2_ws/install/interfaces_pkg/include/interfaces_pkg/interfaces_pkg/msg/pose2_d.h
[0.801s] -- Up-to-date symlink: /home/ryu/ros2_ws/install/interfaces_pkg/include/interfaces_pkg/interfaces_pkg/msg/rosidl_generator_c__visibility_control.h
[0.801s] -- Up-to-date symlink: /home/ryu/ros2_ws/install/interfaces_pkg/include/interfaces_pkg/interfaces_pkg/msg/target_point.h
[0.801s] -- Up-to-date symlink: /home/ryu/ros2_ws/install/interfaces_pkg/include/interfaces_pkg/interfaces_pkg/msg/vector2.h
[0.801s] -- Up-to-date symlink: /home/ryu/ros2_ws/install/interfaces_pkg/share/interfaces_pkg/environment/library_path.sh
[0.801s] -- Up-to-date symlink: /home/ryu/ros2_ws/install/interfaces_pkg/share/interfaces_pkg/environment/library_path.dsv
[0.803s] -- Up-to-date symlink: /home/ryu/ros2_ws/install/interfaces_pkg/include/interfaces_pkg/interfaces_pkg/msg/detail/bounding_box2_d__rosidl_typesupport_fastrtps_c.h
[0.803s] -- Up-to-date symlink: /home/ryu/ros2_ws/install/interfaces_pkg/include/interfaces_pkg/interfaces_pkg/msg/detail/bounding_box3_d__rosidl_typesupport_fastrtps_c.h
[0.803s] -- Up-to-date symlink: /home/ryu/ros2_ws/install/interfaces_pkg/include/interfaces_pkg/interfaces_pkg/msg/detail/detection__rosidl_typesupport_fastrtps_c.h
[0.803s] -- Up-to-date symlink: /home/ryu/ros2_ws/install/interfaces_pkg/include/interfaces_pkg/interfaces_pkg/msg/detail/detection_array__rosidl_typesupport_fastrtps_c.h
[0.803s] -- Up-to-date symlink: /home/ryu/ros2_ws/install/interfaces_pkg/include/interfaces_pkg/interfaces_pkg/msg/detail/key_point2_d__rosidl_typesupport_fastrtps_c.h
[0.803s] -- Up-to-date symlink: /home/ryu/ros2_ws/install/interfaces_pkg/include/interfaces_pkg/interfaces_pkg/msg/detail/key_point2_d_array__rosidl_typesupport_fastrtps_c.h
[0.803s] -- Up-to-date symlink: /home/ryu/ros2_ws/install/interfaces_pkg/include/interfaces_pkg/interfaces_pkg/msg/detail/key_point3_d__rosidl_typesupport_fastrtps_c.h
[0.803s] -- Up-to-date symlink: /home/ryu/ros2_ws/install/interfaces_pkg/include/interfaces_pkg/interfaces_pkg/msg/detail/key_point3_d_array__rosidl_typesupport_fastrtps_c.h
[0.804s] -- Up-to-date symlink: /home/ryu/ros2_ws/install/interfaces_pkg/include/interfaces_pkg/interfaces_pkg/msg/detail/lane_info__rosidl_typesupport_fastrtps_c.h
[0.804s] -- Up-to-date symlink: /home/ryu/ros2_ws/install/interfaces_pkg/include/interfaces_pkg/interfaces_pkg/msg/detail/mask__rosidl_typesupport_fastrtps_c.h
[0.804s] -- Up-to-date symlink: /home/ryu/ros2_ws/install/interfaces_pkg/include/interfaces_pkg/interfaces_pkg/msg/detail/motion_command__rosidl_typesupport_fastrtps_c.h
[0.804s] -- Up-to-date symlink: /home/ryu/ros2_ws/install/interfaces_pkg/include/interfaces_pkg/interfaces_pkg/msg/detail/path_planning_result__rosidl_typesupport_fastrtps_c.h
[0.804s] -- Up-to-date symlink: /home/ryu/ros2_ws/install/interfaces_pkg/include/interfaces_pkg/interfaces_pkg/msg/detail/point2_d__rosidl_typesupport_fastrtps_c.h
[0.804s] -- Up-to-date symlink: /home/ryu/ros2_ws/install/interfaces_pkg/include/interfaces_pkg/interfaces_pkg/msg/detail/pose2_d__rosidl_typesupport_fastrtps_c.h
[0.804s] -- Up-to-date symlink: /home/ryu/ros2_ws/install/interfaces_pkg/include/interfaces_pkg/interfaces_pkg/msg/detail/target_point__rosidl_typesupport_fastrtps_c.h
[0.805s] -- Up-to-date symlink: /home/ryu/ros2_ws/install/interfaces_pkg/include/interfaces_pkg/interfaces_pkg/msg/detail/vector2__rosidl_typesupport_fastrtps_c.h
[0.805s] -- Up-to-date symlink: /home/ryu/ros2_ws/install/interfaces_pkg/include/interfaces_pkg/interfaces_pkg/msg/rosidl_typesupport_fastrtps_c__visibility_control.h
[0.805s] -- Up-to-date symlink: /home/ryu/ros2_ws/install/interfaces_pkg/include/interfaces_pkg/interfaces_pkg/msg/detail/bounding_box2_d__rosidl_typesupport_introspection_c.h
[0.806s] -- Up-to-date symlink: /home/ryu/ros2_ws/install/interfaces_pkg/include/interfaces_pkg/interfaces_pkg/msg/detail/bounding_box3_d__rosidl_typesupport_introspection_c.h
[0.806s] -- Up-to-date symlink: /home/ryu/ros2_ws/install/interfaces_pkg/include/interfaces_pkg/interfaces_pkg/msg/detail/detection__rosidl_typesupport_introspection_c.h
[0.806s] -- Up-to-date symlink: /home/ryu/ros2_ws/install/interfaces_pkg/include/interfaces_pkg/interfaces_pkg/msg/detail/detection_array__rosidl_typesupport_introspection_c.h
[0.806s] -- Up-to-date symlink: /home/ryu/ros2_ws/install/interfaces_pkg/include/interfaces_pkg/interfaces_pkg/msg/detail/key_point2_d__rosidl_typesupport_introspection_c.h
[0.806s] -- Up-to-date symlink: /home/ryu/ros2_ws/install/interfaces_pkg/include/interfaces_pkg/interfaces_pkg/msg/detail/key_point2_d_array__rosidl_typesupport_introspection_c.h
[0.806s] -- Up-to-date symlink: /home/ryu/ros2_ws/install/interfaces_pkg/include/interfaces_pkg/interfaces_pkg/msg/detail/key_point3_d__rosidl_typesupport_introspection_c.h
[0.806s] -- Up-to-date symlink: /home/ryu/ros2_ws/install/interfaces_pkg/include/interfaces_pkg/interfaces_pkg/msg/detail/key_point3_d_array__rosidl_typesupport_introspection_c.h
[0.806s] -- Up-to-date symlink: /home/ryu/ros2_ws/install/interfaces_pkg/include/interfaces_pkg/interfaces_pkg/msg/detail/lane_info__rosidl_typesupport_introspection_c.h
[0.807s] -- Up-to-date symlink: /home/ryu/ros2_ws/install/interfaces_pkg/include/interfaces_pkg/interfaces_pkg/msg/detail/mask__rosidl_typesupport_introspection_c.h
[0.807s] -- Up-to-date symlink: /home/ryu/ros2_ws/install/interfaces_pkg/include/interfaces_pkg/interfaces_pkg/msg/detail/motion_command__rosidl_typesupport_introspection_c.h
[0.807s] -- Up-to-date symlink: /home/ryu/ros2_ws/install/interfaces_pkg/include/interfaces_pkg/interfaces_pkg/msg/detail/path_planning_result__rosidl_typesupport_introspection_c.h
[0.807s] -- Up-to-date symlink: /home/ryu/ros2_ws/install/interfaces_pkg/include/interfaces_pkg/interfaces_pkg/msg/detail/point2_d__rosidl_typesupport_introspection_c.h
[0.807s] -- Up-to-date symlink: /home/ryu/ros2_ws/install/interfaces_pkg/include/interfaces_pkg/interfaces_pkg/msg/detail/pose2_d__rosidl_typesupport_introspection_c.h
[0.807s] -- Up-to-date symlink: /home/ryu/ros2_ws/install/interfaces_pkg/include/interfaces_pkg/interfaces_pkg/msg/detail/target_point__rosidl_typesupport_introspection_c.h
[0.808s] -- Up-to-date symlink: /home/ryu/ros2_ws/install/interfaces_pkg/include/interfaces_pkg/interfaces_pkg/msg/detail/vector2__rosidl_typesupport_introspection_c.h
[0.808s] -- Up-to-date symlink: /home/ryu/ros2_ws/install/interfaces_pkg/include/interfaces_pkg/interfaces_pkg/msg/rosidl_typesupport_introspection_c__visibility_control.h
[0.809s] -- Up-to-date symlink: /home/ryu/ros2_ws/install/interfaces_pkg/include/interfaces_pkg/interfaces_pkg/msg/bounding_box2_d.hpp
[0.809s] -- Up-to-date symlink: /home/ryu/ros2_ws/install/interfaces_pkg/include/interfaces_pkg/interfaces_pkg/msg/bounding_box3_d.hpp
[0.809s] -- Up-to-date symlink: /home/ryu/ros2_ws/install/interfaces_pkg/include/interfaces_pkg/interfaces_pkg/msg/detail/bounding_box2_d__builder.hpp
[0.809s] -- Up-to-date symlink: /home/ryu/ros2_ws/install/interfaces_pkg/include/interfaces_pkg/interfaces_pkg/msg/detail/bounding_box2_d__struct.hpp
[0.810s] -- Up-to-date symlink: /home/ryu/ros2_ws/install/interfaces_pkg/include/interfaces_pkg/interfaces_pkg/msg/detail/bounding_box2_d__traits.hpp
[0.810s] -- Up-to-date symlink: /home/ryu/ros2_ws/install/interfaces_pkg/include/interfaces_pkg/interfaces_pkg/msg/detail/bounding_box2_d__type_support.hpp
[0.810s] -- Up-to-date symlink: /home/ryu/ros2_ws/install/interfaces_pkg/include/interfaces_pkg/interfaces_pkg/msg/detail/bounding_box3_d__builder.hpp
[0.810s] -- Up-to-date symlink: /home/ryu/ros2_ws/install/interfaces_pkg/include/interfaces_pkg/interfaces_pkg/msg/detail/bounding_box3_d__struct.hpp
[0.810s] -- Up-to-date symlink: /home/ryu/ros2_ws/install/interfaces_pkg/include/interfaces_pkg/interfaces_pkg/msg/detail/bounding_box3_d__traits.hpp
[0.810s] -- Up-to-date symlink: /home/ryu/ros2_ws/install/interfaces_pkg/include/interfaces_pkg/interfaces_pkg/msg/detail/bounding_box3_d__type_support.hpp
[0.810s] -- Up-to-date symlink: /home/ryu/ros2_ws/install/interfaces_pkg/include/interfaces_pkg/interfaces_pkg/msg/detail/detection__builder.hpp
[0.811s] -- Up-to-date symlink: /home/ryu/ros2_ws/install/interfaces_pkg/include/interfaces_pkg/interfaces_pkg/msg/detail/detection__struct.hpp
[0.811s] -- Up-to-date symlink: /home/ryu/ros2_ws/install/interfaces_pkg/include/interfaces_pkg/interfaces_pkg/msg/detail/detection__traits.hpp
[0.811s] -- Up-to-date symlink: /home/ryu/ros2_ws/install/interfaces_pkg/include/interfaces_pkg/interfaces_pkg/msg/detail/detection__type_support.hpp
[0.811s] -- Up-to-date symlink: /home/ryu/ros2_ws/install/interfaces_pkg/include/interfaces_pkg/interfaces_pkg/msg/detail/detection_array__builder.hpp
[0.811s] -- Up-to-date symlink: /home/ryu/ros2_ws/install/interfaces_pkg/include/interfaces_pkg/interfaces_pkg/msg/detail/detection_array__struct.hpp
[0.811s] -- Up-to-date symlink: /home/ryu/ros2_ws/install/interfaces_pkg/include/interfaces_pkg/interfaces_pkg/msg/detail/detection_array__traits.hpp
[0.811s] -- Up-to-date symlink: /home/ryu/ros2_ws/install/interfaces_pkg/include/interfaces_pkg/interfaces_pkg/msg/detail/detection_array__type_support.hpp
[0.811s] -- Up-to-date symlink: /home/ryu/ros2_ws/install/interfaces_pkg/include/interfaces_pkg/interfaces_pkg/msg/detail/key_point2_d__builder.hpp
[0.812s] -- Up-to-date symlink: /home/ryu/ros2_ws/install/interfaces_pkg/include/interfaces_pkg/interfaces_pkg/msg/detail/key_point2_d__struct.hpp
[0.812s] -- Up-to-date symlink: /home/ryu/ros2_ws/install/interfaces_pkg/include/interfaces_pkg/interfaces_pkg/msg/detail/key_point2_d__traits.hpp
[0.812s] -- Up-to-date symlink: /home/ryu/ros2_ws/install/interfaces_pkg/include/interfaces_pkg/interfaces_pkg/msg/detail/key_point2_d__type_support.hpp
[0.812s] -- Up-to-date symlink: /home/ryu/ros2_ws/install/interfaces_pkg/include/interfaces_pkg/interfaces_pkg/msg/detail/key_point2_d_array__builder.hpp
[0.812s] -- Up-to-date symlink: /home/ryu/ros2_ws/install/interfaces_pkg/include/interfaces_pkg/interfaces_pkg/msg/detail/key_point2_d_array__struct.hpp
[0.812s] -- Up-to-date symlink: /home/ryu/ros2_ws/install/interfaces_pkg/include/interfaces_pkg/interfaces_pkg/msg/detail/key_point2_d_array__traits.hpp
[0.812s] -- Up-to-date symlink: /home/ryu/ros2_ws/install/interfaces_pkg/include/interfaces_pkg/interfaces_pkg/msg/detail/key_point2_d_array__type_support.hpp
[0.813s] -- Up-to-date symlink: /home/ryu/ros2_ws/install/interfaces_pkg/include/interfaces_pkg/interfaces_pkg/msg/detail/key_point3_d__builder.hpp
[0.813s] -- Up-to-date symlink: /home/ryu/ros2_ws/install/interfaces_pkg/include/interfaces_pkg/interfaces_pkg/msg/detail/key_point3_d__struct.hpp
[0.813s] -- Up-to-date symlink: /home/ryu/ros2_ws/install/interfaces_pkg/include/interfaces_pkg/interfaces_pkg/msg/detail/key_point3_d__traits.hpp
[0.813s] -- Up-to-date symlink: /home/ryu/ros2_ws/install/interfaces_pkg/include/interfaces_pkg/interfaces_pkg/msg/detail/key_point3_d__type_support.hpp
[0.813s] -- Up-to-date symlink: /home/ryu/ros2_ws/install/interfaces_pkg/include/interfaces_pkg/interfaces_pkg/msg/detail/key_point3_d_array__builder.hpp
[0.813s] -- Up-to-date symlink: /home/ryu/ros2_ws/install/interfaces_pkg/include/interfaces_pkg/interfaces_pkg/msg/detail/key_point3_d_array__struct.hpp
[0.813s] -- Up-to-date symlink: /home/ryu/ros2_ws/install/interfaces_pkg/include/interfaces_pkg/interfaces_pkg/msg/detail/key_point3_d_array__traits.hpp
[0.813s] -- Up-to-date symlink: /home/ryu/ros2_ws/install/interfaces_pkg/include/interfaces_pkg/interfaces_pkg/msg/detail/key_point3_d_array__type_support.hpp
[0.814s] -- Up-to-date symlink: /home/ryu/ros2_ws/install/interfaces_pkg/include/interfaces_pkg/interfaces_pkg/msg/detail/lane_info__builder.hpp
[0.814s] -- Up-to-date symlink: /home/ryu/ros2_ws/install/interfaces_pkg/include/interfaces_pkg/interfaces_pkg/msg/detail/lane_info__struct.hpp
[0.814s] -- Up-to-date symlink: /home/ryu/ros2_ws/install/interfaces_pkg/include/interfaces_pkg/interfaces_pkg/msg/detail/lane_info__traits.hpp
[0.814s] -- Up-to-date symlink: /home/ryu/ros2_ws/install/interfaces_pkg/include/interfaces_pkg/interfaces_pkg/msg/detail/lane_info__type_support.hpp
[0.814s] -- Up-to-date symlink: /home/ryu/ros2_ws/install/interfaces_pkg/include/interfaces_pkg/interfaces_pkg/msg/detail/mask__builder.hpp
[0.814s] -- Up-to-date symlink: /home/ryu/ros2_ws/install/interfaces_pkg/include/interfaces_pkg/interfaces_pkg/msg/detail/mask__struct.hpp
[0.814s] -- Up-to-date symlink: /home/ryu/ros2_ws/install/interfaces_pkg/include/interfaces_pkg/interfaces_pkg/msg/detail/mask__traits.hpp
[0.815s] -- Up-to-date symlink: /home/ryu/ros2_ws/install/interfaces_pkg/include/interfaces_pkg/interfaces_pkg/msg/detail/mask__type_support.hpp
[0.815s] -- Up-to-date symlink: /home/ryu/ros2_ws/install/interfaces_pkg/include/interfaces_pkg/interfaces_pkg/msg/detail/motion_command__builder.hpp
[0.815s] -- Up-to-date symlink: /home/ryu/ros2_ws/install/interfaces_pkg/include/interfaces_pkg/interfaces_pkg/msg/detail/motion_command__struct.hpp
[0.815s] -- Up-to-date symlink: /home/ryu/ros2_ws/install/interfaces_pkg/include/interfaces_pkg/interfaces_pkg/msg/detail/motion_command__traits.hpp
[0.815s] -- Up-to-date symlink: /home/ryu/ros2_ws/install/interfaces_pkg/include/interfaces_pkg/interfaces_pkg/msg/detail/motion_command__type_support.hpp
[0.815s] -- Up-to-date symlink: /home/ryu/ros2_ws/install/interfaces_pkg/include/interfaces_pkg/interfaces_pkg/msg/detail/path_planning_result__builder.hpp
[0.815s] -- Up-to-date symlink: /home/ryu/ros2_ws/install/interfaces_pkg/include/interfaces_pkg/interfaces_pkg/msg/detail/path_planning_result__struct.hpp
[0.815s] -- Up-to-date symlink: /home/ryu/ros2_ws/install/interfaces_pkg/include/interfaces_pkg/interfaces_pkg/msg/detail/path_planning_result__traits.hpp
[0.816s] -- Up-to-date symlink: /home/ryu/ros2_ws/install/interfaces_pkg/include/interfaces_pkg/interfaces_pkg/msg/detail/path_planning_result__type_support.hpp
[0.816s] -- Up-to-date symlink: /home/ryu/ros2_ws/install/interfaces_pkg/include/interfaces_pkg/interfaces_pkg/msg/detail/point2_d__builder.hpp
[0.816s] -- Up-to-date symlink: /home/ryu/ros2_ws/install/interfaces_pkg/include/interfaces_pkg/interfaces_pkg/msg/detail/point2_d__struct.hpp
[0.816s] -- Up-to-date symlink: /home/ryu/ros2_ws/install/interfaces_pkg/include/interfaces_pkg/interfaces_pkg/msg/detail/point2_d__traits.hpp
[0.816s] -- Up-to-date symlink: /home/ryu/ros2_ws/install/interfaces_pkg/include/interfaces_pkg/interfaces_pkg/msg/detail/point2_d__type_support.hpp
[0.816s] -- Up-to-date symlink: /home/ryu/ros2_ws/install/interfaces_pkg/include/interfaces_pkg/interfaces_pkg/msg/detail/pose2_d__builder.hpp
[0.816s] -- Up-to-date symlink: /home/ryu/ros2_ws/install/interfaces_pkg/include/interfaces_pkg/interfaces_pkg/msg/detail/pose2_d__struct.hpp
[0.816s] -- Up-to-date symlink: /home/ryu/ros2_ws/install/interfaces_pkg/include/interfaces_pkg/interfaces_pkg/msg/detail/pose2_d__traits.hpp
[0.817s] -- Up-to-date symlink: /home/ryu/ros2_ws/install/interfaces_pkg/include/interfaces_pkg/interfaces_pkg/msg/detail/pose2_d__type_support.hpp
[0.817s] -- Up-to-date symlink: /home/ryu/ros2_ws/install/interfaces_pkg/include/interfaces_pkg/interfaces_pkg/msg/detail/target_point__builder.hpp
[0.817s] -- Up-to-date symlink: /home/ryu/ros2_ws/install/interfaces_pkg/include/interfaces_pkg/interfaces_pkg/msg/detail/target_point__struct.hpp
[0.817s] -- Up-to-date symlink: /home/ryu/ros2_ws/install/interfaces_pkg/include/interfaces_pkg/interfaces_pkg/msg/detail/target_point__traits.hpp
[0.817s] -- Up-to-date symlink: /home/ryu/ros2_ws/install/interfaces_pkg/include/interfaces_pkg/interfaces_pkg/msg/detail/target_point__type_support.hpp
[0.817s] -- Up-to-date symlink: /home/ryu/ros2_ws/install/interfaces_pkg/include/interfaces_pkg/interfaces_pkg/msg/detail/vector2__builder.hpp
[0.817s] -- Up-to-date symlink: /home/ryu/ros2_ws/install/interfaces_pkg/include/interfaces_pkg/interfaces_pkg/msg/detail/vector2__struct.hpp
[0.818s] -- Up-to-date symlink: /home/ryu/ros2_ws/install/interfaces_pkg/include/interfaces_pkg/interfaces_pkg/msg/detail/vector2__traits.hpp
[0.818s] -- Up-to-date symlink: /home/ryu/ros2_ws/install/interfaces_pkg/include/interfaces_pkg/interfaces_pkg/msg/detail/vector2__type_support.hpp
[0.818s] -- Up-to-date symlink: /home/ryu/ros2_ws/install/interfaces_pkg/include/interfaces_pkg/interfaces_pkg/msg/detection.hpp
[0.818s] -- Up-to-date symlink: /home/ryu/ros2_ws/install/interfaces_pkg/include/interfaces_pkg/interfaces_pkg/msg/detection_array.hpp
[0.818s] -- Up-to-date symlink: /home/ryu/ros2_ws/install/interfaces_pkg/include/interfaces_pkg/interfaces_pkg/msg/key_point2_d.hpp
[0.818s] -- Up-to-date symlink: /home/ryu/ros2_ws/install/interfaces_pkg/include/interfaces_pkg/interfaces_pkg/msg/key_point2_d_array.hpp
[0.818s] -- Up-to-date symlink: /home/ryu/ros2_ws/install/interfaces_pkg/include/interfaces_pkg/interfaces_pkg/msg/key_point3_d.hpp
[0.818s] -- Up-to-date symlink: /home/ryu/ros2_ws/install/interfaces_pkg/include/interfaces_pkg/interfaces_pkg/msg/key_point3_d_array.hpp
[0.819s] -- Up-to-date symlink: /home/ryu/ros2_ws/install/interfaces_pkg/include/interfaces_pkg/interfaces_pkg/msg/lane_info.hpp
[0.819s] -- Up-to-date symlink: /home/ryu/ros2_ws/install/interfaces_pkg/include/interfaces_pkg/interfaces_pkg/msg/mask.hpp
[0.819s] -- Up-to-date symlink: /home/ryu/ros2_ws/install/interfaces_pkg/include/interfaces_pkg/interfaces_pkg/msg/motion_command.hpp
[0.819s] -- Up-to-date symlink: /home/ryu/ros2_ws/install/interfaces_pkg/include/interfaces_pkg/interfaces_pkg/msg/path_planning_result.hpp
[0.819s] -- Up-to-date symlink: /home/ryu/ros2_ws/install/interfaces_pkg/include/interfaces_pkg/interfaces_pkg/msg/point2_d.hpp
[0.819s] -- Up-to-date symlink: /home/ryu/ros2_ws/install/interfaces_pkg/include/interfaces_pkg/interfaces_pkg/msg/pose2_d.hpp
[0.819s] -- Up-to-date symlink: /home/ryu/ros2_ws/install/interfaces_pkg/include/interfaces_pkg/interfaces_pkg/msg/rosidl_generator_cpp__visibility_control.hpp
[0.820s] -- Up-to-date symlink: /home/ryu/ros2_ws/install/interfaces_pkg/include/interfaces_pkg/interfaces_pkg/msg/target_point.hpp
[0.820s] -- Up-to-date symlink: /home/ryu/ros2_ws/install/interfaces_pkg/include/interfaces_pkg/interfaces_pkg/msg/vector2.hpp
[0.821s] -- Up-to-date symlink: /home/ryu/ros2_ws/install/interfaces_pkg/include/interfaces_pkg/interfaces_pkg/msg/detail/bounding_box2_d__rosidl_typesupport_fastrtps_cpp.hpp
[0.821s] -- Up-to-date symlink: /home/ryu/ros2_ws/install/interfaces_pkg/include/interfaces_pkg/interfaces_pkg/msg/detail/bounding_box3_d__rosidl_typesupport_fastrtps_cpp.hpp
[0.821s] -- Up-to-date symlink: /home/ryu/ros2_ws/install/interfaces_pkg/include/interfaces_pkg/interfaces_pkg/msg/detail/detection__rosidl_typesupport_fastrtps_cpp.hpp
[0.821s] -- Up-to-date symlink: /home/ryu/ros2_ws/install/interfaces_pkg/include/interfaces_pkg/interfaces_pkg/msg/detail/detection_array__rosidl_typesupport_fastrtps_cpp.hpp
[0.821s] -- Up-to-date symlink: /home/ryu/ros2_ws/install/interfaces_pkg/include/interfaces_pkg/interfaces_pkg/msg/detail/key_point2_d__rosidl_typesupport_fastrtps_cpp.hpp
[0.821s] -- Up-to-date symlink: /home/ryu/ros2_ws/install/interfaces_pkg/include/interfaces_pkg/interfaces_pkg/msg/detail/key_point2_d_array__rosidl_typesupport_fastrtps_cpp.hpp
[0.822s] -- Up-to-date symlink: /home/ryu/ros2_ws/install/interfaces_pkg/include/interfaces_pkg/interfaces_pkg/msg/detail/key_point3_d__rosidl_typesupport_fastrtps_cpp.hpp
[0.822s] -- Up-to-date symlink: /home/ryu/ros2_ws/install/interfaces_pkg/include/interfaces_pkg/interfaces_pkg/msg/detail/key_point3_d_array__rosidl_typesupport_fastrtps_cpp.hpp
[0.822s] -- Up-to-date symlink: /home/ryu/ros2_ws/install/interfaces_pkg/include/interfaces_pkg/interfaces_pkg/msg/detail/lane_info__rosidl_typesupport_fastrtps_cpp.hpp
[0.822s] -- Up-to-date symlink: /home/ryu/ros2_ws/install/interfaces_pkg/include/interfaces_pkg/interfaces_pkg/msg/detail/mask__rosidl_typesupport_fastrtps_cpp.hpp
[0.822s] -- Up-to-date symlink: /home/ryu/ros2_ws/install/interfaces_pkg/include/interfaces_pkg/interfaces_pkg/msg/detail/motion_command__rosidl_typesupport_fastrtps_cpp.hpp
[0.822s] -- Up-to-date symlink: /home/ryu/ros2_ws/install/interfaces_pkg/include/interfaces_pkg/interfaces_pkg/msg/detail/path_planning_result__rosidl_typesupport_fastrtps_cpp.hpp
[0.822s] -- Up-to-date symlink: /home/ryu/ros2_ws/install/interfaces_pkg/include/interfaces_pkg/interfaces_pkg/msg/detail/point2_d__rosidl_typesupport_fastrtps_cpp.hpp
[0.823s] -- Up-to-date symlink: /home/ryu/ros2_ws/install/interfaces_pkg/include/interfaces_pkg/interfaces_pkg/msg/detail/pose2_d__rosidl_typesupport_fastrtps_cpp.hpp
[0.823s] -- Up-to-date symlink: /home/ryu/ros2_ws/install/interfaces_pkg/include/interfaces_pkg/interfaces_pkg/msg/detail/target_point__rosidl_typesupport_fastrtps_cpp.hpp
[0.823s] -- Up-to-date symlink: /home/ryu/ros2_ws/install/interfaces_pkg/include/interfaces_pkg/interfaces_pkg/msg/detail/vector2__rosidl_typesupport_fastrtps_cpp.hpp
[0.823s] -- Up-to-date symlink: /home/ryu/ros2_ws/install/interfaces_pkg/include/interfaces_pkg/interfaces_pkg/msg/rosidl_typesupport_fastrtps_cpp__visibility_control.h
[0.824s] -- Up-to-date symlink: /home/ryu/ros2_ws/install/interfaces_pkg/include/interfaces_pkg/interfaces_pkg/msg/detail/bounding_box2_d__rosidl_typesupport_introspection_cpp.hpp
[0.824s] -- Up-to-date symlink: /home/ryu/ros2_ws/install/interfaces_pkg/include/interfaces_pkg/interfaces_pkg/msg/detail/bounding_box3_d__rosidl_typesupport_introspection_cpp.hpp
[0.824s] -- Up-to-date symlink: /home/ryu/ros2_ws/install/interfaces_pkg/include/interfaces_pkg/interfaces_pkg/msg/detail/detection__rosidl_typesupport_introspection_cpp.hpp
[0.824s] -- Up-to-date symlink: /home/ryu/ros2_ws/install/interfaces_pkg/include/interfaces_pkg/interfaces_pkg/msg/detail/detection_array__rosidl_typesupport_introspection_cpp.hpp
[0.824s] -- Up-to-date symlink: /home/ryu/ros2_ws/install/interfaces_pkg/include/interfaces_pkg/interfaces_pkg/msg/detail/key_point2_d__rosidl_typesupport_introspection_cpp.hpp
[0.824s] -- Up-to-date symlink: /home/ryu/ros2_ws/install/interfaces_pkg/include/interfaces_pkg/interfaces_pkg/msg/detail/key_point2_d_array__rosidl_typesupport_introspection_cpp.hpp
[0.824s] -- Up-to-date symlink: /home/ryu/ros2_ws/install/interfaces_pkg/include/interfaces_pkg/interfaces_pkg/msg/detail/key_point3_d__rosidl_typesupport_introspection_cpp.hpp
[0.825s] -- Up-to-date symlink: /home/ryu/ros2_ws/install/interfaces_pkg/include/interfaces_pkg/interfaces_pkg/msg/detail/key_point3_d_array__rosidl_typesupport_introspection_cpp.hpp
[0.825s] -- Up-to-date symlink: /home/ryu/ros2_ws/install/interfaces_pkg/include/interfaces_pkg/interfaces_pkg/msg/detail/lane_info__rosidl_typesupport_introspection_cpp.hpp
[0.825s] -- Up-to-date symlink: /home/ryu/ros2_ws/install/interfaces_pkg/include/interfaces_pkg/interfaces_pkg/msg/detail/mask__rosidl_typesupport_introspection_cpp.hpp
[0.825s] -- Up-to-date symlink: /home/ryu/ros2_ws/install/interfaces_pkg/include/interfaces_pkg/interfaces_pkg/msg/detail/motion_command__rosidl_typesupport_introspection_cpp.hpp
[0.825s] -- Up-to-date symlink: /home/ryu/ros2_ws/install/interfaces_pkg/include/interfaces_pkg/interfaces_pkg/msg/detail/path_planning_result__rosidl_typesupport_introspection_cpp.hpp
[0.825s] -- Up-to-date symlink: /home/ryu/ros2_ws/install/interfaces_pkg/include/interfaces_pkg/interfaces_pkg/msg/detail/point2_d__rosidl_typesupport_introspection_cpp.hpp
[0.825s] -- Up-to-date symlink: /home/ryu/ros2_ws/install/interfaces_pkg/include/interfaces_pkg/interfaces_pkg/msg/detail/pose2_d__rosidl_typesupport_introspection_cpp.hpp
[0.825s] -- Up-to-date symlink: /home/ryu/ros2_ws/install/interfaces_pkg/include/interfaces_pkg/interfaces_pkg/msg/detail/target_point__rosidl_typesupport_introspection_cpp.hpp
[0.826s] -- Up-to-date symlink: /home/ryu/ros2_ws/install/interfaces_pkg/include/interfaces_pkg/interfaces_pkg/msg/detail/vector2__rosidl_typesupport_introspection_cpp.hpp
[0.826s] -- Up-to-date symlink: /home/ryu/ros2_ws/install/interfaces_pkg/share/interfaces_pkg/environment/pythonpath.sh
[0.826s] -- Up-to-date symlink: /home/ryu/ros2_ws/install/interfaces_pkg/share/interfaces_pkg/environment/pythonpath.dsv
[0.826s] -- Up-to-date symlink: /home/ryu/ros2_ws/install/interfaces_pkg/local/lib/python3.10/dist-packages/interfaces_pkg-0.0.0-py3.10.egg-info/PKG-INFO
[0.826s] -- Up-to-date symlink: /home/ryu/ros2_ws/install/interfaces_pkg/local/lib/python3.10/dist-packages/interfaces_pkg-0.0.0-py3.10.egg-info/SOURCES.txt
[0.827s] -- Up-to-date symlink: /home/ryu/ros2_ws/install/interfaces_pkg/local/lib/python3.10/dist-packages/interfaces_pkg-0.0.0-py3.10.egg-info/dependency_links.txt
[0.827s] -- Up-to-date symlink: /home/ryu/ros2_ws/install/interfaces_pkg/local/lib/python3.10/dist-packages/interfaces_pkg-0.0.0-py3.10.egg-info/top_level.txt
[0.828s] -- Up-to-date symlink: /home/ryu/ros2_ws/install/interfaces_pkg/local/lib/python3.10/dist-packages/interfaces_pkg/__init__.py
[0.828s] -- Up-to-date symlink: /home/ryu/ros2_ws/install/interfaces_pkg/local/lib/python3.10/dist-packages/interfaces_pkg/_interfaces_pkg_s.ep.rosidl_typesupport_c.c
[0.828s] -- Up-to-date symlink: /home/ryu/ros2_ws/install/interfaces_pkg/local/lib/python3.10/dist-packages/interfaces_pkg/_interfaces_pkg_s.ep.rosidl_typesupport_fastrtps_c.c
[0.828s] -- Up-to-date symlink: /home/ryu/ros2_ws/install/interfaces_pkg/local/lib/python3.10/dist-packages/interfaces_pkg/_interfaces_pkg_s.ep.rosidl_typesupport_introspection_c.c
[0.828s] -- Up-to-date symlink: /home/ryu/ros2_ws/install/interfaces_pkg/local/lib/python3.10/dist-packages/interfaces_pkg/interfaces_pkg_s__rosidl_typesupport_c.cpython-310-x86_64-linux-gnu.so
[0.828s] -- Up-to-date symlink: /home/ryu/ros2_ws/install/interfaces_pkg/local/lib/python3.10/dist-packages/interfaces_pkg/interfaces_pkg_s__rosidl_typesupport_fastrtps_c.cpython-310-x86_64-linux-gnu.so
[0.828s] -- Up-to-date symlink: /home/ryu/ros2_ws/install/interfaces_pkg/local/lib/python3.10/dist-packages/interfaces_pkg/interfaces_pkg_s__rosidl_typesupport_introspection_c.cpython-310-x86_64-linux-gnu.so
[0.829s] -- Up-to-date symlink: /home/ryu/ros2_ws/install/interfaces_pkg/local/lib/python3.10/dist-packages/interfaces_pkg/libinterfaces_pkg__rosidl_generator_py.so
[0.829s] -- Up-to-date symlink: /home/ryu/ros2_ws/install/interfaces_pkg/local/lib/python3.10/dist-packages/interfaces_pkg/msg/__init__.py
[0.829s] -- Up-to-date symlink: /home/ryu/ros2_ws/install/interfaces_pkg/local/lib/python3.10/dist-packages/interfaces_pkg/msg/_bounding_box2_d.py
[0.829s] -- Up-to-date symlink: /home/ryu/ros2_ws/install/interfaces_pkg/local/lib/python3.10/dist-packages/interfaces_pkg/msg/_bounding_box2_d_s.c
[0.829s] -- Up-to-date symlink: /home/ryu/ros2_ws/install/interfaces_pkg/local/lib/python3.10/dist-packages/interfaces_pkg/msg/_bounding_box3_d.py
[0.829s] -- Up-to-date symlink: /home/ryu/ros2_ws/install/interfaces_pkg/local/lib/python3.10/dist-packages/interfaces_pkg/msg/_bounding_box3_d_s.c
[0.829s] -- Up-to-date symlink: /home/ryu/ros2_ws/install/interfaces_pkg/local/lib/python3.10/dist-packages/interfaces_pkg/msg/_detection.py
[0.829s] -- Up-to-date symlink: /home/ryu/ros2_ws/install/interfaces_pkg/local/lib/python3.10/dist-packages/interfaces_pkg/msg/_detection_array.py
[0.830s] -- Up-to-date symlink: /home/ryu/ros2_ws/install/interfaces_pkg/local/lib/python3.10/dist-packages/interfaces_pkg/msg/_detection_array_s.c
[0.830s] -- Up-to-date symlink: /home/ryu/ros2_ws/install/interfaces_pkg/local/lib/python3.10/dist-packages/interfaces_pkg/msg/_detection_s.c
[0.830s] -- Up-to-date symlink: /home/ryu/ros2_ws/install/interfaces_pkg/local/lib/python3.10/dist-packages/interfaces_pkg/msg/_key_point2_d.py
[0.830s] -- Up-to-date symlink: /home/ryu/ros2_ws/install/interfaces_pkg/local/lib/python3.10/dist-packages/interfaces_pkg/msg/_key_point2_d_array.py
[0.830s] -- Up-to-date symlink: /home/ryu/ros2_ws/install/interfaces_pkg/local/lib/python3.10/dist-packages/interfaces_pkg/msg/_key_point2_d_array_s.c
[0.830s] -- Up-to-date symlink: /home/ryu/ros2_ws/install/interfaces_pkg/local/lib/python3.10/dist-packages/interfaces_pkg/msg/_key_point2_d_s.c
[0.830s] -- Up-to-date symlink: /home/ryu/ros2_ws/install/interfaces_pkg/local/lib/python3.10/dist-packages/interfaces_pkg/msg/_key_point3_d.py
[0.830s] -- Up-to-date symlink: /home/ryu/ros2_ws/install/interfaces_pkg/local/lib/python3.10/dist-packages/interfaces_pkg/msg/_key_point3_d_array.py
[0.831s] -- Up-to-date symlink: /home/ryu/ros2_ws/install/interfaces_pkg/local/lib/python3.10/dist-packages/interfaces_pkg/msg/_key_point3_d_array_s.c
[0.831s] -- Up-to-date symlink: /home/ryu/ros2_ws/install/interfaces_pkg/local/lib/python3.10/dist-packages/interfaces_pkg/msg/_key_point3_d_s.c
[0.831s] -- Up-to-date symlink: /home/ryu/ros2_ws/install/interfaces_pkg/local/lib/python3.10/dist-packages/interfaces_pkg/msg/_lane_info.py
[0.831s] -- Up-to-date symlink: /home/ryu/ros2_ws/install/interfaces_pkg/local/lib/python3.10/dist-packages/interfaces_pkg/msg/_lane_info_s.c
[0.831s] -- Up-to-date symlink: /home/ryu/ros2_ws/install/interfaces_pkg/local/lib/python3.10/dist-packages/interfaces_pkg/msg/_mask.py
[0.831s] -- Up-to-date symlink: /home/ryu/ros2_ws/install/interfaces_pkg/local/lib/python3.10/dist-packages/interfaces_pkg/msg/_mask_s.c
[0.831s] -- Up-to-date symlink: /home/ryu/ros2_ws/install/interfaces_pkg/local/lib/python3.10/dist-packages/interfaces_pkg/msg/_motion_command.py
[0.831s] -- Up-to-date symlink: /home/ryu/ros2_ws/install/interfaces_pkg/local/lib/python3.10/dist-packages/interfaces_pkg/msg/_motion_command_s.c
[0.831s] -- Up-to-date symlink: /home/ryu/ros2_ws/install/interfaces_pkg/local/lib/python3.10/dist-packages/interfaces_pkg/msg/_path_planning_result.py
[0.832s] -- Up-to-date symlink: /home/ryu/ros2_ws/install/interfaces_pkg/local/lib/python3.10/dist-packages/interfaces_pkg/msg/_path_planning_result_s.c
[0.832s] -- Up-to-date symlink: /home/ryu/ros2_ws/install/interfaces_pkg/local/lib/python3.10/dist-packages/interfaces_pkg/msg/_point2_d.py
[0.832s] -- Up-to-date symlink: /home/ryu/ros2_ws/install/interfaces_pkg/local/lib/python3.10/dist-packages/interfaces_pkg/msg/_point2_d_s.c
[0.832s] -- Up-to-date symlink: /home/ryu/ros2_ws/install/interfaces_pkg/local/lib/python3.10/dist-packages/interfaces_pkg/msg/_pose2_d.py
[0.832s] -- Up-to-date symlink: /home/ryu/ros2_ws/install/interfaces_pkg/local/lib/python3.10/dist-packages/interfaces_pkg/msg/_pose2_d_s.c
[0.832s] -- Up-to-date symlink: /home/ryu/ros2_ws/install/interfaces_pkg/local/lib/python3.10/dist-packages/interfaces_pkg/msg/_target_point.py
[0.832s] -- Up-to-date symlink: /home/ryu/ros2_ws/install/interfaces_pkg/local/lib/python3.10/dist-packages/interfaces_pkg/msg/_target_point_s.c
[0.832s] -- Up-to-date symlink: /home/ryu/ros2_ws/install/interfaces_pkg/local/lib/python3.10/dist-packages/interfaces_pkg/msg/_vector2.py
[0.832s] -- Up-to-date symlink: /home/ryu/ros2_ws/install/interfaces_pkg/local/lib/python3.10/dist-packages/interfaces_pkg/msg/_vector2_s.c
[0.833s] -- Up-to-date symlink: /home/ryu/ros2_ws/install/interfaces_pkg/local/lib/python3.10/dist-packages/interfaces_pkg/interfaces_pkg_s__rosidl_typesupport_fastrtps_c.cpython-310-x86_64-linux-gnu.so
[0.833s] -- Up-to-date symlink: /home/ryu/ros2_ws/install/interfaces_pkg/local/lib/python3.10/dist-packages/interfaces_pkg/interfaces_pkg_s__rosidl_typesupport_introspection_c.cpython-310-x86_64-linux-gnu.so
[0.833s] -- Up-to-date symlink: /home/ryu/ros2_ws/install/interfaces_pkg/local/lib/python3.10/dist-packages/interfaces_pkg/interfaces_pkg_s__rosidl_typesupport_c.cpython-310-x86_64-linux-gnu.so
[0.833s] -- Up-to-date symlink: /home/ryu/ros2_ws/install/interfaces_pkg/share/interfaces_pkg/msg/Point2D.idl
[0.834s] -- Up-to-date symlink: /home/ryu/ros2_ws/install/interfaces_pkg/share/interfaces_pkg/msg/Vector2.idl
[0.834s] -- Up-to-date symlink: /home/ryu/ros2_ws/install/interfaces_pkg/share/interfaces_pkg/msg/Pose2D.idl
[0.834s] -- Up-to-date symlink: /home/ryu/ros2_ws/install/interfaces_pkg/share/interfaces_pkg/msg/BoundingBox2D.idl
[0.834s] -- Up-to-date symlink: /home/ryu/ros2_ws/install/interfaces_pkg/share/interfaces_pkg/msg/BoundingBox3D.idl
[0.834s] -- Up-to-date symlink: /home/ryu/ros2_ws/install/interfaces_pkg/share/interfaces_pkg/msg/Mask.idl
[0.834s] -- Up-to-date symlink: /home/ryu/ros2_ws/install/interfaces_pkg/share/interfaces_pkg/msg/KeyPoint2D.idl
[0.834s] -- Up-to-date symlink: /home/ryu/ros2_ws/install/interfaces_pkg/share/interfaces_pkg/msg/KeyPoint2DArray.idl
[0.835s] -- Up-to-date symlink: /home/ryu/ros2_ws/install/interfaces_pkg/share/interfaces_pkg/msg/KeyPoint3D.idl
[0.835s] -- Up-to-date symlink: /home/ryu/ros2_ws/install/interfaces_pkg/share/interfaces_pkg/msg/KeyPoint3DArray.idl
[0.835s] -- Up-to-date symlink: /home/ryu/ros2_ws/install/interfaces_pkg/share/interfaces_pkg/msg/Detection.idl
[0.835s] -- Up-to-date symlink: /home/ryu/ros2_ws/install/interfaces_pkg/share/interfaces_pkg/msg/DetectionArray.idl
[0.835s] -- Up-to-date symlink: /home/ryu/ros2_ws/install/interfaces_pkg/share/interfaces_pkg/msg/LaneInfo.idl
[0.835s] -- Up-to-date symlink: /home/ryu/ros2_ws/install/interfaces_pkg/share/interfaces_pkg/msg/MotionCommand.idl
[0.835s] -- Up-to-date symlink: /home/ryu/ros2_ws/install/interfaces_pkg/share/interfaces_pkg/msg/TargetPoint.idl
[0.836s] -- Up-to-date symlink: /home/ryu/ros2_ws/install/interfaces_pkg/share/interfaces_pkg/msg/PathPlanningResult.idl
[0.836s] -- Up-to-date symlink: /home/ryu/ros2_ws/install/interfaces_pkg/share/interfaces_pkg/msg/Point2D.msg
[0.836s] -- Up-to-date symlink: /home/ryu/ros2_ws/install/interfaces_pkg/share/interfaces_pkg/msg/Vector2.msg
[0.836s] -- Up-to-date symlink: /home/ryu/ros2_ws/install/interfaces_pkg/share/interfaces_pkg/msg/Pose2D.msg
[0.836s] -- Up-to-date symlink: /home/ryu/ros2_ws/install/interfaces_pkg/share/interfaces_pkg/msg/BoundingBox2D.msg
[0.836s] -- Up-to-date symlink: /home/ryu/ros2_ws/install/interfaces_pkg/share/interfaces_pkg/msg/BoundingBox3D.msg
[0.836s] -- Up-to-date symlink: /home/ryu/ros2_ws/install/interfaces_pkg/share/interfaces_pkg/msg/Mask.msg
[0.837s] -- Up-to-date symlink: /home/ryu/ros2_ws/install/interfaces_pkg/share/interfaces_pkg/msg/KeyPoint2D.msg
[0.837s] -- Up-to-date symlink: /home/ryu/ros2_ws/install/interfaces_pkg/share/interfaces_pkg/msg/KeyPoint2DArray.msg
[0.837s] -- Up-to-date symlink: /home/ryu/ros2_ws/install/interfaces_pkg/share/interfaces_pkg/msg/KeyPoint3D.msg
[0.837s] -- Up-to-date symlink: /home/ryu/ros2_ws/install/interfaces_pkg/share/interfaces_pkg/msg/KeyPoint3DArray.msg
[0.837s] -- Up-to-date symlink: /home/ryu/ros2_ws/install/interfaces_pkg/share/interfaces_pkg/msg/Detection.msg
[0.837s] -- Up-to-date symlink: /home/ryu/ros2_ws/install/interfaces_pkg/share/interfaces_pkg/msg/DetectionArray.msg
[0.837s] -- Up-to-date symlink: /home/ryu/ros2_ws/install/interfaces_pkg/share/interfaces_pkg/msg/LaneInfo.msg
[0.837s] -- Up-to-date symlink: /home/ryu/ros2_ws/install/interfaces_pkg/share/interfaces_pkg/msg/MotionCommand.msg
[0.838s] -- Up-to-date symlink: /home/ryu/ros2_ws/install/interfaces_pkg/share/interfaces_pkg/msg/TargetPoint.msg
[0.838s] -- Up-to-date symlink: /home/ryu/ros2_ws/install/interfaces_pkg/share/interfaces_pkg/msg/PathPlanningResult.msg
[0.838s] -- Up-to-date symlink: /home/ryu/ros2_ws/install/interfaces_pkg/share/ament_index/resource_index/package_run_dependencies/interfaces_pkg
[0.838s] -- Up-to-date symlink: /home/ryu/ros2_ws/install/interfaces_pkg/share/ament_index/resource_index/parent_prefix_path/interfaces_pkg
[0.838s] -- Up-to-date symlink: /home/ryu/ros2_ws/install/interfaces_pkg/share/interfaces_pkg/environment/ament_prefix_path.sh
[0.838s] -- Up-to-date symlink: /home/ryu/ros2_ws/install/interfaces_pkg/share/interfaces_pkg/environment/ament_prefix_path.dsv
[0.839s] -- Up-to-date symlink: /home/ryu/ros2_ws/install/interfaces_pkg/share/interfaces_pkg/environment/path.sh
[0.839s] -- Up-to-date symlink: /home/ryu/ros2_ws/install/interfaces_pkg/share/interfaces_pkg/environment/path.dsv
[0.839s] -- Up-to-date symlink: /home/ryu/ros2_ws/install/interfaces_pkg/share/interfaces_pkg/local_setup.bash
[0.839s] -- Up-to-date symlink: /home/ryu/ros2_ws/install/interfaces_pkg/share/interfaces_pkg/local_setup.sh
[0.839s] -- Up-to-date symlink: /home/ryu/ros2_ws/install/interfaces_pkg/share/interfaces_pkg/local_setup.zsh
[0.839s] -- Up-to-date symlink: /home/ryu/ros2_ws/install/interfaces_pkg/share/interfaces_pkg/local_setup.dsv
[0.839s] -- Symlinking: /home/ryu/ros2_ws/install/interfaces_pkg/share/interfaces_pkg/package.dsv
[0.852s] -- Up-to-date symlink: /home/ryu/ros2_ws/install/interfaces_pkg/share/ament_index/resource_index/packages/interfaces_pkg
[0.852s] -- Up-to-date symlink: /home/ryu/ros2_ws/install/interfaces_pkg/share/interfaces_pkg/cmake/rosidl_cmake-extras.cmake
[0.852s] -- Up-to-date symlink: /home/ryu/ros2_ws/install/interfaces_pkg/share/interfaces_pkg/cmake/ament_cmake_export_dependencies-extras.cmake
[0.852s] -- Up-to-date symlink: /home/ryu/ros2_ws/install/interfaces_pkg/share/interfaces_pkg/cmake/ament_cmake_export_include_directories-extras.cmake
[0.853s] -- Up-to-date symlink: /home/ryu/ros2_ws/install/interfaces_pkg/share/interfaces_pkg/cmake/ament_cmake_export_libraries-extras.cmake
[0.853s] -- Up-to-date symlink: /home/ryu/ros2_ws/install/interfaces_pkg/share/interfaces_pkg/cmake/ament_cmake_export_targets-extras.cmake
[0.853s] -- Up-to-date symlink: /home/ryu/ros2_ws/install/interfaces_pkg/share/interfaces_pkg/cmake/rosidl_cmake_export_typesupport_targets-extras.cmake
[0.853s] -- Up-to-date symlink: /home/ryu/ros2_ws/install/interfaces_pkg/share/interfaces_pkg/cmake/rosidl_cmake_export_typesupport_libraries-extras.cmake
[0.853s] -- Up-to-date symlink: /home/ryu/ros2_ws/install/interfaces_pkg/share/interfaces_pkg/cmake/interfaces_pkgConfig.cmake
[0.854s] -- Up-to-date symlink: /home/ryu/ros2_ws/install/interfaces_pkg/share/interfaces_pkg/cmake/interfaces_pkgConfig-version.cmake
[0.854s] -- Up-to-date symlink: /home/ryu/ros2_ws/install/interfaces_pkg/share/interfaces_pkg/package.xml
[0.854s] -- Up-to-date: /home/ryu/ros2_ws/install/interfaces_pkg/lib/libinterfaces_pkg__rosidl_generator_c.so
[0.854s] -- Up-to-date: /home/ryu/ros2_ws/install/interfaces_pkg/lib/libinterfaces_pkg__rosidl_typesupport_fastrtps_c.so
[0.855s] -- Up-to-date: /home/ryu/ros2_ws/install/interfaces_pkg/lib/libinterfaces_pkg__rosidl_typesupport_introspection_c.so
[0.855s] -- Up-to-date: /home/ryu/ros2_ws/install/interfaces_pkg/lib/libinterfaces_pkg__rosidl_typesupport_c.so
[0.855s] -- Up-to-date: /home/ryu/ros2_ws/install/interfaces_pkg/lib/libinterfaces_pkg__rosidl_typesupport_fastrtps_cpp.so
[0.856s] -- Up-to-date: /home/ryu/ros2_ws/install/interfaces_pkg/lib/libinterfaces_pkg__rosidl_typesupport_introspection_cpp.so
[0.856s] -- Up-to-date: /home/ryu/ros2_ws/install/interfaces_pkg/lib/libinterfaces_pkg__rosidl_typesupport_cpp.so
[0.896s] Listing '/home/ryu/ros2_ws/install/interfaces_pkg/local/lib/python3.10/dist-packages/interfaces_pkg'...
[0.896s] Listing '/home/ryu/ros2_ws/install/interfaces_pkg/local/lib/python3.10/dist-packages/interfaces_pkg/msg'...
[0.900s] -- Up-to-date: /home/ryu/ros2_ws/install/interfaces_pkg/lib/libinterfaces_pkg__rosidl_generator_py.so
[0.901s] -- Up-to-date: /home/ryu/ros2_ws/install/interfaces_pkg/share/interfaces_pkg/cmake/export_interfaces_pkg__rosidl_generator_cExport.cmake
[0.901s] -- Up-to-date: /home/ryu/ros2_ws/install/interfaces_pkg/share/interfaces_pkg/cmake/export_interfaces_pkg__rosidl_generator_cExport-noconfig.cmake
[0.901s] -- Up-to-date: /home/ryu/ros2_ws/install/interfaces_pkg/share/interfaces_pkg/cmake/export_interfaces_pkg__rosidl_typesupport_fastrtps_cExport.cmake
[0.901s] -- Up-to-date: /home/ryu/ros2_ws/install/interfaces_pkg/share/interfaces_pkg/cmake/export_interfaces_pkg__rosidl_typesupport_fastrtps_cExport-noconfig.cmake
[0.901s] -- Up-to-date: /home/ryu/ros2_ws/install/interfaces_pkg/share/interfaces_pkg/cmake/interfaces_pkg__rosidl_typesupport_introspection_cExport.cmake
[0.901s] -- Up-to-date: /home/ryu/ros2_ws/install/interfaces_pkg/share/interfaces_pkg/cmake/interfaces_pkg__rosidl_typesupport_introspection_cExport-noconfig.cmake
[0.901s] -- Up-to-date: /home/ryu/ros2_ws/install/interfaces_pkg/share/interfaces_pkg/cmake/interfaces_pkg__rosidl_typesupport_cExport.cmake
[0.901s] -- Up-to-date: /home/ryu/ros2_ws/install/interfaces_pkg/share/interfaces_pkg/cmake/interfaces_pkg__rosidl_typesupport_cExport-noconfig.cmake
[0.902s] -- Up-to-date: /home/ryu/ros2_ws/install/interfaces_pkg/share/interfaces_pkg/cmake/export_interfaces_pkg__rosidl_generator_cppExport.cmake
[0.902s] -- Up-to-date: /home/ryu/ros2_ws/install/interfaces_pkg/share/interfaces_pkg/cmake/export_interfaces_pkg__rosidl_typesupport_fastrtps_cppExport.cmake
[0.902s] -- Up-to-date: /home/ryu/ros2_ws/install/interfaces_pkg/share/interfaces_pkg/cmake/export_interfaces_pkg__rosidl_typesupport_fastrtps_cppExport-noconfig.cmake
[0.902s] -- Up-to-date: /home/ryu/ros2_ws/install/interfaces_pkg/share/interfaces_pkg/cmake/interfaces_pkg__rosidl_typesupport_introspection_cppExport.cmake
[0.902s] -- Up-to-date: /home/ryu/ros2_ws/install/interfaces_pkg/share/interfaces_pkg/cmake/interfaces_pkg__rosidl_typesupport_introspection_cppExport-noconfig.cmake
[0.902s] -- Up-to-date: /home/ryu/ros2_ws/install/interfaces_pkg/share/interfaces_pkg/cmake/interfaces_pkg__rosidl_typesupport_cppExport.cmake
[0.902s] -- Up-to-date: /home/ryu/ros2_ws/install/interfaces_pkg/share/interfaces_pkg/cmake/interfaces_pkg__rosidl_typesupport_cppExport-noconfig.cmake
[0.902s] -- Up-to-date: /home/ryu/ros2_ws/install/interfaces_pkg/share/interfaces_pkg/cmake/export_interfaces_pkg__rosidl_generator_pyExport.cmake
[0.902s] -- Up-to-date: /home/ryu/ros2_ws/install/interfaces_pkg/share/interfaces_pkg/cmake/export_interfaces_pkg__rosidl_generator_pyExport-noconfig.cmake
[0.906s] Invoked command in '/home/ryu/ros2_ws/build/interfaces_pkg' returned '0': CMAKE_PREFIX_PATH=${CMAKE_PREFIX_PATH}:/home/ryu/ros2_ws/install/serial_communication_pkg:/home/ryu/ros2_ws/install/lidar_perception_pkg:/home/ryu/ros2_ws/install/decision_making_pkg:/home/ryu/ros2_ws/install/debug_pkg:/home/ryu/ros2_ws/install/camera_perception_pkg:/opt/ros/humble /usr/bin/cmake --install /home/ryu/ros2_ws/build/interfaces_pkg
