[1.957s] Invoking command in '/home/ryu/ros2_ws/build/camera_perception_pkg': PYTHONPATH=/home/ryu/ros2_ws/build/camera_perception_pkg/prefix_override:/usr/lib/python3/dist-packages/colcon_core/task/python/colcon_distutils_commands:/home/ryu/ros2_ws/install/camera_perception_pkg/lib/python3.10/site-packages:${PYTHONPATH} /usr/bin/python3 -W ignore:setup.py install is deprecated -W ignore:easy_install command is deprecated setup.py develop --editable --build-directory /home/ryu/ros2_ws/build/camera_perception_pkg/build --no-deps symlink_data
[2.206s] running develop
[2.361s] running egg_info
[2.361s] creating camera_perception_pkg.egg-info
[2.361s] writing camera_perception_pkg.egg-info/PKG-INFO
[2.362s] writing dependency_links to camera_perception_pkg.egg-info/dependency_links.txt
[2.362s] writing entry points to camera_perception_pkg.egg-info/entry_points.txt
[2.362s] writing requirements to camera_perception_pkg.egg-info/requires.txt
[2.362s] writing top-level names to camera_perception_pkg.egg-info/top_level.txt
[2.362s] writing manifest file 'camera_perception_pkg.egg-info/SOURCES.txt'
[2.364s] reading manifest file 'camera_perception_pkg.egg-info/SOURCES.txt'
[2.365s] writing manifest file 'camera_perception_pkg.egg-info/SOURCES.txt'
[2.366s] running build_ext
[2.367s] Creating /home/ryu/ros2_ws/install/camera_perception_pkg/lib/python3.10/site-packages/camera-perception-pkg.egg-link (link to .)
[2.367s] Installing image_publisher_node script to /home/ryu/ros2_ws/install/camera_perception_pkg/lib/camera_perception_pkg
[2.368s] Installing lane_info_extractor_node script to /home/ryu/ros2_ws/install/camera_perception_pkg/lib/camera_perception_pkg
[2.368s] Installing traffic_light_detector_node script to /home/ryu/ros2_ws/install/camera_perception_pkg/lib/camera_perception_pkg
[2.368s] Installing yolov8_node script to /home/ryu/ros2_ws/install/camera_perception_pkg/lib/camera_perception_pkg
[2.368s] 
[2.368s] Installed /home/ryu/ros2_ws/build/camera_perception_pkg
[2.368s] running symlink_data
[2.368s] creating /home/ryu/ros2_ws/install/camera_perception_pkg/share/ament_index
[2.369s] creating /home/ryu/ros2_ws/install/camera_perception_pkg/share/ament_index/resource_index
[2.369s] creating /home/ryu/ros2_ws/install/camera_perception_pkg/share/ament_index/resource_index/packages
[2.369s] symbolically linking /home/ryu/ros2_ws/build/camera_perception_pkg/resource/camera_perception_pkg -> /home/ryu/ros2_ws/install/camera_perception_pkg/share/ament_index/resource_index/packages
[2.369s] symbolically linking /home/ryu/ros2_ws/build/camera_perception_pkg/package.xml -> /home/ryu/ros2_ws/install/camera_perception_pkg/share/camera_perception_pkg
[2.435s] Invoked command in '/home/ryu/ros2_ws/build/camera_perception_pkg' returned '0': PYTHONPATH=/home/ryu/ros2_ws/build/camera_perception_pkg/prefix_override:/usr/lib/python3/dist-packages/colcon_core/task/python/colcon_distutils_commands:/home/ryu/ros2_ws/install/camera_perception_pkg/lib/python3.10/site-packages:${PYTHONPATH} /usr/bin/python3 -W ignore:setup.py install is deprecated -W ignore:easy_install command is deprecated setup.py develop --editable --build-directory /home/ryu/ros2_ws/build/camera_perception_pkg/build --no-deps symlink_data
