[1.814s] Invoking command in '/home/ryu/ros2_ws/build/camera_perception_pkg': PYTHONPATH=/home/ryu/ros2_ws/build/camera_perception_pkg/prefix_override:/usr/lib/python3/dist-packages/colcon_core/task/python/colcon_distutils_commands:/home/ryu/ros2_ws/install/camera_perception_pkg/lib/python3.10/site-packages:${PYTHONPATH} /usr/bin/python3 -W ignore:setup.py install is deprecated -W ignore:easy_install command is deprecated setup.py develop --editable --build-directory /home/ryu/ros2_ws/build/camera_perception_pkg/build --no-deps symlink_data
[2.086s] running develop
[2.252s] running egg_info
[2.252s] writing camera_perception_pkg.egg-info/PKG-INFO
[2.252s] writing dependency_links to camera_perception_pkg.egg-info/dependency_links.txt
[2.252s] writing entry points to camera_perception_pkg.egg-info/entry_points.txt
[2.253s] writing requirements to camera_perception_pkg.egg-info/requires.txt
[2.253s] writing top-level names to camera_perception_pkg.egg-info/top_level.txt
[2.255s] reading manifest file 'camera_perception_pkg.egg-info/SOURCES.txt'
[2.256s] writing manifest file 'camera_perception_pkg.egg-info/SOURCES.txt'
[2.257s] running build_ext
[2.257s] Creating /home/ryu/ros2_ws/install/camera_perception_pkg/lib/python3.10/site-packages/camera-perception-pkg.egg-link (link to .)
[2.257s] Installing image_publisher_node script to /home/ryu/ros2_ws/install/camera_perception_pkg/lib/camera_perception_pkg
[2.258s] Installing lane_info_extractor_node script to /home/ryu/ros2_ws/install/camera_perception_pkg/lib/camera_perception_pkg
[2.258s] Installing traffic_light_detector_node script to /home/ryu/ros2_ws/install/camera_perception_pkg/lib/camera_perception_pkg
[2.258s] Installing yolov8_node script to /home/ryu/ros2_ws/install/camera_perception_pkg/lib/camera_perception_pkg
[2.258s] 
[2.258s] Installed /home/ryu/ros2_ws/build/camera_perception_pkg
[2.258s] running symlink_data
[2.296s] Invoked command in '/home/ryu/ros2_ws/build/camera_perception_pkg' returned '0': PYTHONPATH=/home/ryu/ros2_ws/build/camera_perception_pkg/prefix_override:/usr/lib/python3/dist-packages/colcon_core/task/python/colcon_distutils_commands:/home/ryu/ros2_ws/install/camera_perception_pkg/lib/python3.10/site-packages:${PYTHONPATH} /usr/bin/python3 -W ignore:setup.py install is deprecated -W ignore:easy_install command is deprecated setup.py develop --editable --build-directory /home/ryu/ros2_ws/build/camera_perception_pkg/build --no-deps symlink_data
