[3.038s] Invoking command in '/home/ryu/ros2_ws/build/camera_perception_pkg': PYTHONPATH=/home/ryu/ros2_ws/build/camera_perception_pkg/prefix_override:/usr/lib/python3/dist-packages/colcon_core/task/python/colcon_distutils_commands:/home/ryu/ros2_ws/install/camera_perception_pkg/lib/python3.10/site-packages:${PYTHONPATH} /usr/bin/python3 -W ignore:setup.py install is deprecated -W ignore:easy_install command is deprecated setup.py develop --editable --build-directory /home/ryu/ros2_ws/build/camera_perception_pkg/build --no-deps symlink_data
[3.856s] running develop
[4.338s] running egg_info
[4.338s] writing camera_perception_pkg.egg-info/PKG-INFO
[4.338s] writing dependency_links to camera_perception_pkg.egg-info/dependency_links.txt
[4.339s] writing entry points to camera_perception_pkg.egg-info/entry_points.txt
[4.339s] writing requirements to camera_perception_pkg.egg-info/requires.txt
[4.339s] writing top-level names to camera_perception_pkg.egg-info/top_level.txt
[4.345s] reading manifest file 'camera_perception_pkg.egg-info/SOURCES.txt'
[4.349s] writing manifest file 'camera_perception_pkg.egg-info/SOURCES.txt'
[4.356s] running build_ext
[4.361s] Creating /home/ryu/ros2_ws/install/camera_perception_pkg/lib/python3.10/site-packages/camera-perception-pkg.egg-link (link to .)
[4.364s] Installing image_publisher_node script to /home/ryu/ros2_ws/install/camera_perception_pkg/lib/camera_perception_pkg
[4.364s] Installing lane_info_extractor_node script to /home/ryu/ros2_ws/install/camera_perception_pkg/lib/camera_perception_pkg
[4.364s] Installing traffic_light_detector_node script to /home/ryu/ros2_ws/install/camera_perception_pkg/lib/camera_perception_pkg
[4.365s] Installing yolov8_node script to /home/ryu/ros2_ws/install/camera_perception_pkg/lib/camera_perception_pkg
[4.366s] 
[4.367s] Installed /home/ryu/ros2_ws/build/camera_perception_pkg
[4.368s] running symlink_data
[4.559s] Invoked command in '/home/ryu/ros2_ws/build/camera_perception_pkg' returned '0': PYTHONPATH=/home/ryu/ros2_ws/build/camera_perception_pkg/prefix_override:/usr/lib/python3/dist-packages/colcon_core/task/python/colcon_distutils_commands:/home/ryu/ros2_ws/install/camera_perception_pkg/lib/python3.10/site-packages:${PYTHONPATH} /usr/bin/python3 -W ignore:setup.py install is deprecated -W ignore:easy_install command is deprecated setup.py develop --editable --build-directory /home/ryu/ros2_ws/build/camera_perception_pkg/build --no-deps symlink_data
