[0.698s] Invoking command in '/home/ryu/ros2_ws/build/interfaces_pkg': CMAKE_PREFIX_PATH=${CMAKE_PREFIX_PATH}:/home/ryu/ros2_ws/install/serial_communication_pkg:/home/ryu/ros2_ws/install/lidar_perception_pkg:/home/ryu/ros2_ws/install/decision_making_pkg:/home/ryu/ros2_ws/install/debug_pkg:/home/ryu/ros2_ws/install/camera_perception_pkg:/opt/ros/humble /usr/local/bin/cmake --build /home/ryu/ros2_ws/build/interfaces_pkg -- -j12 -l12
[1.158s] [  0%] Built target interfaces_pkg__cpp
[1.158s] [  0%] Built target ament_cmake_python_symlink_interfaces_pkg
[1.158s] [  2%] [32mBuilding C object CMakeFiles/interfaces_pkg__rosidl_generator_c.dir/rosidl_generator_c/interfaces_pkg/msg/detail/point2_d__functions.c.o[0m
[1.158s] [  2%] [32mBuilding C object CMakeFiles/interfaces_pkg__rosidl_generator_c.dir/rosidl_generator_c/interfaces_pkg/msg/detail/vector2__functions.c.o[0m
[1.158s] [  4%] [32mBuilding C object CMakeFiles/interfaces_pkg__rosidl_generator_c.dir/rosidl_generator_c/interfaces_pkg/msg/detail/bounding_box3_d__functions.c.o[0m
[1.158s] [  4%] [32mBuilding C object CMakeFiles/interfaces_pkg__rosidl_generator_c.dir/rosidl_generator_c/interfaces_pkg/msg/detail/bounding_box2_d__functions.c.o[0m
[1.159s] [  4%] [32mBuilding C object CMakeFiles/interfaces_pkg__rosidl_generator_c.dir/rosidl_generator_c/interfaces_pkg/msg/detail/mask__functions.c.o[0m
[1.159s] [  2%] [32mBuilding C object CMakeFiles/interfaces_pkg__rosidl_generator_c.dir/rosidl_generator_c/interfaces_pkg/msg/detail/pose2_d__functions.c.o[0m
[1.159s] [  5%] [32mBuilding C object CMakeFiles/interfaces_pkg__rosidl_generator_c.dir/rosidl_generator_c/interfaces_pkg/msg/detail/key_point2_d__functions.c.o[0m
[1.159s] [  6%] [32mBuilding C object CMakeFiles/interfaces_pkg__rosidl_generator_c.dir/rosidl_generator_c/interfaces_pkg/msg/detail/key_point2_d_array__functions.c.o[0m
[1.159s] [  9%] [32mBuilding CXX object CMakeFiles/interfaces_pkg__rosidl_typesupport_cpp.dir/rosidl_typesupport_cpp/interfaces_pkg/msg/point2_d__type_support.cpp.o[0m
[1.159s] [  9%] [32mBuilding CXX object CMakeFiles/interfaces_pkg__rosidl_typesupport_fastrtps_cpp.dir/rosidl_typesupport_fastrtps_cpp/interfaces_pkg/msg/detail/dds_fastrtps/point2_d__type_support.cpp.o[0m
[1.159s] [  9%] [32mBuilding CXX object CMakeFiles/interfaces_pkg__rosidl_typesupport_introspection_cpp.dir/rosidl_typesupport_introspection_cpp/interfaces_pkg/msg/detail/point2_d__type_support.cpp.o[0m
[1.159s] [ 12%] [32mBuilding CXX object CMakeFiles/interfaces_pkg__rosidl_typesupport_introspection_cpp.dir/rosidl_typesupport_introspection_cpp/interfaces_pkg/msg/detail/vector2__type_support.cpp.o[0m
[1.159s] [ 12%] [32mBuilding CXX object CMakeFiles/interfaces_pkg__rosidl_typesupport_fastrtps_cpp.dir/rosidl_typesupport_fastrtps_cpp/interfaces_pkg/msg/detail/dds_fastrtps/pose2_d__type_support.cpp.o[0m
[1.159s] [ 12%] [32mBuilding CXX object CMakeFiles/interfaces_pkg__rosidl_typesupport_introspection_cpp.dir/rosidl_typesupport_introspection_cpp/interfaces_pkg/msg/detail/pose2_d__type_support.cpp.o[0m
[1.160s] [ 12%] [32mBuilding CXX object CMakeFiles/interfaces_pkg__rosidl_typesupport_fastrtps_cpp.dir/rosidl_typesupport_fastrtps_cpp/interfaces_pkg/msg/detail/dds_fastrtps/vector2__type_support.cpp.o[0m
[1.160s] [ 12%] [32mBuilding C object CMakeFiles/interfaces_pkg__rosidl_generator_c.dir/rosidl_generator_c/interfaces_pkg/msg/detail/key_point3_d_array__functions.c.o[0m
[1.160s] [ 12%] [32mBuilding C object CMakeFiles/interfaces_pkg__rosidl_generator_c.dir/rosidl_generator_c/interfaces_pkg/msg/detail/key_point3_d__functions.c.o[0m
[1.160s] [ 12%] [32mBuilding CXX object CMakeFiles/interfaces_pkg__rosidl_typesupport_cpp.dir/rosidl_typesupport_cpp/interfaces_pkg/msg/vector2__type_support.cpp.o[0m
[1.160s] [ 13%] [32mBuilding CXX object CMakeFiles/interfaces_pkg__rosidl_typesupport_cpp.dir/rosidl_typesupport_cpp/interfaces_pkg/msg/pose2_d__type_support.cpp.o[0m
[1.160s] [ 14%] [32mBuilding C object CMakeFiles/interfaces_pkg__rosidl_generator_c.dir/rosidl_generator_c/interfaces_pkg/msg/detail/detection__functions.c.o[0m
[1.160s] [ 15%] [32mBuilding CXX object CMakeFiles/interfaces_pkg__rosidl_typesupport_fastrtps_cpp.dir/rosidl_typesupport_fastrtps_cpp/interfaces_pkg/msg/detail/dds_fastrtps/bounding_box2_d__type_support.cpp.o[0m
[1.161s] [ 15%] [32mBuilding C object CMakeFiles/interfaces_pkg__rosidl_generator_c.dir/rosidl_generator_c/interfaces_pkg/msg/detail/detection_array__functions.c.o[0m
[1.303s] [ 16%] [32mBuilding C object CMakeFiles/interfaces_pkg__rosidl_generator_c.dir/rosidl_generator_c/interfaces_pkg/msg/detail/lane_info__functions.c.o[0m
[1.327s] running egg_info
[1.329s] writing interfaces_pkg.egg-info/PKG-INFO
[1.329s] writing dependency_links to interfaces_pkg.egg-info/dependency_links.txt
[1.330s] writing top-level names to interfaces_pkg.egg-info/top_level.txt
[1.349s] reading manifest file 'interfaces_pkg.egg-info/SOURCES.txt'
[1.351s] writing manifest file 'interfaces_pkg.egg-info/SOURCES.txt'
[1.425s] [ 17%] [32mBuilding C object CMakeFiles/interfaces_pkg__rosidl_generator_c.dir/rosidl_generator_c/interfaces_pkg/msg/detail/motion_command__functions.c.o[0m
[1.430s] [ 18%] [32mBuilding CXX object CMakeFiles/interfaces_pkg__rosidl_typesupport_cpp.dir/rosidl_typesupport_cpp/interfaces_pkg/msg/bounding_box2_d__type_support.cpp.o[0m
[1.437s] [ 18%] [32mBuilding CXX object CMakeFiles/interfaces_pkg__rosidl_typesupport_fastrtps_cpp.dir/rosidl_typesupport_fastrtps_cpp/interfaces_pkg/msg/detail/dds_fastrtps/bounding_box3_d__type_support.cpp.o[0m
[1.446s] [ 19%] [32mBuilding CXX object CMakeFiles/interfaces_pkg__rosidl_typesupport_introspection_cpp.dir/rosidl_typesupport_introspection_cpp/interfaces_pkg/msg/detail/bounding_box2_d__type_support.cpp.o[0m
[1.481s] [ 19%] Built target ament_cmake_python_build_interfaces_pkg_egg
[1.502s] [ 19%] [32mBuilding C object CMakeFiles/interfaces_pkg__rosidl_generator_c.dir/rosidl_generator_c/interfaces_pkg/msg/detail/target_point__functions.c.o[0m
[1.572s] [ 19%] [32mBuilding CXX object CMakeFiles/interfaces_pkg__rosidl_typesupport_cpp.dir/rosidl_typesupport_cpp/interfaces_pkg/msg/bounding_box3_d__type_support.cpp.o[0m
[1.591s] [ 20%] [32mBuilding CXX object CMakeFiles/interfaces_pkg__rosidl_typesupport_introspection_cpp.dir/rosidl_typesupport_introspection_cpp/interfaces_pkg/msg/detail/bounding_box3_d__type_support.cpp.o[0m
[1.599s] [ 21%] [32mBuilding C object CMakeFiles/interfaces_pkg__rosidl_generator_c.dir/rosidl_generator_c/interfaces_pkg/msg/detail/path_planning_result__functions.c.o[0m
[1.605s] [ 21%] [32mBuilding CXX object CMakeFiles/interfaces_pkg__rosidl_typesupport_introspection_cpp.dir/rosidl_typesupport_introspection_cpp/interfaces_pkg/msg/detail/mask__type_support.cpp.o[0m
[1.608s] [ 22%] [32mBuilding CXX object CMakeFiles/interfaces_pkg__rosidl_typesupport_cpp.dir/rosidl_typesupport_cpp/interfaces_pkg/msg/mask__type_support.cpp.o[0m
[1.616s] [ 23%] [32mBuilding CXX object CMakeFiles/interfaces_pkg__rosidl_typesupport_introspection_cpp.dir/rosidl_typesupport_introspection_cpp/interfaces_pkg/msg/detail/key_point2_d__type_support.cpp.o[0m
[1.637s] [ 24%] [32mBuilding CXX object CMakeFiles/interfaces_pkg__rosidl_typesupport_introspection_cpp.dir/rosidl_typesupport_introspection_cpp/interfaces_pkg/msg/detail/key_point2_d_array__type_support.cpp.o[0m
[1.640s] [ 25%] [32mBuilding CXX object CMakeFiles/interfaces_pkg__rosidl_typesupport_cpp.dir/rosidl_typesupport_cpp/interfaces_pkg/msg/key_point2_d__type_support.cpp.o[0m
[1.734s] [ 26%] [32m[1mLinking C shared library libinterfaces_pkg__rosidl_generator_c.so[0m
[1.771s] [ 26%] [32mBuilding CXX object CMakeFiles/interfaces_pkg__rosidl_typesupport_introspection_cpp.dir/rosidl_typesupport_introspection_cpp/interfaces_pkg/msg/detail/key_point3_d__type_support.cpp.o[0m
[1.963s] [ 26%] Built target interfaces_pkg__rosidl_generator_c
[2.007s] [ 27%] [32mBuilding CXX object CMakeFiles/interfaces_pkg__rosidl_typesupport_fastrtps_cpp.dir/rosidl_typesupport_fastrtps_cpp/interfaces_pkg/msg/detail/dds_fastrtps/mask__type_support.cpp.o[0m
[2.018s] [ 28%] [32mBuilding CXX object CMakeFiles/interfaces_pkg__rosidl_typesupport_introspection_cpp.dir/rosidl_typesupport_introspection_cpp/interfaces_pkg/msg/detail/key_point3_d_array__type_support.cpp.o[0m
[2.076s] [ 29%] [32mBuilding CXX object CMakeFiles/interfaces_pkg__rosidl_typesupport_fastrtps_cpp.dir/rosidl_typesupport_fastrtps_cpp/interfaces_pkg/msg/detail/dds_fastrtps/key_point2_d__type_support.cpp.o[0m
[2.147s] [ 29%] [32mBuilding CXX object CMakeFiles/interfaces_pkg__rosidl_typesupport_cpp.dir/rosidl_typesupport_cpp/interfaces_pkg/msg/key_point2_d_array__type_support.cpp.o[0m
[2.235s] [ 30%] [32mBuilding CXX object CMakeFiles/interfaces_pkg__rosidl_typesupport_introspection_cpp.dir/rosidl_typesupport_introspection_cpp/interfaces_pkg/msg/detail/detection__type_support.cpp.o[0m
[2.248s] [ 30%] [32mBuilding CXX object CMakeFiles/interfaces_pkg__rosidl_typesupport_fastrtps_c.dir/rosidl_typesupport_fastrtps_c/interfaces_pkg/msg/detail/point2_d__type_support_c.cpp.o[0m
[2.273s] [ 31%] [32mBuilding CXX object CMakeFiles/interfaces_pkg__rosidl_typesupport_fastrtps_c.dir/rosidl_typesupport_fastrtps_c/interfaces_pkg/msg/detail/vector2__type_support_c.cpp.o[0m
[2.289s] [ 32%] [32mBuilding CXX object CMakeFiles/interfaces_pkg__rosidl_typesupport_fastrtps_c.dir/rosidl_typesupport_fastrtps_c/interfaces_pkg/msg/detail/pose2_d__type_support_c.cpp.o[0m
[2.360s] [ 32%] [32mBuilding CXX object CMakeFiles/interfaces_pkg__rosidl_typesupport_fastrtps_c.dir/rosidl_typesupport_fastrtps_c/interfaces_pkg/msg/detail/bounding_box2_d__type_support_c.cpp.o[0m
[2.370s] [ 33%] [32mBuilding CXX object CMakeFiles/interfaces_pkg__rosidl_typesupport_fastrtps_c.dir/rosidl_typesupport_fastrtps_c/interfaces_pkg/msg/detail/bounding_box3_d__type_support_c.cpp.o[0m
[2.427s] [ 34%] [32mBuilding C object CMakeFiles/interfaces_pkg__rosidl_typesupport_introspection_c.dir/rosidl_typesupport_introspection_c/interfaces_pkg/msg/detail/point2_d__type_support.c.o[0m
[2.550s] [ 34%] [32mBuilding C object CMakeFiles/interfaces_pkg__rosidl_typesupport_introspection_c.dir/rosidl_typesupport_introspection_c/interfaces_pkg/msg/detail/vector2__type_support.c.o[0m
[2.664s] [ 35%] [32mBuilding C object CMakeFiles/interfaces_pkg__rosidl_typesupport_introspection_c.dir/rosidl_typesupport_introspection_c/interfaces_pkg/msg/detail/pose2_d__type_support.c.o[0m
[2.668s] [ 36%] [32mBuilding CXX object CMakeFiles/interfaces_pkg__rosidl_typesupport_fastrtps_c.dir/rosidl_typesupport_fastrtps_c/interfaces_pkg/msg/detail/mask__type_support_c.cpp.o[0m
[2.737s] [ 37%] [32mBuilding CXX object CMakeFiles/interfaces_pkg__rosidl_typesupport_cpp.dir/rosidl_typesupport_cpp/interfaces_pkg/msg/key_point3_d__type_support.cpp.o[0m
[2.786s] [ 38%] [32mBuilding C object CMakeFiles/interfaces_pkg__rosidl_typesupport_introspection_c.dir/rosidl_typesupport_introspection_c/interfaces_pkg/msg/detail/bounding_box2_d__type_support.c.o[0m
[2.844s] [ 38%] [32mBuilding CXX object CMakeFiles/interfaces_pkg__rosidl_typesupport_c.dir/rosidl_typesupport_c/interfaces_pkg/msg/point2_d__type_support.cpp.o[0m
[2.870s] [ 39%] [32mBuilding CXX object CMakeFiles/interfaces_pkg__rosidl_typesupport_c.dir/rosidl_typesupport_c/interfaces_pkg/msg/vector2__type_support.cpp.o[0m
[2.874s] [ 39%] [32mBuilding CXX object CMakeFiles/interfaces_pkg__rosidl_typesupport_fastrtps_cpp.dir/rosidl_typesupport_fastrtps_cpp/interfaces_pkg/msg/detail/dds_fastrtps/key_point2_d_array__type_support.cpp.o[0m
[2.891s] [ 40%] [32mBuilding CXX object CMakeFiles/interfaces_pkg__rosidl_typesupport_c.dir/rosidl_typesupport_c/interfaces_pkg/msg/pose2_d__type_support.cpp.o[0m
[2.893s] [ 40%] [32mBuilding C object CMakeFiles/interfaces_pkg__rosidl_typesupport_introspection_c.dir/rosidl_typesupport_introspection_c/interfaces_pkg/msg/detail/bounding_box3_d__type_support.c.o[0m
[2.947s] [ 40%] [32mBuilding CXX object CMakeFiles/interfaces_pkg__rosidl_typesupport_c.dir/rosidl_typesupport_c/interfaces_pkg/msg/bounding_box2_d__type_support.cpp.o[0m
[2.952s] [ 41%] [32mBuilding CXX object CMakeFiles/interfaces_pkg__rosidl_typesupport_fastrtps_cpp.dir/rosidl_typesupport_fastrtps_cpp/interfaces_pkg/msg/detail/dds_fastrtps/key_point3_d__type_support.cpp.o[0m
[2.957s] [ 42%] [32mBuilding CXX object CMakeFiles/interfaces_pkg__rosidl_typesupport_fastrtps_cpp.dir/rosidl_typesupport_fastrtps_cpp/interfaces_pkg/msg/detail/dds_fastrtps/key_point3_d_array__type_support.cpp.o[0m
[2.976s] [ 42%] [32mBuilding CXX object CMakeFiles/interfaces_pkg__rosidl_typesupport_introspection_cpp.dir/rosidl_typesupport_introspection_cpp/interfaces_pkg/msg/detail/detection_array__type_support.cpp.o[0m
[2.995s] [ 43%] [32mBuilding C object CMakeFiles/interfaces_pkg__rosidl_typesupport_introspection_c.dir/rosidl_typesupport_introspection_c/interfaces_pkg/msg/detail/mask__type_support.c.o[0m
[3.000s] [ 43%] [32mBuilding CXX object CMakeFiles/interfaces_pkg__rosidl_typesupport_fastrtps_cpp.dir/rosidl_typesupport_fastrtps_cpp/interfaces_pkg/msg/detail/dds_fastrtps/detection__type_support.cpp.o[0m
[3.014s] [ 44%] [32mBuilding CXX object CMakeFiles/interfaces_pkg__rosidl_typesupport_cpp.dir/rosidl_typesupport_cpp/interfaces_pkg/msg/key_point3_d_array__type_support.cpp.o[0m
[3.014s] [ 45%] [32mBuilding CXX object CMakeFiles/interfaces_pkg__rosidl_typesupport_fastrtps_cpp.dir/rosidl_typesupport_fastrtps_cpp/interfaces_pkg/msg/detail/dds_fastrtps/detection_array__type_support.cpp.o[0m
[3.015s] [ 46%] [32mBuilding CXX object CMakeFiles/interfaces_pkg__rosidl_typesupport_c.dir/rosidl_typesupport_c/interfaces_pkg/msg/bounding_box3_d__type_support.cpp.o[0m
[3.068s] [ 47%] [32mBuilding CXX object CMakeFiles/interfaces_pkg__rosidl_typesupport_c.dir/rosidl_typesupport_c/interfaces_pkg/msg/mask__type_support.cpp.o[0m
[3.114s] [ 48%] [32mBuilding C object CMakeFiles/interfaces_pkg__rosidl_typesupport_introspection_c.dir/rosidl_typesupport_introspection_c/interfaces_pkg/msg/detail/key_point2_d__type_support.c.o[0m
[3.164s] [ 48%] [32mBuilding CXX object CMakeFiles/interfaces_pkg__rosidl_typesupport_c.dir/rosidl_typesupport_c/interfaces_pkg/msg/key_point2_d__type_support.cpp.o[0m
[3.174s] [ 48%] [32mBuilding C object CMakeFiles/interfaces_pkg__rosidl_typesupport_introspection_c.dir/rosidl_typesupport_introspection_c/interfaces_pkg/msg/detail/key_point2_d_array__type_support.c.o[0m
[3.188s] [ 48%] [32mBuilding CXX object CMakeFiles/interfaces_pkg__rosidl_typesupport_cpp.dir/rosidl_typesupport_cpp/interfaces_pkg/msg/detection__type_support.cpp.o[0m
[3.228s] [ 48%] [32mBuilding CXX object CMakeFiles/interfaces_pkg__rosidl_typesupport_fastrtps_c.dir/rosidl_typesupport_fastrtps_c/interfaces_pkg/msg/detail/key_point2_d__type_support_c.cpp.o[0m
[3.264s] [ 49%] [32mBuilding CXX object CMakeFiles/interfaces_pkg__rosidl_typesupport_c.dir/rosidl_typesupport_c/interfaces_pkg/msg/key_point2_d_array__type_support.cpp.o[0m
[3.310s] [ 50%] [32mBuilding C object CMakeFiles/interfaces_pkg__rosidl_typesupport_introspection_c.dir/rosidl_typesupport_introspection_c/interfaces_pkg/msg/detail/key_point3_d__type_support.c.o[0m
[3.318s] [ 51%] [32mBuilding CXX object CMakeFiles/interfaces_pkg__rosidl_typesupport_c.dir/rosidl_typesupport_c/interfaces_pkg/msg/key_point3_d__type_support.cpp.o[0m
[3.362s] [ 52%] [32mBuilding CXX object CMakeFiles/interfaces_pkg__rosidl_typesupport_cpp.dir/rosidl_typesupport_cpp/interfaces_pkg/msg/detection_array__type_support.cpp.o[0m
[3.419s] [ 52%] [32mBuilding CXX object CMakeFiles/interfaces_pkg__rosidl_typesupport_c.dir/rosidl_typesupport_c/interfaces_pkg/msg/key_point3_d_array__type_support.cpp.o[0m
[3.428s] [ 53%] [32mBuilding C object CMakeFiles/interfaces_pkg__rosidl_typesupport_introspection_c.dir/rosidl_typesupport_introspection_c/interfaces_pkg/msg/detail/key_point3_d_array__type_support.c.o[0m
[3.528s] [ 54%] [32mBuilding CXX object CMakeFiles/interfaces_pkg__rosidl_typesupport_c.dir/rosidl_typesupport_c/interfaces_pkg/msg/detection__type_support.cpp.o[0m
[3.567s] [ 54%] [32mBuilding C object CMakeFiles/interfaces_pkg__rosidl_typesupport_introspection_c.dir/rosidl_typesupport_introspection_c/interfaces_pkg/msg/detail/detection__type_support.c.o[0m
[3.587s] [ 55%] [32mBuilding CXX object CMakeFiles/interfaces_pkg__rosidl_typesupport_c.dir/rosidl_typesupport_c/interfaces_pkg/msg/detection_array__type_support.cpp.o[0m
[3.649s] [ 56%] [32mBuilding CXX object CMakeFiles/interfaces_pkg__rosidl_typesupport_fastrtps_cpp.dir/rosidl_typesupport_fastrtps_cpp/interfaces_pkg/msg/detail/dds_fastrtps/lane_info__type_support.cpp.o[0m
[3.700s] [ 56%] [32mBuilding CXX object CMakeFiles/interfaces_pkg__rosidl_typesupport_c.dir/rosidl_typesupport_c/interfaces_pkg/msg/lane_info__type_support.cpp.o[0m
[3.733s] [ 57%] [32mBuilding C object CMakeFiles/interfaces_pkg__rosidl_typesupport_introspection_c.dir/rosidl_typesupport_introspection_c/interfaces_pkg/msg/detail/detection_array__type_support.c.o[0m
[3.781s] [ 58%] [32mBuilding CXX object CMakeFiles/interfaces_pkg__rosidl_typesupport_c.dir/rosidl_typesupport_c/interfaces_pkg/msg/motion_command__type_support.cpp.o[0m
[3.811s] [ 59%] [32mBuilding CXX object CMakeFiles/interfaces_pkg__rosidl_typesupport_introspection_cpp.dir/rosidl_typesupport_introspection_cpp/interfaces_pkg/msg/detail/lane_info__type_support.cpp.o[0m
[3.866s] [ 60%] [32mBuilding C object CMakeFiles/interfaces_pkg__rosidl_typesupport_introspection_c.dir/rosidl_typesupport_introspection_c/interfaces_pkg/msg/detail/lane_info__type_support.c.o[0m
[3.883s] [ 61%] [32mBuilding CXX object CMakeFiles/interfaces_pkg__rosidl_typesupport_c.dir/rosidl_typesupport_c/interfaces_pkg/msg/target_point__type_support.cpp.o[0m
[3.910s] [ 61%] [32mBuilding CXX object CMakeFiles/interfaces_pkg__rosidl_typesupport_c.dir/rosidl_typesupport_c/interfaces_pkg/msg/path_planning_result__type_support.cpp.o[0m
[3.956s] [ 62%] [32mBuilding CXX object CMakeFiles/interfaces_pkg__rosidl_typesupport_fastrtps_c.dir/rosidl_typesupport_fastrtps_c/interfaces_pkg/msg/detail/key_point2_d_array__type_support_c.cpp.o[0m
[3.981s] [ 63%] [32mBuilding CXX object CMakeFiles/interfaces_pkg__rosidl_typesupport_fastrtps_c.dir/rosidl_typesupport_fastrtps_c/interfaces_pkg/msg/detail/key_point3_d__type_support_c.cpp.o[0m
[3.990s] [ 64%] [32mBuilding CXX object CMakeFiles/interfaces_pkg__rosidl_typesupport_introspection_cpp.dir/rosidl_typesupport_introspection_cpp/interfaces_pkg/msg/detail/motion_command__type_support.cpp.o[0m
[3.993s] [ 64%] [32mBuilding C object CMakeFiles/interfaces_pkg__rosidl_typesupport_introspection_c.dir/rosidl_typesupport_introspection_c/interfaces_pkg/msg/detail/motion_command__type_support.c.o[0m
[4.031s] [ 65%] [32m[1mLinking CXX shared library libinterfaces_pkg__rosidl_typesupport_c.so[0m
[4.051s] [ 65%] [32mBuilding CXX object CMakeFiles/interfaces_pkg__rosidl_typesupport_fastrtps_cpp.dir/rosidl_typesupport_fastrtps_cpp/interfaces_pkg/msg/detail/dds_fastrtps/motion_command__type_support.cpp.o[0m
[4.084s] [ 66%] [32mBuilding CXX object CMakeFiles/interfaces_pkg__rosidl_typesupport_cpp.dir/rosidl_typesupport_cpp/interfaces_pkg/msg/lane_info__type_support.cpp.o[0m
[4.125s] [ 67%] [32mBuilding C object CMakeFiles/interfaces_pkg__rosidl_typesupport_introspection_c.dir/rosidl_typesupport_introspection_c/interfaces_pkg/msg/detail/target_point__type_support.c.o[0m
[4.147s] [ 68%] [32mBuilding C object CMakeFiles/interfaces_pkg__rosidl_typesupport_introspection_c.dir/rosidl_typesupport_introspection_c/interfaces_pkg/msg/detail/path_planning_result__type_support.c.o[0m
[4.162s] [ 68%] [32mBuilding CXX object CMakeFiles/interfaces_pkg__rosidl_typesupport_cpp.dir/rosidl_typesupport_cpp/interfaces_pkg/msg/motion_command__type_support.cpp.o[0m
[4.178s] [ 69%] Built target interfaces_pkg__rosidl_typesupport_c
[4.193s] [ 69%] [32mBuilding CXX object CMakeFiles/interfaces_pkg__rosidl_typesupport_introspection_cpp.dir/rosidl_typesupport_introspection_cpp/interfaces_pkg/msg/detail/target_point__type_support.cpp.o[0m
[4.196s] [ 70%] [32mBuilding CXX object CMakeFiles/interfaces_pkg__rosidl_typesupport_cpp.dir/rosidl_typesupport_cpp/interfaces_pkg/msg/target_point__type_support.cpp.o[0m
[4.264s] [ 71%] [32mBuilding CXX object CMakeFiles/interfaces_pkg__rosidl_typesupport_fastrtps_cpp.dir/rosidl_typesupport_fastrtps_cpp/interfaces_pkg/msg/detail/dds_fastrtps/target_point__type_support.cpp.o[0m
[4.289s] [ 71%] [32m[1mLinking C shared library libinterfaces_pkg__rosidl_typesupport_introspection_c.so[0m
[4.399s] [ 72%] Built target interfaces_pkg__rosidl_typesupport_introspection_c
[4.414s] [ 72%] [32mBuilding CXX object CMakeFiles/interfaces_pkg__rosidl_typesupport_fastrtps_c.dir/rosidl_typesupport_fastrtps_c/interfaces_pkg/msg/detail/key_point3_d_array__type_support_c.cpp.o[0m
[4.594s] [ 73%] [32mBuilding CXX object CMakeFiles/interfaces_pkg__rosidl_typesupport_introspection_cpp.dir/rosidl_typesupport_introspection_cpp/interfaces_pkg/msg/detail/path_planning_result__type_support.cpp.o[0m
[4.627s] [ 74%] [32mBuilding CXX object CMakeFiles/interfaces_pkg__rosidl_typesupport_fastrtps_cpp.dir/rosidl_typesupport_fastrtps_cpp/interfaces_pkg/msg/detail/dds_fastrtps/path_planning_result__type_support.cpp.o[0m
[4.630s] [ 75%] [32mBuilding CXX object CMakeFiles/interfaces_pkg__rosidl_typesupport_fastrtps_c.dir/rosidl_typesupport_fastrtps_c/interfaces_pkg/msg/detail/detection__type_support_c.cpp.o[0m
[4.651s] [ 76%] [32mBuilding CXX object CMakeFiles/interfaces_pkg__rosidl_typesupport_cpp.dir/rosidl_typesupport_cpp/interfaces_pkg/msg/path_planning_result__type_support.cpp.o[0m
[4.690s] [ 77%] [32mBuilding CXX object CMakeFiles/interfaces_pkg__rosidl_typesupport_fastrtps_c.dir/rosidl_typesupport_fastrtps_c/interfaces_pkg/msg/detail/detection_array__type_support_c.cpp.o[0m
[4.716s] [ 77%] [32mBuilding CXX object CMakeFiles/interfaces_pkg__rosidl_typesupport_fastrtps_c.dir/rosidl_typesupport_fastrtps_c/interfaces_pkg/msg/detail/lane_info__type_support_c.cpp.o[0m
[4.741s] [ 78%] [32mBuilding CXX object CMakeFiles/interfaces_pkg__rosidl_typesupport_fastrtps_c.dir/rosidl_typesupport_fastrtps_c/interfaces_pkg/msg/detail/motion_command__type_support_c.cpp.o[0m
[4.788s] [ 79%] [32mBuilding CXX object CMakeFiles/interfaces_pkg__rosidl_typesupport_fastrtps_c.dir/rosidl_typesupport_fastrtps_c/interfaces_pkg/msg/detail/target_point__type_support_c.cpp.o[0m
[4.823s] [ 79%] [32mBuilding CXX object CMakeFiles/interfaces_pkg__rosidl_typesupport_fastrtps_c.dir/rosidl_typesupport_fastrtps_c/interfaces_pkg/msg/detail/path_planning_result__type_support_c.cpp.o[0m
[5.031s] [ 79%] [32m[1mLinking CXX shared library libinterfaces_pkg__rosidl_typesupport_cpp.so[0m
[5.095s] [ 80%] Built target interfaces_pkg__rosidl_typesupport_cpp
[5.116s] [ 81%] [32m[1mLinking CXX shared library libinterfaces_pkg__rosidl_typesupport_introspection_cpp.so[0m
[5.161s] [ 81%] [32m[1mLinking CXX shared library libinterfaces_pkg__rosidl_typesupport_fastrtps_cpp.so[0m
[5.213s] [ 81%] Built target interfaces_pkg__rosidl_typesupport_introspection_cpp
[5.236s] [ 82%] [32m[1mLinking CXX shared library libinterfaces_pkg__rosidl_typesupport_fastrtps_c.so[0m
[5.260s] [ 83%] Built target interfaces_pkg__rosidl_typesupport_fastrtps_cpp
[5.325s] [ 84%] Built target interfaces_pkg__rosidl_typesupport_fastrtps_c
[5.354s] [ 84%] Built target interfaces_pkg
[5.381s] [ 85%] Built target interfaces_pkg__py
[5.422s] [ 87%] [32mBuilding C object CMakeFiles/interfaces_pkg__rosidl_generator_py.dir/rosidl_generator_py/interfaces_pkg/msg/_vector2_s.c.o[0m
[5.423s] [ 87%] [32mBuilding C object CMakeFiles/interfaces_pkg__rosidl_generator_py.dir/rosidl_generator_py/interfaces_pkg/msg/_pose2_d_s.c.o[0m
[5.423s] [ 87%] [32mBuilding C object CMakeFiles/interfaces_pkg__rosidl_generator_py.dir/rosidl_generator_py/interfaces_pkg/msg/_bounding_box2_d_s.c.o[0m
[5.423s] [ 88%] [32mBuilding C object CMakeFiles/interfaces_pkg__rosidl_generator_py.dir/rosidl_generator_py/interfaces_pkg/msg/_bounding_box3_d_s.c.o[0m
[5.423s] [ 89%] [32mBuilding C object CMakeFiles/interfaces_pkg__rosidl_generator_py.dir/rosidl_generator_py/interfaces_pkg/msg/_mask_s.c.o[0m
[5.423s] [ 90%] [32mBuilding C object CMakeFiles/interfaces_pkg__rosidl_generator_py.dir/rosidl_generator_py/interfaces_pkg/msg/_key_point3_d_array_s.c.o[0m
[5.423s] [ 90%] [32mBuilding C object CMakeFiles/interfaces_pkg__rosidl_generator_py.dir/rosidl_generator_py/interfaces_pkg/msg/_key_point2_d_array_s.c.o[0m
[5.423s] [ 91%] [32mBuilding C object CMakeFiles/interfaces_pkg__rosidl_generator_py.dir/rosidl_generator_py/interfaces_pkg/msg/_key_point3_d_s.c.o[0m
[5.424s] [ 91%] [32mBuilding C object CMakeFiles/interfaces_pkg__rosidl_generator_py.dir/rosidl_generator_py/interfaces_pkg/msg/_point2_d_s.c.o[0m
[5.424s] [ 92%] [32mBuilding C object CMakeFiles/interfaces_pkg__rosidl_generator_py.dir/rosidl_generator_py/interfaces_pkg/msg/_detection_s.c.o[0m
[5.425s] [ 93%] [32mBuilding C object CMakeFiles/interfaces_pkg__rosidl_generator_py.dir/rosidl_generator_py/interfaces_pkg/msg/_detection_array_s.c.o[0m
[5.425s] [ 93%] [32mBuilding C object CMakeFiles/interfaces_pkg__rosidl_generator_py.dir/rosidl_generator_py/interfaces_pkg/msg/_key_point2_d_s.c.o[0m
[5.591s] [ 94%] [32mBuilding C object CMakeFiles/interfaces_pkg__rosidl_generator_py.dir/rosidl_generator_py/interfaces_pkg/msg/_motion_command_s.c.o[0m
[5.592s] [ 94%] [32mBuilding C object CMakeFiles/interfaces_pkg__rosidl_generator_py.dir/rosidl_generator_py/interfaces_pkg/msg/_lane_info_s.c.o[0m
[5.592s] [ 94%] [32mBuilding C object CMakeFiles/interfaces_pkg__rosidl_generator_py.dir/rosidl_generator_py/interfaces_pkg/msg/_path_planning_result_s.c.o[0m
[5.593s] [ 95%] [32mBuilding C object CMakeFiles/interfaces_pkg__rosidl_generator_py.dir/rosidl_generator_py/interfaces_pkg/msg/_target_point_s.c.o[0m
[5.700s] [ 96%] [32m[1mLinking C shared library rosidl_generator_py/interfaces_pkg/libinterfaces_pkg__rosidl_generator_py.so[0m
[5.755s] [ 96%] Built target interfaces_pkg__rosidl_generator_py
[5.782s] [ 99%] [32mBuilding C object CMakeFiles/interfaces_pkg__rosidl_typesupport_introspection_c__pyext.dir/rosidl_generator_py/interfaces_pkg/_interfaces_pkg_s.ep.rosidl_typesupport_introspection_c.c.o[0m
[5.782s] [ 99%] [32mBuilding C object CMakeFiles/interfaces_pkg__rosidl_typesupport_c__pyext.dir/rosidl_generator_py/interfaces_pkg/_interfaces_pkg_s.ep.rosidl_typesupport_c.c.o[0m
[5.782s] [ 99%] [32mBuilding C object CMakeFiles/interfaces_pkg__rosidl_typesupport_fastrtps_c__pyext.dir/rosidl_generator_py/interfaces_pkg/_interfaces_pkg_s.ep.rosidl_typesupport_fastrtps_c.c.o[0m
[5.924s] [100%] [32m[1mLinking C shared library rosidl_generator_py/interfaces_pkg/interfaces_pkg_s__rosidl_typesupport_c.cpython-310-x86_64-linux-gnu.so[0m
[5.924s] [100%] [32m[1mLinking C shared library rosidl_generator_py/interfaces_pkg/interfaces_pkg_s__rosidl_typesupport_introspection_c.cpython-310-x86_64-linux-gnu.so[0m
[5.931s] [100%] [32m[1mLinking C shared library rosidl_generator_py/interfaces_pkg/interfaces_pkg_s__rosidl_typesupport_fastrtps_c.cpython-310-x86_64-linux-gnu.so[0m
[5.970s] [100%] Built target interfaces_pkg__rosidl_typesupport_c__pyext
[5.970s] [100%] Built target interfaces_pkg__rosidl_typesupport_introspection_c__pyext
[5.981s] [100%] Built target interfaces_pkg__rosidl_typesupport_fastrtps_c__pyext
[5.996s] Invoked command in '/home/ryu/ros2_ws/build/interfaces_pkg' returned '0': CMAKE_PREFIX_PATH=${CMAKE_PREFIX_PATH}:/home/ryu/ros2_ws/install/serial_communication_pkg:/home/ryu/ros2_ws/install/lidar_perception_pkg:/home/ryu/ros2_ws/install/decision_making_pkg:/home/ryu/ros2_ws/install/debug_pkg:/home/ryu/ros2_ws/install/camera_perception_pkg:/opt/ros/humble /usr/local/bin/cmake --build /home/ryu/ros2_ws/build/interfaces_pkg -- -j12 -l12
[6.004s] Invoking command in '/home/ryu/ros2_ws/build/interfaces_pkg': CMAKE_PREFIX_PATH=${CMAKE_PREFIX_PATH}:/home/ryu/ros2_ws/install/serial_communication_pkg:/home/ryu/ros2_ws/install/lidar_perception_pkg:/home/ryu/ros2_ws/install/decision_making_pkg:/home/ryu/ros2_ws/install/debug_pkg:/home/ryu/ros2_ws/install/camera_perception_pkg:/opt/ros/humble /usr/local/bin/cmake --install /home/ryu/ros2_ws/build/interfaces_pkg
[6.010s] -- Install configuration: ""
[6.011s] -- Execute custom install script
[6.011s] -- Up-to-date symlink: /home/ryu/ros2_ws/install/interfaces_pkg/share/ament_index/resource_index/rosidl_interfaces/interfaces_pkg
[6.013s] -- Up-to-date symlink: /home/ryu/ros2_ws/install/interfaces_pkg/include/interfaces_pkg/interfaces_pkg/msg/bounding_box2_d.h
[6.013s] -- Up-to-date symlink: /home/ryu/ros2_ws/install/interfaces_pkg/include/interfaces_pkg/interfaces_pkg/msg/bounding_box3_d.h
[6.014s] -- Up-to-date symlink: /home/ryu/ros2_ws/install/interfaces_pkg/include/interfaces_pkg/interfaces_pkg/msg/detail/bounding_box2_d__functions.h
[6.014s] -- Up-to-date symlink: /home/ryu/ros2_ws/install/interfaces_pkg/include/interfaces_pkg/interfaces_pkg/msg/detail/bounding_box2_d__struct.h
[6.014s] -- Up-to-date symlink: /home/ryu/ros2_ws/install/interfaces_pkg/include/interfaces_pkg/interfaces_pkg/msg/detail/bounding_box2_d__type_support.h
[6.015s] -- Up-to-date symlink: /home/ryu/ros2_ws/install/interfaces_pkg/include/interfaces_pkg/interfaces_pkg/msg/detail/bounding_box3_d__functions.h
[6.017s] -- Up-to-date symlink: /home/ryu/ros2_ws/install/interfaces_pkg/include/interfaces_pkg/interfaces_pkg/msg/detail/bounding_box3_d__struct.h
[6.017s] -- Up-to-date symlink: /home/ryu/ros2_ws/install/interfaces_pkg/include/interfaces_pkg/interfaces_pkg/msg/detail/bounding_box3_d__type_support.h
[6.018s] -- Up-to-date symlink: /home/ryu/ros2_ws/install/interfaces_pkg/include/interfaces_pkg/interfaces_pkg/msg/detail/detection__functions.h
[6.018s] -- Up-to-date symlink: /home/ryu/ros2_ws/install/interfaces_pkg/include/interfaces_pkg/interfaces_pkg/msg/detail/detection__struct.h
[6.018s] -- Up-to-date symlink: /home/ryu/ros2_ws/install/interfaces_pkg/include/interfaces_pkg/interfaces_pkg/msg/detail/detection__type_support.h
[6.019s] -- Up-to-date symlink: /home/ryu/ros2_ws/install/interfaces_pkg/include/interfaces_pkg/interfaces_pkg/msg/detail/detection_array__functions.h
[6.019s] -- Up-to-date symlink: /home/ryu/ros2_ws/install/interfaces_pkg/include/interfaces_pkg/interfaces_pkg/msg/detail/detection_array__struct.h
[6.019s] -- Up-to-date symlink: /home/ryu/ros2_ws/install/interfaces_pkg/include/interfaces_pkg/interfaces_pkg/msg/detail/detection_array__type_support.h
[6.019s] -- Up-to-date symlink: /home/ryu/ros2_ws/install/interfaces_pkg/include/interfaces_pkg/interfaces_pkg/msg/detail/key_point2_d__functions.h
[6.020s] -- Up-to-date symlink: /home/ryu/ros2_ws/install/interfaces_pkg/include/interfaces_pkg/interfaces_pkg/msg/detail/key_point2_d__struct.h
[6.020s] -- Up-to-date symlink: /home/ryu/ros2_ws/install/interfaces_pkg/include/interfaces_pkg/interfaces_pkg/msg/detail/key_point2_d__type_support.h
[6.020s] -- Up-to-date symlink: /home/ryu/ros2_ws/install/interfaces_pkg/include/interfaces_pkg/interfaces_pkg/msg/detail/key_point2_d_array__functions.h
[6.021s] -- Up-to-date symlink: /home/ryu/ros2_ws/install/interfaces_pkg/include/interfaces_pkg/interfaces_pkg/msg/detail/key_point2_d_array__struct.h
[6.021s] -- Up-to-date symlink: /home/ryu/ros2_ws/install/interfaces_pkg/include/interfaces_pkg/interfaces_pkg/msg/detail/key_point2_d_array__type_support.h
[6.021s] -- Up-to-date symlink: /home/ryu/ros2_ws/install/interfaces_pkg/include/interfaces_pkg/interfaces_pkg/msg/detail/key_point3_d__functions.h
[6.021s] -- Up-to-date symlink: /home/ryu/ros2_ws/install/interfaces_pkg/include/interfaces_pkg/interfaces_pkg/msg/detail/key_point3_d__struct.h
[6.022s] -- Up-to-date symlink: /home/ryu/ros2_ws/install/interfaces_pkg/include/interfaces_pkg/interfaces_pkg/msg/detail/key_point3_d__type_support.h
[6.022s] -- Up-to-date symlink: /home/ryu/ros2_ws/install/interfaces_pkg/include/interfaces_pkg/interfaces_pkg/msg/detail/key_point3_d_array__functions.h
[6.022s] -- Up-to-date symlink: /home/ryu/ros2_ws/install/interfaces_pkg/include/interfaces_pkg/interfaces_pkg/msg/detail/key_point3_d_array__struct.h
[6.022s] -- Up-to-date symlink: /home/ryu/ros2_ws/install/interfaces_pkg/include/interfaces_pkg/interfaces_pkg/msg/detail/key_point3_d_array__type_support.h
[6.022s] -- Up-to-date symlink: /home/ryu/ros2_ws/install/interfaces_pkg/include/interfaces_pkg/interfaces_pkg/msg/detail/lane_info__functions.h
[6.023s] -- Up-to-date symlink: /home/ryu/ros2_ws/install/interfaces_pkg/include/interfaces_pkg/interfaces_pkg/msg/detail/lane_info__struct.h
[6.023s] -- Up-to-date symlink: /home/ryu/ros2_ws/install/interfaces_pkg/include/interfaces_pkg/interfaces_pkg/msg/detail/lane_info__type_support.h
[6.023s] -- Up-to-date symlink: /home/ryu/ros2_ws/install/interfaces_pkg/include/interfaces_pkg/interfaces_pkg/msg/detail/mask__functions.h
[6.023s] -- Up-to-date symlink: /home/ryu/ros2_ws/install/interfaces_pkg/include/interfaces_pkg/interfaces_pkg/msg/detail/mask__struct.h
[6.024s] -- Up-to-date symlink: /home/ryu/ros2_ws/install/interfaces_pkg/include/interfaces_pkg/interfaces_pkg/msg/detail/mask__type_support.h
[6.024s] -- Up-to-date symlink: /home/ryu/ros2_ws/install/interfaces_pkg/include/interfaces_pkg/interfaces_pkg/msg/detail/motion_command__functions.h
[6.024s] -- Up-to-date symlink: /home/ryu/ros2_ws/install/interfaces_pkg/include/interfaces_pkg/interfaces_pkg/msg/detail/motion_command__struct.h
[6.025s] -- Up-to-date symlink: /home/ryu/ros2_ws/install/interfaces_pkg/include/interfaces_pkg/interfaces_pkg/msg/detail/motion_command__type_support.h
[6.025s] -- Up-to-date symlink: /home/ryu/ros2_ws/install/interfaces_pkg/include/interfaces_pkg/interfaces_pkg/msg/detail/path_planning_result__functions.h
[6.025s] -- Up-to-date symlink: /home/ryu/ros2_ws/install/interfaces_pkg/include/interfaces_pkg/interfaces_pkg/msg/detail/path_planning_result__struct.h
[6.025s] -- Up-to-date symlink: /home/ryu/ros2_ws/install/interfaces_pkg/include/interfaces_pkg/interfaces_pkg/msg/detail/path_planning_result__type_support.h
[6.025s] -- Up-to-date symlink: /home/ryu/ros2_ws/install/interfaces_pkg/include/interfaces_pkg/interfaces_pkg/msg/detail/point2_d__functions.h
[6.026s] -- Up-to-date symlink: /home/ryu/ros2_ws/install/interfaces_pkg/include/interfaces_pkg/interfaces_pkg/msg/detail/point2_d__struct.h
[6.026s] -- Up-to-date symlink: /home/ryu/ros2_ws/install/interfaces_pkg/include/interfaces_pkg/interfaces_pkg/msg/detail/point2_d__type_support.h
[6.026s] -- Up-to-date symlink: /home/ryu/ros2_ws/install/interfaces_pkg/include/interfaces_pkg/interfaces_pkg/msg/detail/pose2_d__functions.h
[6.026s] -- Up-to-date symlink: /home/ryu/ros2_ws/install/interfaces_pkg/include/interfaces_pkg/interfaces_pkg/msg/detail/pose2_d__struct.h
[6.026s] -- Up-to-date symlink: /home/ryu/ros2_ws/install/interfaces_pkg/include/interfaces_pkg/interfaces_pkg/msg/detail/pose2_d__type_support.h
[6.027s] -- Up-to-date symlink: /home/ryu/ros2_ws/install/interfaces_pkg/include/interfaces_pkg/interfaces_pkg/msg/detail/target_point__functions.h
[6.027s] -- Up-to-date symlink: /home/ryu/ros2_ws/install/interfaces_pkg/include/interfaces_pkg/interfaces_pkg/msg/detail/target_point__struct.h
[6.027s] -- Up-to-date symlink: /home/ryu/ros2_ws/install/interfaces_pkg/include/interfaces_pkg/interfaces_pkg/msg/detail/target_point__type_support.h
[6.027s] -- Up-to-date symlink: /home/ryu/ros2_ws/install/interfaces_pkg/include/interfaces_pkg/interfaces_pkg/msg/detail/vector2__functions.h
[6.027s] -- Up-to-date symlink: /home/ryu/ros2_ws/install/interfaces_pkg/include/interfaces_pkg/interfaces_pkg/msg/detail/vector2__struct.h
[6.027s] -- Up-to-date symlink: /home/ryu/ros2_ws/install/interfaces_pkg/include/interfaces_pkg/interfaces_pkg/msg/detail/vector2__type_support.h
[6.028s] -- Up-to-date symlink: /home/ryu/ros2_ws/install/interfaces_pkg/include/interfaces_pkg/interfaces_pkg/msg/detection.h
[6.028s] -- Up-to-date symlink: /home/ryu/ros2_ws/install/interfaces_pkg/include/interfaces_pkg/interfaces_pkg/msg/detection_array.h
[6.028s] -- Up-to-date symlink: /home/ryu/ros2_ws/install/interfaces_pkg/include/interfaces_pkg/interfaces_pkg/msg/key_point2_d.h
[6.028s] -- Up-to-date symlink: /home/ryu/ros2_ws/install/interfaces_pkg/include/interfaces_pkg/interfaces_pkg/msg/key_point2_d_array.h
[6.028s] -- Up-to-date symlink: /home/ryu/ros2_ws/install/interfaces_pkg/include/interfaces_pkg/interfaces_pkg/msg/key_point3_d.h
[6.029s] -- Up-to-date symlink: /home/ryu/ros2_ws/install/interfaces_pkg/include/interfaces_pkg/interfaces_pkg/msg/key_point3_d_array.h
[6.029s] -- Up-to-date symlink: /home/ryu/ros2_ws/install/interfaces_pkg/include/interfaces_pkg/interfaces_pkg/msg/lane_info.h
[6.029s] -- Up-to-date symlink: /home/ryu/ros2_ws/install/interfaces_pkg/include/interfaces_pkg/interfaces_pkg/msg/mask.h
[6.029s] -- Up-to-date symlink: /home/ryu/ros2_ws/install/interfaces_pkg/include/interfaces_pkg/interfaces_pkg/msg/motion_command.h
[6.029s] -- Up-to-date symlink: /home/ryu/ros2_ws/install/interfaces_pkg/include/interfaces_pkg/interfaces_pkg/msg/path_planning_result.h
[6.030s] -- Up-to-date symlink: /home/ryu/ros2_ws/install/interfaces_pkg/include/interfaces_pkg/interfaces_pkg/msg/point2_d.h
[6.030s] -- Up-to-date symlink: /home/ryu/ros2_ws/install/interfaces_pkg/include/interfaces_pkg/interfaces_pkg/msg/pose2_d.h
[6.030s] -- Up-to-date symlink: /home/ryu/ros2_ws/install/interfaces_pkg/include/interfaces_pkg/interfaces_pkg/msg/rosidl_generator_c__visibility_control.h
[6.030s] -- Up-to-date symlink: /home/ryu/ros2_ws/install/interfaces_pkg/include/interfaces_pkg/interfaces_pkg/msg/target_point.h
[6.030s] -- Up-to-date symlink: /home/ryu/ros2_ws/install/interfaces_pkg/include/interfaces_pkg/interfaces_pkg/msg/vector2.h
[6.030s] -- Up-to-date symlink: /home/ryu/ros2_ws/install/interfaces_pkg/share/interfaces_pkg/environment/library_path.sh
[6.031s] -- Up-to-date symlink: /home/ryu/ros2_ws/install/interfaces_pkg/share/interfaces_pkg/environment/library_path.dsv
[6.032s] -- Up-to-date symlink: /home/ryu/ros2_ws/install/interfaces_pkg/include/interfaces_pkg/interfaces_pkg/msg/detail/bounding_box2_d__rosidl_typesupport_fastrtps_c.h
[6.032s] -- Up-to-date symlink: /home/ryu/ros2_ws/install/interfaces_pkg/include/interfaces_pkg/interfaces_pkg/msg/detail/bounding_box3_d__rosidl_typesupport_fastrtps_c.h
[6.032s] -- Up-to-date symlink: /home/ryu/ros2_ws/install/interfaces_pkg/include/interfaces_pkg/interfaces_pkg/msg/detail/detection__rosidl_typesupport_fastrtps_c.h
[6.033s] -- Up-to-date symlink: /home/ryu/ros2_ws/install/interfaces_pkg/include/interfaces_pkg/interfaces_pkg/msg/detail/detection_array__rosidl_typesupport_fastrtps_c.h
[6.033s] -- Up-to-date symlink: /home/ryu/ros2_ws/install/interfaces_pkg/include/interfaces_pkg/interfaces_pkg/msg/detail/key_point2_d__rosidl_typesupport_fastrtps_c.h
[6.033s] -- Up-to-date symlink: /home/ryu/ros2_ws/install/interfaces_pkg/include/interfaces_pkg/interfaces_pkg/msg/detail/key_point2_d_array__rosidl_typesupport_fastrtps_c.h
[6.033s] -- Up-to-date symlink: /home/ryu/ros2_ws/install/interfaces_pkg/include/interfaces_pkg/interfaces_pkg/msg/detail/key_point3_d__rosidl_typesupport_fastrtps_c.h
[6.033s] -- Up-to-date symlink: /home/ryu/ros2_ws/install/interfaces_pkg/include/interfaces_pkg/interfaces_pkg/msg/detail/key_point3_d_array__rosidl_typesupport_fastrtps_c.h
[6.034s] -- Up-to-date symlink: /home/ryu/ros2_ws/install/interfaces_pkg/include/interfaces_pkg/interfaces_pkg/msg/detail/lane_info__rosidl_typesupport_fastrtps_c.h
[6.034s] -- Up-to-date symlink: /home/ryu/ros2_ws/install/interfaces_pkg/include/interfaces_pkg/interfaces_pkg/msg/detail/mask__rosidl_typesupport_fastrtps_c.h
[6.034s] -- Up-to-date symlink: /home/ryu/ros2_ws/install/interfaces_pkg/include/interfaces_pkg/interfaces_pkg/msg/detail/motion_command__rosidl_typesupport_fastrtps_c.h
[6.034s] -- Up-to-date symlink: /home/ryu/ros2_ws/install/interfaces_pkg/include/interfaces_pkg/interfaces_pkg/msg/detail/path_planning_result__rosidl_typesupport_fastrtps_c.h
[6.034s] -- Up-to-date symlink: /home/ryu/ros2_ws/install/interfaces_pkg/include/interfaces_pkg/interfaces_pkg/msg/detail/point2_d__rosidl_typesupport_fastrtps_c.h
[6.034s] -- Up-to-date symlink: /home/ryu/ros2_ws/install/interfaces_pkg/include/interfaces_pkg/interfaces_pkg/msg/detail/pose2_d__rosidl_typesupport_fastrtps_c.h
[6.035s] -- Up-to-date symlink: /home/ryu/ros2_ws/install/interfaces_pkg/include/interfaces_pkg/interfaces_pkg/msg/detail/target_point__rosidl_typesupport_fastrtps_c.h
[6.035s] -- Up-to-date symlink: /home/ryu/ros2_ws/install/interfaces_pkg/include/interfaces_pkg/interfaces_pkg/msg/detail/vector2__rosidl_typesupport_fastrtps_c.h
[6.035s] -- Up-to-date symlink: /home/ryu/ros2_ws/install/interfaces_pkg/include/interfaces_pkg/interfaces_pkg/msg/rosidl_typesupport_fastrtps_c__visibility_control.h
[6.036s] -- Up-to-date symlink: /home/ryu/ros2_ws/install/interfaces_pkg/include/interfaces_pkg/interfaces_pkg/msg/detail/bounding_box2_d__rosidl_typesupport_introspection_c.h
[6.036s] -- Up-to-date symlink: /home/ryu/ros2_ws/install/interfaces_pkg/include/interfaces_pkg/interfaces_pkg/msg/detail/bounding_box3_d__rosidl_typesupport_introspection_c.h
[6.036s] -- Up-to-date symlink: /home/ryu/ros2_ws/install/interfaces_pkg/include/interfaces_pkg/interfaces_pkg/msg/detail/detection__rosidl_typesupport_introspection_c.h
[6.036s] -- Up-to-date symlink: /home/ryu/ros2_ws/install/interfaces_pkg/include/interfaces_pkg/interfaces_pkg/msg/detail/detection_array__rosidl_typesupport_introspection_c.h
[6.037s] -- Up-to-date symlink: /home/ryu/ros2_ws/install/interfaces_pkg/include/interfaces_pkg/interfaces_pkg/msg/detail/key_point2_d__rosidl_typesupport_introspection_c.h
[6.037s] -- Up-to-date symlink: /home/ryu/ros2_ws/install/interfaces_pkg/include/interfaces_pkg/interfaces_pkg/msg/detail/key_point2_d_array__rosidl_typesupport_introspection_c.h
[6.037s] -- Up-to-date symlink: /home/ryu/ros2_ws/install/interfaces_pkg/include/interfaces_pkg/interfaces_pkg/msg/detail/key_point3_d__rosidl_typesupport_introspection_c.h
[6.037s] -- Up-to-date symlink: /home/ryu/ros2_ws/install/interfaces_pkg/include/interfaces_pkg/interfaces_pkg/msg/detail/key_point3_d_array__rosidl_typesupport_introspection_c.h
[6.037s] -- Up-to-date symlink: /home/ryu/ros2_ws/install/interfaces_pkg/include/interfaces_pkg/interfaces_pkg/msg/detail/lane_info__rosidl_typesupport_introspection_c.h
[6.038s] -- Up-to-date symlink: /home/ryu/ros2_ws/install/interfaces_pkg/include/interfaces_pkg/interfaces_pkg/msg/detail/mask__rosidl_typesupport_introspection_c.h
[6.038s] -- Up-to-date symlink: /home/ryu/ros2_ws/install/interfaces_pkg/include/interfaces_pkg/interfaces_pkg/msg/detail/motion_command__rosidl_typesupport_introspection_c.h
[6.038s] -- Up-to-date symlink: /home/ryu/ros2_ws/install/interfaces_pkg/include/interfaces_pkg/interfaces_pkg/msg/detail/path_planning_result__rosidl_typesupport_introspection_c.h
[6.038s] -- Up-to-date symlink: /home/ryu/ros2_ws/install/interfaces_pkg/include/interfaces_pkg/interfaces_pkg/msg/detail/point2_d__rosidl_typesupport_introspection_c.h
[6.038s] -- Up-to-date symlink: /home/ryu/ros2_ws/install/interfaces_pkg/include/interfaces_pkg/interfaces_pkg/msg/detail/pose2_d__rosidl_typesupport_introspection_c.h
[6.039s] -- Up-to-date symlink: /home/ryu/ros2_ws/install/interfaces_pkg/include/interfaces_pkg/interfaces_pkg/msg/detail/target_point__rosidl_typesupport_introspection_c.h
[6.039s] -- Up-to-date symlink: /home/ryu/ros2_ws/install/interfaces_pkg/include/interfaces_pkg/interfaces_pkg/msg/detail/vector2__rosidl_typesupport_introspection_c.h
[6.039s] -- Up-to-date symlink: /home/ryu/ros2_ws/install/interfaces_pkg/include/interfaces_pkg/interfaces_pkg/msg/rosidl_typesupport_introspection_c__visibility_control.h
[6.040s] -- Up-to-date symlink: /home/ryu/ros2_ws/install/interfaces_pkg/include/interfaces_pkg/interfaces_pkg/msg/bounding_box2_d.hpp
[6.041s] -- Up-to-date symlink: /home/ryu/ros2_ws/install/interfaces_pkg/include/interfaces_pkg/interfaces_pkg/msg/bounding_box3_d.hpp
[6.041s] -- Up-to-date symlink: /home/ryu/ros2_ws/install/interfaces_pkg/include/interfaces_pkg/interfaces_pkg/msg/detail/bounding_box2_d__builder.hpp
[6.041s] -- Up-to-date symlink: /home/ryu/ros2_ws/install/interfaces_pkg/include/interfaces_pkg/interfaces_pkg/msg/detail/bounding_box2_d__struct.hpp
[6.041s] -- Up-to-date symlink: /home/ryu/ros2_ws/install/interfaces_pkg/include/interfaces_pkg/interfaces_pkg/msg/detail/bounding_box2_d__traits.hpp
[6.041s] -- Up-to-date symlink: /home/ryu/ros2_ws/install/interfaces_pkg/include/interfaces_pkg/interfaces_pkg/msg/detail/bounding_box2_d__type_support.hpp
[6.041s] -- Up-to-date symlink: /home/ryu/ros2_ws/install/interfaces_pkg/include/interfaces_pkg/interfaces_pkg/msg/detail/bounding_box3_d__builder.hpp
[6.042s] -- Up-to-date symlink: /home/ryu/ros2_ws/install/interfaces_pkg/include/interfaces_pkg/interfaces_pkg/msg/detail/bounding_box3_d__struct.hpp
[6.042s] -- Up-to-date symlink: /home/ryu/ros2_ws/install/interfaces_pkg/include/interfaces_pkg/interfaces_pkg/msg/detail/bounding_box3_d__traits.hpp
[6.042s] -- Up-to-date symlink: /home/ryu/ros2_ws/install/interfaces_pkg/include/interfaces_pkg/interfaces_pkg/msg/detail/bounding_box3_d__type_support.hpp
[6.042s] -- Up-to-date symlink: /home/ryu/ros2_ws/install/interfaces_pkg/include/interfaces_pkg/interfaces_pkg/msg/detail/detection__builder.hpp
[6.042s] -- Up-to-date symlink: /home/ryu/ros2_ws/install/interfaces_pkg/include/interfaces_pkg/interfaces_pkg/msg/detail/detection__struct.hpp
[6.043s] -- Up-to-date symlink: /home/ryu/ros2_ws/install/interfaces_pkg/include/interfaces_pkg/interfaces_pkg/msg/detail/detection__traits.hpp
[6.043s] -- Up-to-date symlink: /home/ryu/ros2_ws/install/interfaces_pkg/include/interfaces_pkg/interfaces_pkg/msg/detail/detection__type_support.hpp
[6.043s] -- Up-to-date symlink: /home/ryu/ros2_ws/install/interfaces_pkg/include/interfaces_pkg/interfaces_pkg/msg/detail/detection_array__builder.hpp
[6.043s] -- Up-to-date symlink: /home/ryu/ros2_ws/install/interfaces_pkg/include/interfaces_pkg/interfaces_pkg/msg/detail/detection_array__struct.hpp
[6.043s] -- Up-to-date symlink: /home/ryu/ros2_ws/install/interfaces_pkg/include/interfaces_pkg/interfaces_pkg/msg/detail/detection_array__traits.hpp
[6.044s] -- Up-to-date symlink: /home/ryu/ros2_ws/install/interfaces_pkg/include/interfaces_pkg/interfaces_pkg/msg/detail/detection_array__type_support.hpp
[6.044s] -- Up-to-date symlink: /home/ryu/ros2_ws/install/interfaces_pkg/include/interfaces_pkg/interfaces_pkg/msg/detail/key_point2_d__builder.hpp
[6.044s] -- Up-to-date symlink: /home/ryu/ros2_ws/install/interfaces_pkg/include/interfaces_pkg/interfaces_pkg/msg/detail/key_point2_d__struct.hpp
[6.044s] -- Up-to-date symlink: /home/ryu/ros2_ws/install/interfaces_pkg/include/interfaces_pkg/interfaces_pkg/msg/detail/key_point2_d__traits.hpp
[6.044s] -- Up-to-date symlink: /home/ryu/ros2_ws/install/interfaces_pkg/include/interfaces_pkg/interfaces_pkg/msg/detail/key_point2_d__type_support.hpp
[6.045s] -- Up-to-date symlink: /home/ryu/ros2_ws/install/interfaces_pkg/include/interfaces_pkg/interfaces_pkg/msg/detail/key_point2_d_array__builder.hpp
[6.045s] -- Up-to-date symlink: /home/ryu/ros2_ws/install/interfaces_pkg/include/interfaces_pkg/interfaces_pkg/msg/detail/key_point2_d_array__struct.hpp
[6.045s] -- Up-to-date symlink: /home/ryu/ros2_ws/install/interfaces_pkg/include/interfaces_pkg/interfaces_pkg/msg/detail/key_point2_d_array__traits.hpp
[6.045s] -- Up-to-date symlink: /home/ryu/ros2_ws/install/interfaces_pkg/include/interfaces_pkg/interfaces_pkg/msg/detail/key_point2_d_array__type_support.hpp
[6.046s] -- Up-to-date symlink: /home/ryu/ros2_ws/install/interfaces_pkg/include/interfaces_pkg/interfaces_pkg/msg/detail/key_point3_d__builder.hpp
[6.046s] -- Up-to-date symlink: /home/ryu/ros2_ws/install/interfaces_pkg/include/interfaces_pkg/interfaces_pkg/msg/detail/key_point3_d__struct.hpp
[6.046s] -- Up-to-date symlink: /home/ryu/ros2_ws/install/interfaces_pkg/include/interfaces_pkg/interfaces_pkg/msg/detail/key_point3_d__traits.hpp
[6.046s] -- Up-to-date symlink: /home/ryu/ros2_ws/install/interfaces_pkg/include/interfaces_pkg/interfaces_pkg/msg/detail/key_point3_d__type_support.hpp
[6.046s] -- Up-to-date symlink: /home/ryu/ros2_ws/install/interfaces_pkg/include/interfaces_pkg/interfaces_pkg/msg/detail/key_point3_d_array__builder.hpp
[6.047s] -- Up-to-date symlink: /home/ryu/ros2_ws/install/interfaces_pkg/include/interfaces_pkg/interfaces_pkg/msg/detail/key_point3_d_array__struct.hpp
[6.047s] -- Up-to-date symlink: /home/ryu/ros2_ws/install/interfaces_pkg/include/interfaces_pkg/interfaces_pkg/msg/detail/key_point3_d_array__traits.hpp
[6.047s] -- Up-to-date symlink: /home/ryu/ros2_ws/install/interfaces_pkg/include/interfaces_pkg/interfaces_pkg/msg/detail/key_point3_d_array__type_support.hpp
[6.047s] -- Up-to-date symlink: /home/ryu/ros2_ws/install/interfaces_pkg/include/interfaces_pkg/interfaces_pkg/msg/detail/lane_info__builder.hpp
[6.047s] -- Up-to-date symlink: /home/ryu/ros2_ws/install/interfaces_pkg/include/interfaces_pkg/interfaces_pkg/msg/detail/lane_info__struct.hpp
[6.048s] -- Up-to-date symlink: /home/ryu/ros2_ws/install/interfaces_pkg/include/interfaces_pkg/interfaces_pkg/msg/detail/lane_info__traits.hpp
[6.048s] -- Up-to-date symlink: /home/ryu/ros2_ws/install/interfaces_pkg/include/interfaces_pkg/interfaces_pkg/msg/detail/lane_info__type_support.hpp
[6.048s] -- Up-to-date symlink: /home/ryu/ros2_ws/install/interfaces_pkg/include/interfaces_pkg/interfaces_pkg/msg/detail/mask__builder.hpp
[6.048s] -- Up-to-date symlink: /home/ryu/ros2_ws/install/interfaces_pkg/include/interfaces_pkg/interfaces_pkg/msg/detail/mask__struct.hpp
[6.049s] -- Up-to-date symlink: /home/ryu/ros2_ws/install/interfaces_pkg/include/interfaces_pkg/interfaces_pkg/msg/detail/mask__traits.hpp
[6.049s] -- Up-to-date symlink: /home/ryu/ros2_ws/install/interfaces_pkg/include/interfaces_pkg/interfaces_pkg/msg/detail/mask__type_support.hpp
[6.049s] -- Up-to-date symlink: /home/ryu/ros2_ws/install/interfaces_pkg/include/interfaces_pkg/interfaces_pkg/msg/detail/motion_command__builder.hpp
[6.049s] -- Up-to-date symlink: /home/ryu/ros2_ws/install/interfaces_pkg/include/interfaces_pkg/interfaces_pkg/msg/detail/motion_command__struct.hpp
[6.049s] -- Up-to-date symlink: /home/ryu/ros2_ws/install/interfaces_pkg/include/interfaces_pkg/interfaces_pkg/msg/detail/motion_command__traits.hpp
[6.050s] -- Up-to-date symlink: /home/ryu/ros2_ws/install/interfaces_pkg/include/interfaces_pkg/interfaces_pkg/msg/detail/motion_command__type_support.hpp
[6.050s] -- Up-to-date symlink: /home/ryu/ros2_ws/install/interfaces_pkg/include/interfaces_pkg/interfaces_pkg/msg/detail/path_planning_result__builder.hpp
[6.050s] -- Up-to-date symlink: /home/ryu/ros2_ws/install/interfaces_pkg/include/interfaces_pkg/interfaces_pkg/msg/detail/path_planning_result__struct.hpp
[6.050s] -- Up-to-date symlink: /home/ryu/ros2_ws/install/interfaces_pkg/include/interfaces_pkg/interfaces_pkg/msg/detail/path_planning_result__traits.hpp
[6.050s] -- Up-to-date symlink: /home/ryu/ros2_ws/install/interfaces_pkg/include/interfaces_pkg/interfaces_pkg/msg/detail/path_planning_result__type_support.hpp
[6.050s] -- Up-to-date symlink: /home/ryu/ros2_ws/install/interfaces_pkg/include/interfaces_pkg/interfaces_pkg/msg/detail/point2_d__builder.hpp
[6.051s] -- Up-to-date symlink: /home/ryu/ros2_ws/install/interfaces_pkg/include/interfaces_pkg/interfaces_pkg/msg/detail/point2_d__struct.hpp
[6.051s] -- Up-to-date symlink: /home/ryu/ros2_ws/install/interfaces_pkg/include/interfaces_pkg/interfaces_pkg/msg/detail/point2_d__traits.hpp
[6.051s] -- Up-to-date symlink: /home/ryu/ros2_ws/install/interfaces_pkg/include/interfaces_pkg/interfaces_pkg/msg/detail/point2_d__type_support.hpp
[6.051s] -- Up-to-date symlink: /home/ryu/ros2_ws/install/interfaces_pkg/include/interfaces_pkg/interfaces_pkg/msg/detail/pose2_d__builder.hpp
[6.051s] -- Up-to-date symlink: /home/ryu/ros2_ws/install/interfaces_pkg/include/interfaces_pkg/interfaces_pkg/msg/detail/pose2_d__struct.hpp
[6.052s] -- Up-to-date symlink: /home/ryu/ros2_ws/install/interfaces_pkg/include/interfaces_pkg/interfaces_pkg/msg/detail/pose2_d__traits.hpp
[6.052s] -- Up-to-date symlink: /home/ryu/ros2_ws/install/interfaces_pkg/include/interfaces_pkg/interfaces_pkg/msg/detail/pose2_d__type_support.hpp
[6.052s] -- Up-to-date symlink: /home/ryu/ros2_ws/install/interfaces_pkg/include/interfaces_pkg/interfaces_pkg/msg/detail/target_point__builder.hpp
[6.052s] -- Up-to-date symlink: /home/ryu/ros2_ws/install/interfaces_pkg/include/interfaces_pkg/interfaces_pkg/msg/detail/target_point__struct.hpp
[6.052s] -- Up-to-date symlink: /home/ryu/ros2_ws/install/interfaces_pkg/include/interfaces_pkg/interfaces_pkg/msg/detail/target_point__traits.hpp
[6.053s] -- Up-to-date symlink: /home/ryu/ros2_ws/install/interfaces_pkg/include/interfaces_pkg/interfaces_pkg/msg/detail/target_point__type_support.hpp
[6.053s] -- Up-to-date symlink: /home/ryu/ros2_ws/install/interfaces_pkg/include/interfaces_pkg/interfaces_pkg/msg/detail/vector2__builder.hpp
[6.053s] -- Up-to-date symlink: /home/ryu/ros2_ws/install/interfaces_pkg/include/interfaces_pkg/interfaces_pkg/msg/detail/vector2__struct.hpp
[6.053s] -- Up-to-date symlink: /home/ryu/ros2_ws/install/interfaces_pkg/include/interfaces_pkg/interfaces_pkg/msg/detail/vector2__traits.hpp
[6.053s] -- Up-to-date symlink: /home/ryu/ros2_ws/install/interfaces_pkg/include/interfaces_pkg/interfaces_pkg/msg/detail/vector2__type_support.hpp
[6.054s] -- Up-to-date symlink: /home/ryu/ros2_ws/install/interfaces_pkg/include/interfaces_pkg/interfaces_pkg/msg/detection.hpp
[6.054s] -- Up-to-date symlink: /home/ryu/ros2_ws/install/interfaces_pkg/include/interfaces_pkg/interfaces_pkg/msg/detection_array.hpp
[6.054s] -- Up-to-date symlink: /home/ryu/ros2_ws/install/interfaces_pkg/include/interfaces_pkg/interfaces_pkg/msg/key_point2_d.hpp
[6.054s] -- Up-to-date symlink: /home/ryu/ros2_ws/install/interfaces_pkg/include/interfaces_pkg/interfaces_pkg/msg/key_point2_d_array.hpp
[6.054s] -- Up-to-date symlink: /home/ryu/ros2_ws/install/interfaces_pkg/include/interfaces_pkg/interfaces_pkg/msg/key_point3_d.hpp
[6.054s] -- Up-to-date symlink: /home/ryu/ros2_ws/install/interfaces_pkg/include/interfaces_pkg/interfaces_pkg/msg/key_point3_d_array.hpp
[6.055s] -- Up-to-date symlink: /home/ryu/ros2_ws/install/interfaces_pkg/include/interfaces_pkg/interfaces_pkg/msg/lane_info.hpp
[6.055s] -- Up-to-date symlink: /home/ryu/ros2_ws/install/interfaces_pkg/include/interfaces_pkg/interfaces_pkg/msg/mask.hpp
[6.055s] -- Up-to-date symlink: /home/ryu/ros2_ws/install/interfaces_pkg/include/interfaces_pkg/interfaces_pkg/msg/motion_command.hpp
[6.055s] -- Up-to-date symlink: /home/ryu/ros2_ws/install/interfaces_pkg/include/interfaces_pkg/interfaces_pkg/msg/path_planning_result.hpp
[6.055s] -- Up-to-date symlink: /home/ryu/ros2_ws/install/interfaces_pkg/include/interfaces_pkg/interfaces_pkg/msg/point2_d.hpp
[6.055s] -- Up-to-date symlink: /home/ryu/ros2_ws/install/interfaces_pkg/include/interfaces_pkg/interfaces_pkg/msg/pose2_d.hpp
[6.056s] -- Up-to-date symlink: /home/ryu/ros2_ws/install/interfaces_pkg/include/interfaces_pkg/interfaces_pkg/msg/rosidl_generator_cpp__visibility_control.hpp
[6.056s] -- Up-to-date symlink: /home/ryu/ros2_ws/install/interfaces_pkg/include/interfaces_pkg/interfaces_pkg/msg/target_point.hpp
[6.056s] -- Up-to-date symlink: /home/ryu/ros2_ws/install/interfaces_pkg/include/interfaces_pkg/interfaces_pkg/msg/vector2.hpp
[6.057s] -- Up-to-date symlink: /home/ryu/ros2_ws/install/interfaces_pkg/include/interfaces_pkg/interfaces_pkg/msg/detail/bounding_box2_d__rosidl_typesupport_fastrtps_cpp.hpp
[6.057s] -- Up-to-date symlink: /home/ryu/ros2_ws/install/interfaces_pkg/include/interfaces_pkg/interfaces_pkg/msg/detail/bounding_box3_d__rosidl_typesupport_fastrtps_cpp.hpp
[6.057s] -- Up-to-date symlink: /home/ryu/ros2_ws/install/interfaces_pkg/include/interfaces_pkg/interfaces_pkg/msg/detail/detection__rosidl_typesupport_fastrtps_cpp.hpp
[6.058s] -- Up-to-date symlink: /home/ryu/ros2_ws/install/interfaces_pkg/include/interfaces_pkg/interfaces_pkg/msg/detail/detection_array__rosidl_typesupport_fastrtps_cpp.hpp
[6.058s] -- Up-to-date symlink: /home/ryu/ros2_ws/install/interfaces_pkg/include/interfaces_pkg/interfaces_pkg/msg/detail/key_point2_d__rosidl_typesupport_fastrtps_cpp.hpp
[6.058s] -- Up-to-date symlink: /home/ryu/ros2_ws/install/interfaces_pkg/include/interfaces_pkg/interfaces_pkg/msg/detail/key_point2_d_array__rosidl_typesupport_fastrtps_cpp.hpp
[6.058s] -- Up-to-date symlink: /home/ryu/ros2_ws/install/interfaces_pkg/include/interfaces_pkg/interfaces_pkg/msg/detail/key_point3_d__rosidl_typesupport_fastrtps_cpp.hpp
[6.059s] -- Up-to-date symlink: /home/ryu/ros2_ws/install/interfaces_pkg/include/interfaces_pkg/interfaces_pkg/msg/detail/key_point3_d_array__rosidl_typesupport_fastrtps_cpp.hpp
[6.059s] -- Up-to-date symlink: /home/ryu/ros2_ws/install/interfaces_pkg/include/interfaces_pkg/interfaces_pkg/msg/detail/lane_info__rosidl_typesupport_fastrtps_cpp.hpp
[6.059s] -- Up-to-date symlink: /home/ryu/ros2_ws/install/interfaces_pkg/include/interfaces_pkg/interfaces_pkg/msg/detail/mask__rosidl_typesupport_fastrtps_cpp.hpp
[6.059s] -- Up-to-date symlink: /home/ryu/ros2_ws/install/interfaces_pkg/include/interfaces_pkg/interfaces_pkg/msg/detail/motion_command__rosidl_typesupport_fastrtps_cpp.hpp
[6.059s] -- Up-to-date symlink: /home/ryu/ros2_ws/install/interfaces_pkg/include/interfaces_pkg/interfaces_pkg/msg/detail/path_planning_result__rosidl_typesupport_fastrtps_cpp.hpp
[6.060s] -- Up-to-date symlink: /home/ryu/ros2_ws/install/interfaces_pkg/include/interfaces_pkg/interfaces_pkg/msg/detail/point2_d__rosidl_typesupport_fastrtps_cpp.hpp
[6.060s] -- Up-to-date symlink: /home/ryu/ros2_ws/install/interfaces_pkg/include/interfaces_pkg/interfaces_pkg/msg/detail/pose2_d__rosidl_typesupport_fastrtps_cpp.hpp
[6.060s] -- Up-to-date symlink: /home/ryu/ros2_ws/install/interfaces_pkg/include/interfaces_pkg/interfaces_pkg/msg/detail/target_point__rosidl_typesupport_fastrtps_cpp.hpp
[6.060s] -- Up-to-date symlink: /home/ryu/ros2_ws/install/interfaces_pkg/include/interfaces_pkg/interfaces_pkg/msg/detail/vector2__rosidl_typesupport_fastrtps_cpp.hpp
[6.060s] -- Up-to-date symlink: /home/ryu/ros2_ws/install/interfaces_pkg/include/interfaces_pkg/interfaces_pkg/msg/rosidl_typesupport_fastrtps_cpp__visibility_control.h
[6.061s] -- Up-to-date symlink: /home/ryu/ros2_ws/install/interfaces_pkg/include/interfaces_pkg/interfaces_pkg/msg/detail/bounding_box2_d__rosidl_typesupport_introspection_cpp.hpp
[6.061s] -- Up-to-date symlink: /home/ryu/ros2_ws/install/interfaces_pkg/include/interfaces_pkg/interfaces_pkg/msg/detail/bounding_box3_d__rosidl_typesupport_introspection_cpp.hpp
[6.061s] -- Up-to-date symlink: /home/ryu/ros2_ws/install/interfaces_pkg/include/interfaces_pkg/interfaces_pkg/msg/detail/detection__rosidl_typesupport_introspection_cpp.hpp
[6.062s] -- Up-to-date symlink: /home/ryu/ros2_ws/install/interfaces_pkg/include/interfaces_pkg/interfaces_pkg/msg/detail/detection_array__rosidl_typesupport_introspection_cpp.hpp
[6.062s] -- Up-to-date symlink: /home/ryu/ros2_ws/install/interfaces_pkg/include/interfaces_pkg/interfaces_pkg/msg/detail/key_point2_d__rosidl_typesupport_introspection_cpp.hpp
[6.062s] -- Up-to-date symlink: /home/ryu/ros2_ws/install/interfaces_pkg/include/interfaces_pkg/interfaces_pkg/msg/detail/key_point2_d_array__rosidl_typesupport_introspection_cpp.hpp
[6.062s] -- Up-to-date symlink: /home/ryu/ros2_ws/install/interfaces_pkg/include/interfaces_pkg/interfaces_pkg/msg/detail/key_point3_d__rosidl_typesupport_introspection_cpp.hpp
[6.062s] -- Up-to-date symlink: /home/ryu/ros2_ws/install/interfaces_pkg/include/interfaces_pkg/interfaces_pkg/msg/detail/key_point3_d_array__rosidl_typesupport_introspection_cpp.hpp
[6.063s] -- Up-to-date symlink: /home/ryu/ros2_ws/install/interfaces_pkg/include/interfaces_pkg/interfaces_pkg/msg/detail/lane_info__rosidl_typesupport_introspection_cpp.hpp
[6.063s] -- Up-to-date symlink: /home/ryu/ros2_ws/install/interfaces_pkg/include/interfaces_pkg/interfaces_pkg/msg/detail/mask__rosidl_typesupport_introspection_cpp.hpp
[6.063s] -- Up-to-date symlink: /home/ryu/ros2_ws/install/interfaces_pkg/include/interfaces_pkg/interfaces_pkg/msg/detail/motion_command__rosidl_typesupport_introspection_cpp.hpp
[6.063s] -- Up-to-date symlink: /home/ryu/ros2_ws/install/interfaces_pkg/include/interfaces_pkg/interfaces_pkg/msg/detail/path_planning_result__rosidl_typesupport_introspection_cpp.hpp
[6.063s] -- Up-to-date symlink: /home/ryu/ros2_ws/install/interfaces_pkg/include/interfaces_pkg/interfaces_pkg/msg/detail/point2_d__rosidl_typesupport_introspection_cpp.hpp
[6.064s] -- Up-to-date symlink: /home/ryu/ros2_ws/install/interfaces_pkg/include/interfaces_pkg/interfaces_pkg/msg/detail/pose2_d__rosidl_typesupport_introspection_cpp.hpp
[6.064s] -- Up-to-date symlink: /home/ryu/ros2_ws/install/interfaces_pkg/include/interfaces_pkg/interfaces_pkg/msg/detail/target_point__rosidl_typesupport_introspection_cpp.hpp
[6.064s] -- Up-to-date symlink: /home/ryu/ros2_ws/install/interfaces_pkg/include/interfaces_pkg/interfaces_pkg/msg/detail/vector2__rosidl_typesupport_introspection_cpp.hpp
[6.064s] -- Up-to-date symlink: /home/ryu/ros2_ws/install/interfaces_pkg/share/interfaces_pkg/environment/pythonpath.sh
[6.065s] -- Up-to-date symlink: /home/ryu/ros2_ws/install/interfaces_pkg/share/interfaces_pkg/environment/pythonpath.dsv
[6.065s] -- Up-to-date symlink: /home/ryu/ros2_ws/install/interfaces_pkg/local/lib/python3.10/dist-packages/interfaces_pkg-0.0.0-py3.10.egg-info/PKG-INFO
[6.065s] -- Up-to-date symlink: /home/ryu/ros2_ws/install/interfaces_pkg/local/lib/python3.10/dist-packages/interfaces_pkg-0.0.0-py3.10.egg-info/SOURCES.txt
[6.065s] -- Up-to-date symlink: /home/ryu/ros2_ws/install/interfaces_pkg/local/lib/python3.10/dist-packages/interfaces_pkg-0.0.0-py3.10.egg-info/dependency_links.txt
[6.066s] -- Up-to-date symlink: /home/ryu/ros2_ws/install/interfaces_pkg/local/lib/python3.10/dist-packages/interfaces_pkg-0.0.0-py3.10.egg-info/top_level.txt
[6.067s] -- Up-to-date symlink: /home/ryu/ros2_ws/install/interfaces_pkg/local/lib/python3.10/dist-packages/interfaces_pkg/__init__.py
[6.067s] -- Up-to-date symlink: /home/ryu/ros2_ws/install/interfaces_pkg/local/lib/python3.10/dist-packages/interfaces_pkg/_interfaces_pkg_s.ep.rosidl_typesupport_c.c
[6.067s] -- Up-to-date symlink: /home/ryu/ros2_ws/install/interfaces_pkg/local/lib/python3.10/dist-packages/interfaces_pkg/_interfaces_pkg_s.ep.rosidl_typesupport_fastrtps_c.c
[6.068s] -- Up-to-date symlink: /home/ryu/ros2_ws/install/interfaces_pkg/local/lib/python3.10/dist-packages/interfaces_pkg/_interfaces_pkg_s.ep.rosidl_typesupport_introspection_c.c
[6.068s] -- Up-to-date symlink: /home/ryu/ros2_ws/install/interfaces_pkg/local/lib/python3.10/dist-packages/interfaces_pkg/interfaces_pkg_s__rosidl_typesupport_c.cpython-310-x86_64-linux-gnu.so
[6.068s] -- Up-to-date symlink: /home/ryu/ros2_ws/install/interfaces_pkg/local/lib/python3.10/dist-packages/interfaces_pkg/interfaces_pkg_s__rosidl_typesupport_fastrtps_c.cpython-310-x86_64-linux-gnu.so
[6.068s] -- Up-to-date symlink: /home/ryu/ros2_ws/install/interfaces_pkg/local/lib/python3.10/dist-packages/interfaces_pkg/interfaces_pkg_s__rosidl_typesupport_introspection_c.cpython-310-x86_64-linux-gnu.so
[6.069s] -- Up-to-date symlink: /home/ryu/ros2_ws/install/interfaces_pkg/local/lib/python3.10/dist-packages/interfaces_pkg/libinterfaces_pkg__rosidl_generator_py.so
[6.069s] -- Up-to-date symlink: /home/ryu/ros2_ws/install/interfaces_pkg/local/lib/python3.10/dist-packages/interfaces_pkg/msg/__init__.py
[6.069s] -- Up-to-date symlink: /home/ryu/ros2_ws/install/interfaces_pkg/local/lib/python3.10/dist-packages/interfaces_pkg/msg/_bounding_box2_d.py
[6.069s] -- Up-to-date symlink: /home/ryu/ros2_ws/install/interfaces_pkg/local/lib/python3.10/dist-packages/interfaces_pkg/msg/_bounding_box2_d_s.c
[6.069s] -- Up-to-date symlink: /home/ryu/ros2_ws/install/interfaces_pkg/local/lib/python3.10/dist-packages/interfaces_pkg/msg/_bounding_box3_d.py
[6.070s] -- Up-to-date symlink: /home/ryu/ros2_ws/install/interfaces_pkg/local/lib/python3.10/dist-packages/interfaces_pkg/msg/_bounding_box3_d_s.c
[6.070s] -- Up-to-date symlink: /home/ryu/ros2_ws/install/interfaces_pkg/local/lib/python3.10/dist-packages/interfaces_pkg/msg/_detection.py
[6.070s] -- Up-to-date symlink: /home/ryu/ros2_ws/install/interfaces_pkg/local/lib/python3.10/dist-packages/interfaces_pkg/msg/_detection_array.py
[6.070s] -- Up-to-date symlink: /home/ryu/ros2_ws/install/interfaces_pkg/local/lib/python3.10/dist-packages/interfaces_pkg/msg/_detection_array_s.c
[6.070s] -- Up-to-date symlink: /home/ryu/ros2_ws/install/interfaces_pkg/local/lib/python3.10/dist-packages/interfaces_pkg/msg/_detection_s.c
[6.071s] -- Up-to-date symlink: /home/ryu/ros2_ws/install/interfaces_pkg/local/lib/python3.10/dist-packages/interfaces_pkg/msg/_key_point2_d.py
[6.071s] -- Up-to-date symlink: /home/ryu/ros2_ws/install/interfaces_pkg/local/lib/python3.10/dist-packages/interfaces_pkg/msg/_key_point2_d_array.py
[6.071s] -- Up-to-date symlink: /home/ryu/ros2_ws/install/interfaces_pkg/local/lib/python3.10/dist-packages/interfaces_pkg/msg/_key_point2_d_array_s.c
[6.071s] -- Up-to-date symlink: /home/ryu/ros2_ws/install/interfaces_pkg/local/lib/python3.10/dist-packages/interfaces_pkg/msg/_key_point2_d_s.c
[6.071s] -- Up-to-date symlink: /home/ryu/ros2_ws/install/interfaces_pkg/local/lib/python3.10/dist-packages/interfaces_pkg/msg/_key_point3_d.py
[6.071s] -- Up-to-date symlink: /home/ryu/ros2_ws/install/interfaces_pkg/local/lib/python3.10/dist-packages/interfaces_pkg/msg/_key_point3_d_array.py
[6.072s] -- Up-to-date symlink: /home/ryu/ros2_ws/install/interfaces_pkg/local/lib/python3.10/dist-packages/interfaces_pkg/msg/_key_point3_d_array_s.c
[6.072s] -- Up-to-date symlink: /home/ryu/ros2_ws/install/interfaces_pkg/local/lib/python3.10/dist-packages/interfaces_pkg/msg/_key_point3_d_s.c
[6.072s] -- Up-to-date symlink: /home/ryu/ros2_ws/install/interfaces_pkg/local/lib/python3.10/dist-packages/interfaces_pkg/msg/_lane_info.py
[6.072s] -- Up-to-date symlink: /home/ryu/ros2_ws/install/interfaces_pkg/local/lib/python3.10/dist-packages/interfaces_pkg/msg/_lane_info_s.c
[6.072s] -- Up-to-date symlink: /home/ryu/ros2_ws/install/interfaces_pkg/local/lib/python3.10/dist-packages/interfaces_pkg/msg/_mask.py
[6.073s] -- Up-to-date symlink: /home/ryu/ros2_ws/install/interfaces_pkg/local/lib/python3.10/dist-packages/interfaces_pkg/msg/_mask_s.c
[6.073s] -- Up-to-date symlink: /home/ryu/ros2_ws/install/interfaces_pkg/local/lib/python3.10/dist-packages/interfaces_pkg/msg/_motion_command.py
[6.073s] -- Up-to-date symlink: /home/ryu/ros2_ws/install/interfaces_pkg/local/lib/python3.10/dist-packages/interfaces_pkg/msg/_motion_command_s.c
[6.073s] -- Up-to-date symlink: /home/ryu/ros2_ws/install/interfaces_pkg/local/lib/python3.10/dist-packages/interfaces_pkg/msg/_path_planning_result.py
[6.073s] -- Up-to-date symlink: /home/ryu/ros2_ws/install/interfaces_pkg/local/lib/python3.10/dist-packages/interfaces_pkg/msg/_path_planning_result_s.c
[6.074s] -- Up-to-date symlink: /home/ryu/ros2_ws/install/interfaces_pkg/local/lib/python3.10/dist-packages/interfaces_pkg/msg/_point2_d.py
[6.074s] -- Up-to-date symlink: /home/ryu/ros2_ws/install/interfaces_pkg/local/lib/python3.10/dist-packages/interfaces_pkg/msg/_point2_d_s.c
[6.074s] -- Up-to-date symlink: /home/ryu/ros2_ws/install/interfaces_pkg/local/lib/python3.10/dist-packages/interfaces_pkg/msg/_pose2_d.py
[6.074s] -- Up-to-date symlink: /home/ryu/ros2_ws/install/interfaces_pkg/local/lib/python3.10/dist-packages/interfaces_pkg/msg/_pose2_d_s.c
[6.074s] -- Up-to-date symlink: /home/ryu/ros2_ws/install/interfaces_pkg/local/lib/python3.10/dist-packages/interfaces_pkg/msg/_target_point.py
[6.075s] -- Up-to-date symlink: /home/ryu/ros2_ws/install/interfaces_pkg/local/lib/python3.10/dist-packages/interfaces_pkg/msg/_target_point_s.c
[6.075s] -- Up-to-date symlink: /home/ryu/ros2_ws/install/interfaces_pkg/local/lib/python3.10/dist-packages/interfaces_pkg/msg/_vector2.py
[6.075s] -- Up-to-date symlink: /home/ryu/ros2_ws/install/interfaces_pkg/local/lib/python3.10/dist-packages/interfaces_pkg/msg/_vector2_s.c
[6.075s] -- Up-to-date symlink: /home/ryu/ros2_ws/install/interfaces_pkg/local/lib/python3.10/dist-packages/interfaces_pkg/interfaces_pkg_s__rosidl_typesupport_fastrtps_c.cpython-310-x86_64-linux-gnu.so
[6.076s] -- Up-to-date symlink: /home/ryu/ros2_ws/install/interfaces_pkg/local/lib/python3.10/dist-packages/interfaces_pkg/interfaces_pkg_s__rosidl_typesupport_introspection_c.cpython-310-x86_64-linux-gnu.so
[6.076s] -- Up-to-date symlink: /home/ryu/ros2_ws/install/interfaces_pkg/local/lib/python3.10/dist-packages/interfaces_pkg/interfaces_pkg_s__rosidl_typesupport_c.cpython-310-x86_64-linux-gnu.so
[6.076s] -- Up-to-date symlink: /home/ryu/ros2_ws/install/interfaces_pkg/share/interfaces_pkg/msg/Point2D.idl
[6.077s] -- Up-to-date symlink: /home/ryu/ros2_ws/install/interfaces_pkg/share/interfaces_pkg/msg/Vector2.idl
[6.077s] -- Up-to-date symlink: /home/ryu/ros2_ws/install/interfaces_pkg/share/interfaces_pkg/msg/Pose2D.idl
[6.077s] -- Up-to-date symlink: /home/ryu/ros2_ws/install/interfaces_pkg/share/interfaces_pkg/msg/BoundingBox2D.idl
[6.077s] -- Up-to-date symlink: /home/ryu/ros2_ws/install/interfaces_pkg/share/interfaces_pkg/msg/BoundingBox3D.idl
[6.078s] -- Up-to-date symlink: /home/ryu/ros2_ws/install/interfaces_pkg/share/interfaces_pkg/msg/Mask.idl
[6.078s] -- Up-to-date symlink: /home/ryu/ros2_ws/install/interfaces_pkg/share/interfaces_pkg/msg/KeyPoint2D.idl
[6.078s] -- Up-to-date symlink: /home/ryu/ros2_ws/install/interfaces_pkg/share/interfaces_pkg/msg/KeyPoint2DArray.idl
[6.078s] -- Up-to-date symlink: /home/ryu/ros2_ws/install/interfaces_pkg/share/interfaces_pkg/msg/KeyPoint3D.idl
[6.079s] -- Up-to-date symlink: /home/ryu/ros2_ws/install/interfaces_pkg/share/interfaces_pkg/msg/KeyPoint3DArray.idl
[6.079s] -- Up-to-date symlink: /home/ryu/ros2_ws/install/interfaces_pkg/share/interfaces_pkg/msg/Detection.idl
[6.079s] -- Up-to-date symlink: /home/ryu/ros2_ws/install/interfaces_pkg/share/interfaces_pkg/msg/DetectionArray.idl
[6.079s] -- Up-to-date symlink: /home/ryu/ros2_ws/install/interfaces_pkg/share/interfaces_pkg/msg/LaneInfo.idl
[6.080s] -- Up-to-date symlink: /home/ryu/ros2_ws/install/interfaces_pkg/share/interfaces_pkg/msg/MotionCommand.idl
[6.080s] -- Up-to-date symlink: /home/ryu/ros2_ws/install/interfaces_pkg/share/interfaces_pkg/msg/TargetPoint.idl
[6.080s] -- Up-to-date symlink: /home/ryu/ros2_ws/install/interfaces_pkg/share/interfaces_pkg/msg/PathPlanningResult.idl
[6.080s] -- Up-to-date symlink: /home/ryu/ros2_ws/install/interfaces_pkg/share/interfaces_pkg/msg/Point2D.msg
[6.080s] -- Up-to-date symlink: /home/ryu/ros2_ws/install/interfaces_pkg/share/interfaces_pkg/msg/Vector2.msg
[6.080s] -- Up-to-date symlink: /home/ryu/ros2_ws/install/interfaces_pkg/share/interfaces_pkg/msg/Pose2D.msg
[6.081s] -- Up-to-date symlink: /home/ryu/ros2_ws/install/interfaces_pkg/share/interfaces_pkg/msg/BoundingBox2D.msg
[6.081s] -- Up-to-date symlink: /home/ryu/ros2_ws/install/interfaces_pkg/share/interfaces_pkg/msg/BoundingBox3D.msg
[6.081s] -- Up-to-date symlink: /home/ryu/ros2_ws/install/interfaces_pkg/share/interfaces_pkg/msg/Mask.msg
[6.081s] -- Up-to-date symlink: /home/ryu/ros2_ws/install/interfaces_pkg/share/interfaces_pkg/msg/KeyPoint2D.msg
[6.081s] -- Up-to-date symlink: /home/ryu/ros2_ws/install/interfaces_pkg/share/interfaces_pkg/msg/KeyPoint2DArray.msg
[6.082s] -- Up-to-date symlink: /home/ryu/ros2_ws/install/interfaces_pkg/share/interfaces_pkg/msg/KeyPoint3D.msg
[6.082s] -- Up-to-date symlink: /home/ryu/ros2_ws/install/interfaces_pkg/share/interfaces_pkg/msg/KeyPoint3DArray.msg
[6.082s] -- Up-to-date symlink: /home/ryu/ros2_ws/install/interfaces_pkg/share/interfaces_pkg/msg/Detection.msg
[6.082s] -- Up-to-date symlink: /home/ryu/ros2_ws/install/interfaces_pkg/share/interfaces_pkg/msg/DetectionArray.msg
[6.082s] -- Up-to-date symlink: /home/ryu/ros2_ws/install/interfaces_pkg/share/interfaces_pkg/msg/LaneInfo.msg
[6.082s] -- Up-to-date symlink: /home/ryu/ros2_ws/install/interfaces_pkg/share/interfaces_pkg/msg/MotionCommand.msg
[6.083s] -- Up-to-date symlink: /home/ryu/ros2_ws/install/interfaces_pkg/share/interfaces_pkg/msg/TargetPoint.msg
[6.083s] -- Up-to-date symlink: /home/ryu/ros2_ws/install/interfaces_pkg/share/interfaces_pkg/msg/PathPlanningResult.msg
[6.083s] -- Up-to-date symlink: /home/ryu/ros2_ws/install/interfaces_pkg/share/ament_index/resource_index/package_run_dependencies/interfaces_pkg
[6.083s] -- Up-to-date symlink: /home/ryu/ros2_ws/install/interfaces_pkg/share/ament_index/resource_index/parent_prefix_path/interfaces_pkg
[6.084s] -- Up-to-date symlink: /home/ryu/ros2_ws/install/interfaces_pkg/share/interfaces_pkg/environment/ament_prefix_path.sh
[6.084s] -- Up-to-date symlink: /home/ryu/ros2_ws/install/interfaces_pkg/share/interfaces_pkg/environment/ament_prefix_path.dsv
[6.084s] -- Up-to-date symlink: /home/ryu/ros2_ws/install/interfaces_pkg/share/interfaces_pkg/environment/path.sh
[6.084s] -- Up-to-date symlink: /home/ryu/ros2_ws/install/interfaces_pkg/share/interfaces_pkg/environment/path.dsv
[6.084s] -- Up-to-date symlink: /home/ryu/ros2_ws/install/interfaces_pkg/share/interfaces_pkg/local_setup.bash
[6.085s] -- Up-to-date symlink: /home/ryu/ros2_ws/install/interfaces_pkg/share/interfaces_pkg/local_setup.sh
[6.085s] -- Up-to-date symlink: /home/ryu/ros2_ws/install/interfaces_pkg/share/interfaces_pkg/local_setup.zsh
[6.085s] -- Up-to-date symlink: /home/ryu/ros2_ws/install/interfaces_pkg/share/interfaces_pkg/local_setup.dsv
[6.085s] -- Symlinking: /home/ryu/ros2_ws/install/interfaces_pkg/share/interfaces_pkg/package.dsv
[6.096s] -- Up-to-date symlink: /home/ryu/ros2_ws/install/interfaces_pkg/share/ament_index/resource_index/packages/interfaces_pkg
[6.096s] -- Up-to-date symlink: /home/ryu/ros2_ws/install/interfaces_pkg/share/interfaces_pkg/cmake/rosidl_cmake-extras.cmake
[6.096s] -- Up-to-date symlink: /home/ryu/ros2_ws/install/interfaces_pkg/share/interfaces_pkg/cmake/ament_cmake_export_dependencies-extras.cmake
[6.096s] -- Up-to-date symlink: /home/ryu/ros2_ws/install/interfaces_pkg/share/interfaces_pkg/cmake/ament_cmake_export_include_directories-extras.cmake
[6.097s] -- Up-to-date symlink: /home/ryu/ros2_ws/install/interfaces_pkg/share/interfaces_pkg/cmake/ament_cmake_export_libraries-extras.cmake
[6.097s] -- Up-to-date symlink: /home/ryu/ros2_ws/install/interfaces_pkg/share/interfaces_pkg/cmake/ament_cmake_export_targets-extras.cmake
[6.097s] -- Up-to-date symlink: /home/ryu/ros2_ws/install/interfaces_pkg/share/interfaces_pkg/cmake/rosidl_cmake_export_typesupport_targets-extras.cmake
[6.097s] -- Up-to-date symlink: /home/ryu/ros2_ws/install/interfaces_pkg/share/interfaces_pkg/cmake/rosidl_cmake_export_typesupport_libraries-extras.cmake
[6.098s] -- Up-to-date symlink: /home/ryu/ros2_ws/install/interfaces_pkg/share/interfaces_pkg/cmake/interfaces_pkgConfig.cmake
[6.098s] -- Up-to-date symlink: /home/ryu/ros2_ws/install/interfaces_pkg/share/interfaces_pkg/cmake/interfaces_pkgConfig-version.cmake
[6.098s] -- Up-to-date symlink: /home/ryu/ros2_ws/install/interfaces_pkg/share/interfaces_pkg/package.xml
[6.098s] -- Installing: /home/ryu/ros2_ws/install/interfaces_pkg/lib/libinterfaces_pkg__rosidl_generator_c.so
[6.099s] -- Set non-toolchain portion of runtime path of "/home/ryu/ros2_ws/install/interfaces_pkg/lib/libinterfaces_pkg__rosidl_generator_c.so" to ""
[6.100s] -- Installing: /home/ryu/ros2_ws/install/interfaces_pkg/lib/libinterfaces_pkg__rosidl_typesupport_fastrtps_c.so
[6.100s] -- Set non-toolchain portion of runtime path of "/home/ryu/ros2_ws/install/interfaces_pkg/lib/libinterfaces_pkg__rosidl_typesupport_fastrtps_c.so" to ""
[6.101s] -- Installing: /home/ryu/ros2_ws/install/interfaces_pkg/lib/libinterfaces_pkg__rosidl_typesupport_introspection_c.so
[6.101s] -- Set non-toolchain portion of runtime path of "/home/ryu/ros2_ws/install/interfaces_pkg/lib/libinterfaces_pkg__rosidl_typesupport_introspection_c.so" to ""
[6.102s] -- Installing: /home/ryu/ros2_ws/install/interfaces_pkg/lib/libinterfaces_pkg__rosidl_typesupport_c.so
[6.102s] -- Set non-toolchain portion of runtime path of "/home/ryu/ros2_ws/install/interfaces_pkg/lib/libinterfaces_pkg__rosidl_typesupport_c.so" to ""
[6.102s] -- Installing: /home/ryu/ros2_ws/install/interfaces_pkg/lib/libinterfaces_pkg__rosidl_typesupport_fastrtps_cpp.so
[6.103s] -- Set non-toolchain portion of runtime path of "/home/ryu/ros2_ws/install/interfaces_pkg/lib/libinterfaces_pkg__rosidl_typesupport_fastrtps_cpp.so" to ""
[6.104s] -- Installing: /home/ryu/ros2_ws/install/interfaces_pkg/lib/libinterfaces_pkg__rosidl_typesupport_introspection_cpp.so
[6.105s] -- Set non-toolchain portion of runtime path of "/home/ryu/ros2_ws/install/interfaces_pkg/lib/libinterfaces_pkg__rosidl_typesupport_introspection_cpp.so" to ""
[6.105s] -- Installing: /home/ryu/ros2_ws/install/interfaces_pkg/lib/libinterfaces_pkg__rosidl_typesupport_cpp.so
[6.105s] -- Set non-toolchain portion of runtime path of "/home/ryu/ros2_ws/install/interfaces_pkg/lib/libinterfaces_pkg__rosidl_typesupport_cpp.so" to ""
[6.144s] Listing '/home/ryu/ros2_ws/install/interfaces_pkg/local/lib/python3.10/dist-packages/interfaces_pkg'...
[6.144s] Listing '/home/ryu/ros2_ws/install/interfaces_pkg/local/lib/python3.10/dist-packages/interfaces_pkg/msg'...
[6.149s] -- Installing: /home/ryu/ros2_ws/install/interfaces_pkg/lib/libinterfaces_pkg__rosidl_generator_py.so
[6.149s] -- Set non-toolchain portion of runtime path of "/home/ryu/ros2_ws/install/interfaces_pkg/lib/libinterfaces_pkg__rosidl_generator_py.so" to ""
[6.150s] -- Up-to-date: /home/ryu/ros2_ws/install/interfaces_pkg/share/interfaces_pkg/cmake/export_interfaces_pkg__rosidl_generator_cExport.cmake
[6.150s] -- Up-to-date: /home/ryu/ros2_ws/install/interfaces_pkg/share/interfaces_pkg/cmake/export_interfaces_pkg__rosidl_generator_cExport-noconfig.cmake
[6.150s] -- Up-to-date: /home/ryu/ros2_ws/install/interfaces_pkg/share/interfaces_pkg/cmake/export_interfaces_pkg__rosidl_typesupport_fastrtps_cExport.cmake
[6.151s] -- Up-to-date: /home/ryu/ros2_ws/install/interfaces_pkg/share/interfaces_pkg/cmake/export_interfaces_pkg__rosidl_typesupport_fastrtps_cExport-noconfig.cmake
[6.151s] -- Up-to-date: /home/ryu/ros2_ws/install/interfaces_pkg/share/interfaces_pkg/cmake/interfaces_pkg__rosidl_typesupport_introspection_cExport.cmake
[6.151s] -- Up-to-date: /home/ryu/ros2_ws/install/interfaces_pkg/share/interfaces_pkg/cmake/interfaces_pkg__rosidl_typesupport_introspection_cExport-noconfig.cmake
[6.151s] -- Up-to-date: /home/ryu/ros2_ws/install/interfaces_pkg/share/interfaces_pkg/cmake/interfaces_pkg__rosidl_typesupport_cExport.cmake
[6.151s] -- Up-to-date: /home/ryu/ros2_ws/install/interfaces_pkg/share/interfaces_pkg/cmake/interfaces_pkg__rosidl_typesupport_cExport-noconfig.cmake
[6.152s] -- Up-to-date: /home/ryu/ros2_ws/install/interfaces_pkg/share/interfaces_pkg/cmake/export_interfaces_pkg__rosidl_generator_cppExport.cmake
[6.152s] -- Up-to-date: /home/ryu/ros2_ws/install/interfaces_pkg/share/interfaces_pkg/cmake/export_interfaces_pkg__rosidl_typesupport_fastrtps_cppExport.cmake
[6.152s] -- Up-to-date: /home/ryu/ros2_ws/install/interfaces_pkg/share/interfaces_pkg/cmake/export_interfaces_pkg__rosidl_typesupport_fastrtps_cppExport-noconfig.cmake
[6.152s] -- Up-to-date: /home/ryu/ros2_ws/install/interfaces_pkg/share/interfaces_pkg/cmake/interfaces_pkg__rosidl_typesupport_introspection_cppExport.cmake
[6.153s] -- Up-to-date: /home/ryu/ros2_ws/install/interfaces_pkg/share/interfaces_pkg/cmake/interfaces_pkg__rosidl_typesupport_introspection_cppExport-noconfig.cmake
[6.153s] -- Up-to-date: /home/ryu/ros2_ws/install/interfaces_pkg/share/interfaces_pkg/cmake/interfaces_pkg__rosidl_typesupport_cppExport.cmake
[6.153s] -- Up-to-date: /home/ryu/ros2_ws/install/interfaces_pkg/share/interfaces_pkg/cmake/interfaces_pkg__rosidl_typesupport_cppExport-noconfig.cmake
[6.153s] -- Up-to-date: /home/ryu/ros2_ws/install/interfaces_pkg/share/interfaces_pkg/cmake/export_interfaces_pkg__rosidl_generator_pyExport.cmake
[6.153s] -- Up-to-date: /home/ryu/ros2_ws/install/interfaces_pkg/share/interfaces_pkg/cmake/export_interfaces_pkg__rosidl_generator_pyExport-noconfig.cmake
[6.156s] Invoked command in '/home/ryu/ros2_ws/build/interfaces_pkg' returned '0': CMAKE_PREFIX_PATH=${CMAKE_PREFIX_PATH}:/home/ryu/ros2_ws/install/serial_communication_pkg:/home/ryu/ros2_ws/install/lidar_perception_pkg:/home/ryu/ros2_ws/install/decision_making_pkg:/home/ryu/ros2_ws/install/debug_pkg:/home/ryu/ros2_ws/install/camera_perception_pkg:/opt/ros/humble /usr/local/bin/cmake --install /home/ryu/ros2_ws/build/interfaces_pkg
