[1.945s] Invoking command in '/home/ryu/ros2_ws/build/debug_pkg': PYTHONPATH=/home/ryu/ros2_ws/build/debug_pkg/prefix_override:/usr/lib/python3/dist-packages/colcon_core/task/python/colcon_distutils_commands:/home/ryu/ros2_ws/install/debug_pkg/lib/python3.10/site-packages:${PYTHONPATH} /usr/bin/python3 -W ignore:setup.py install is deprecated -W ignore:easy_install command is deprecated setup.py develop --editable --build-directory /home/ryu/ros2_ws/build/debug_pkg/build --no-deps symlink_data
[2.194s] running develop
[2.347s] running egg_info
[2.347s] creating debug_pkg.egg-info
[2.347s] writing debug_pkg.egg-info/PKG-INFO
[2.347s] writing dependency_links to debug_pkg.egg-info/dependency_links.txt
[2.347s] writing entry points to debug_pkg.egg-info/entry_points.txt
[2.347s] writing requirements to debug_pkg.egg-info/requires.txt
[2.347s] writing top-level names to debug_pkg.egg-info/top_level.txt
[2.348s] writing manifest file 'debug_pkg.egg-info/SOURCES.txt'
[2.349s] reading manifest file 'debug_pkg.egg-info/SOURCES.txt'
[2.350s] writing manifest file 'debug_pkg.egg-info/SOURCES.txt'
[2.351s] running build_ext
[2.351s] Creating /home/ryu/ros2_ws/install/debug_pkg/lib/python3.10/site-packages/debug-pkg.egg-link (link to .)
[2.352s] Installing path_visualizer_node script to /home/ryu/ros2_ws/install/debug_pkg/lib/debug_pkg
[2.352s] Installing yolov8_visualizer_node script to /home/ryu/ros2_ws/install/debug_pkg/lib/debug_pkg
[2.352s] 
[2.352s] Installed /home/ryu/ros2_ws/build/debug_pkg
[2.353s] running symlink_data
[2.353s] creating /home/ryu/ros2_ws/install/debug_pkg/share/ament_index
[2.353s] creating /home/ryu/ros2_ws/install/debug_pkg/share/ament_index/resource_index
[2.353s] creating /home/ryu/ros2_ws/install/debug_pkg/share/ament_index/resource_index/packages
[2.353s] symbolically linking /home/ryu/ros2_ws/build/debug_pkg/resource/debug_pkg -> /home/ryu/ros2_ws/install/debug_pkg/share/ament_index/resource_index/packages
[2.353s] symbolically linking /home/ryu/ros2_ws/build/debug_pkg/package.xml -> /home/ryu/ros2_ws/install/debug_pkg/share/debug_pkg
[2.411s] Invoked command in '/home/ryu/ros2_ws/build/debug_pkg' returned '0': PYTHONPATH=/home/ryu/ros2_ws/build/debug_pkg/prefix_override:/usr/lib/python3/dist-packages/colcon_core/task/python/colcon_distutils_commands:/home/ryu/ros2_ws/install/debug_pkg/lib/python3.10/site-packages:${PYTHONPATH} /usr/bin/python3 -W ignore:setup.py install is deprecated -W ignore:easy_install command is deprecated setup.py develop --editable --build-directory /home/ryu/ros2_ws/build/debug_pkg/build --no-deps symlink_data
