[1.942s] Invoking command in '/home/ryu/ros2_ws/build/lidar_perception_pkg': PYTHONPATH=/home/ryu/ros2_ws/build/lidar_perception_pkg/prefix_override:/usr/lib/python3/dist-packages/colcon_core/task/python/colcon_distutils_commands:/home/ryu/ros2_ws/install/lidar_perception_pkg/lib/python3.10/site-packages:${PYTHONPATH} /usr/bin/python3 -W ignore:setup.py install is deprecated -W ignore:easy_install command is deprecated setup.py develop --editable --build-directory /home/ryu/ros2_ws/build/lidar_perception_pkg/build --no-deps symlink_data
[2.191s] running develop
[2.345s] running egg_info
[2.345s] creating lidar_perception_pkg.egg-info
[2.345s] writing lidar_perception_pkg.egg-info/PKG-INFO
[2.346s] writing dependency_links to lidar_perception_pkg.egg-info/dependency_links.txt
[2.346s] writing entry points to lidar_perception_pkg.egg-info/entry_points.txt
[2.346s] writing requirements to lidar_perception_pkg.egg-info/requires.txt
[2.346s] writing top-level names to lidar_perception_pkg.egg-info/top_level.txt
[2.347s] writing manifest file 'lidar_perception_pkg.egg-info/SOURCES.txt'
[2.349s] reading manifest file 'lidar_perception_pkg.egg-info/SOURCES.txt'
[2.349s] writing manifest file 'lidar_perception_pkg.egg-info/SOURCES.txt'
[2.351s] running build_ext
[2.351s] Creating /home/ryu/ros2_ws/install/lidar_perception_pkg/lib/python3.10/site-packages/lidar-perception-pkg.egg-link (link to .)
[2.352s] Installing lidar_obstacle_detector_node script to /home/ryu/ros2_ws/install/lidar_perception_pkg/lib/lidar_perception_pkg
[2.352s] Installing lidar_processor_node script to /home/ryu/ros2_ws/install/lidar_perception_pkg/lib/lidar_perception_pkg
[2.352s] Installing lidar_publisher_node script to /home/ryu/ros2_ws/install/lidar_perception_pkg/lib/lidar_perception_pkg
[2.352s] 
[2.352s] Installed /home/ryu/ros2_ws/build/lidar_perception_pkg
[2.352s] running symlink_data
[2.353s] creating /home/ryu/ros2_ws/install/lidar_perception_pkg/share/ament_index
[2.353s] creating /home/ryu/ros2_ws/install/lidar_perception_pkg/share/ament_index/resource_index
[2.353s] creating /home/ryu/ros2_ws/install/lidar_perception_pkg/share/ament_index/resource_index/packages
[2.353s] symbolically linking /home/ryu/ros2_ws/build/lidar_perception_pkg/resource/lidar_perception_pkg -> /home/ryu/ros2_ws/install/lidar_perception_pkg/share/ament_index/resource_index/packages
[2.353s] symbolically linking /home/ryu/ros2_ws/build/lidar_perception_pkg/package.xml -> /home/ryu/ros2_ws/install/lidar_perception_pkg/share/lidar_perception_pkg
[2.424s] Invoked command in '/home/ryu/ros2_ws/build/lidar_perception_pkg' returned '0': PYTHONPATH=/home/ryu/ros2_ws/build/lidar_perception_pkg/prefix_override:/usr/lib/python3/dist-packages/colcon_core/task/python/colcon_distutils_commands:/home/ryu/ros2_ws/install/lidar_perception_pkg/lib/python3.10/site-packages:${PYTHONPATH} /usr/bin/python3 -W ignore:setup.py install is deprecated -W ignore:easy_install command is deprecated setup.py develop --editable --build-directory /home/ryu/ros2_ws/build/lidar_perception_pkg/build --no-deps symlink_data
