[1.928s] Invoking command in '/home/ryu/ros2_ws/build/serial_communication_pkg': PYTHONPATH=/home/ryu/ros2_ws/build/serial_communication_pkg/prefix_override:/usr/lib/python3/dist-packages/colcon_core/task/python/colcon_distutils_commands:/home/ryu/ros2_ws/install/serial_communication_pkg/lib/python3.10/site-packages:${PYTHONPATH} /usr/bin/python3 -W ignore:setup.py install is deprecated -W ignore:easy_install command is deprecated setup.py develop --editable --build-directory /home/ryu/ros2_ws/build/serial_communication_pkg/build --no-deps symlink_data
[2.173s] running develop
[2.321s] running egg_info
[2.322s] creating serial_communication_pkg.egg-info
[2.322s] writing serial_communication_pkg.egg-info/PKG-INFO
[2.322s] writing dependency_links to serial_communication_pkg.egg-info/dependency_links.txt
[2.322s] writing entry points to serial_communication_pkg.egg-info/entry_points.txt
[2.322s] writing requirements to serial_communication_pkg.egg-info/requires.txt
[2.322s] writing top-level names to serial_communication_pkg.egg-info/top_level.txt
[2.323s] writing manifest file 'serial_communication_pkg.egg-info/SOURCES.txt'
[2.324s] reading manifest file 'serial_communication_pkg.egg-info/SOURCES.txt'
[2.324s] writing manifest file 'serial_communication_pkg.egg-info/SOURCES.txt'
[2.326s] running build_ext
[2.326s] Creating /home/ryu/ros2_ws/install/serial_communication_pkg/lib/python3.10/site-packages/serial-communication-pkg.egg-link (link to .)
[2.326s] Installing serial_sender_node script to /home/ryu/ros2_ws/install/serial_communication_pkg/lib/serial_communication_pkg
[2.327s] 
[2.327s] Installed /home/ryu/ros2_ws/build/serial_communication_pkg
[2.327s] running symlink_data
[2.327s] creating /home/ryu/ros2_ws/install/serial_communication_pkg/share/ament_index
[2.327s] creating /home/ryu/ros2_ws/install/serial_communication_pkg/share/ament_index/resource_index
[2.327s] creating /home/ryu/ros2_ws/install/serial_communication_pkg/share/ament_index/resource_index/packages
[2.327s] symbolically linking /home/ryu/ros2_ws/build/serial_communication_pkg/resource/serial_communication_pkg -> /home/ryu/ros2_ws/install/serial_communication_pkg/share/ament_index/resource_index/packages
[2.327s] symbolically linking /home/ryu/ros2_ws/build/serial_communication_pkg/package.xml -> /home/ryu/ros2_ws/install/serial_communication_pkg/share/serial_communication_pkg
[2.365s] Invoked command in '/home/ryu/ros2_ws/build/serial_communication_pkg' returned '0': PYTHONPATH=/home/ryu/ros2_ws/build/serial_communication_pkg/prefix_override:/usr/lib/python3/dist-packages/colcon_core/task/python/colcon_distutils_commands:/home/ryu/ros2_ws/install/serial_communication_pkg/lib/python3.10/site-packages:${PYTHONPATH} /usr/bin/python3 -W ignore:setup.py install is deprecated -W ignore:easy_install command is deprecated setup.py develop --editable --build-directory /home/ryu/ros2_ws/build/serial_communication_pkg/build --no-deps symlink_data
