[1.944s] Invoking command in '/home/ryu/ros2_ws/build/decision_making_pkg': PYTHONPATH=/home/ryu/ros2_ws/build/decision_making_pkg/prefix_override:/usr/lib/python3/dist-packages/colcon_core/task/python/colcon_distutils_commands:/home/ryu/ros2_ws/install/decision_making_pkg/lib/python3.10/site-packages:${PYTHONPATH} /usr/bin/python3 -W ignore:setup.py install is deprecated -W ignore:easy_install command is deprecated setup.py develop --editable --build-directory /home/ryu/ros2_ws/build/decision_making_pkg/build --no-deps symlink_data
[2.191s] running develop
[2.345s] running egg_info
[2.345s] creating decision_making_pkg.egg-info
[2.345s] writing decision_making_pkg.egg-info/PKG-INFO
[2.345s] writing dependency_links to decision_making_pkg.egg-info/dependency_links.txt
[2.345s] writing entry points to decision_making_pkg.egg-info/entry_points.txt
[2.346s] writing requirements to decision_making_pkg.egg-info/requires.txt
[2.346s] writing top-level names to decision_making_pkg.egg-info/top_level.txt
[2.346s] writing manifest file 'decision_making_pkg.egg-info/SOURCES.txt'
[2.348s] reading manifest file 'decision_making_pkg.egg-info/SOURCES.txt'
[2.348s] writing manifest file 'decision_making_pkg.egg-info/SOURCES.txt'
[2.350s] running build_ext
[2.350s] Creating /home/ryu/ros2_ws/install/decision_making_pkg/lib/python3.10/site-packages/decision-making-pkg.egg-link (link to .)
[2.351s] Installing motion_planner_node script to /home/ryu/ros2_ws/install/decision_making_pkg/lib/decision_making_pkg
[2.351s] Installing path_planner_node script to /home/ryu/ros2_ws/install/decision_making_pkg/lib/decision_making_pkg
[2.351s] 
[2.351s] Installed /home/ryu/ros2_ws/build/decision_making_pkg
[2.352s] running symlink_data
[2.352s] creating /home/ryu/ros2_ws/install/decision_making_pkg/share/ament_index
[2.352s] creating /home/ryu/ros2_ws/install/decision_making_pkg/share/ament_index/resource_index
[2.352s] creating /home/ryu/ros2_ws/install/decision_making_pkg/share/ament_index/resource_index/packages
[2.352s] symbolically linking /home/ryu/ros2_ws/build/decision_making_pkg/resource/decision_making_pkg -> /home/ryu/ros2_ws/install/decision_making_pkg/share/ament_index/resource_index/packages
[2.352s] symbolically linking /home/ryu/ros2_ws/build/decision_making_pkg/package.xml -> /home/ryu/ros2_ws/install/decision_making_pkg/share/decision_making_pkg
[2.417s] Invoked command in '/home/ryu/ros2_ws/build/decision_making_pkg' returned '0': PYTHONPATH=/home/ryu/ros2_ws/build/decision_making_pkg/prefix_override:/usr/lib/python3/dist-packages/colcon_core/task/python/colcon_distutils_commands:/home/ryu/ros2_ws/install/decision_making_pkg/lib/python3.10/site-packages:${PYTHONPATH} /usr/bin/python3 -W ignore:setup.py install is deprecated -W ignore:easy_install command is deprecated setup.py develop --editable --build-directory /home/ryu/ros2_ws/build/decision_making_pkg/build --no-deps symlink_data
