[0.083s] DEBUG:colcon:Command line arguments: ['/usr/bin/colcon', 'build', '--symlink-install']
[0.083s] DEBUG:colcon:Parsed command line arguments: Namespace(log_base=None, log_level=None, verb_name='build', build_base='build', install_base='install', merge_install=False, symlink_install=True, test_result_base=None, continue_on_error=False, executor='parallel', parallel_workers=12, event_handlers=None, ignore_user_meta=False, metas=['./colcon.meta'], base_paths=['.'], packages_ignore=None, packages_ignore_regex=None, paths=None, packages_up_to=None, packages_up_to_regex=None, packages_above=None, packages_above_and_dependencies=None, packages_above_depth=None, packages_select_by_dep=None, packages_skip_by_dep=None, packages_skip_up_to=None, packages_select_build_failed=False, packages_skip_build_finished=False, packages_select_test_failures=False, packages_skip_test_passed=False, packages_select=None, packages_skip=None, packages_select_regex=None, packages_skip_regex=None, packages_start=None, packages_end=None, allow_overriding=[], cmake_args=None, cmake_target=None, cmake_target_skip_unavailable=False, cmake_clean_cache=False, cmake_clean_first=False, cmake_force_configure=False, ament_cmake_args=None, catkin_cmake_args=None, catkin_skip_building_tests=False, mixin_files=None, mixin=None, verb_parser=<colcon_mixin.mixin.mixin_argument.MixinArgumentDecorator object at 0x77c1b8474610>, verb_extension=<colcon_core.verb.build.BuildVerb object at 0x77c1b84740a0>, main=<bound method BuildVerb.main of <colcon_core.verb.build.BuildVerb object at 0x77c1b84740a0>>, mixin_verb=('build',))
[0.224s] Level 1:colcon.colcon_core.package_discovery:discover_packages(colcon_meta) check parameters
[0.224s] Level 1:colcon.colcon_core.package_discovery:discover_packages(recursive) check parameters
[0.224s] Level 1:colcon.colcon_core.package_discovery:discover_packages(ignore) check parameters
[0.224s] Level 1:colcon.colcon_core.package_discovery:discover_packages(path) check parameters
[0.224s] Level 1:colcon.colcon_core.package_discovery:discover_packages(colcon_meta) discover
[0.224s] Level 1:colcon.colcon_core.package_discovery:discover_packages(recursive) discover
[0.224s] INFO:colcon.colcon_core.package_discovery:Crawling recursively for packages in '/home/ryu/ros2_ws'
[0.224s] Level 1:colcon.colcon_core.package_identification:_identify(.) by extensions ['ignore', 'ignore_ament_install']
[0.224s] Level 1:colcon.colcon_core.package_identification:_identify(.) by extension 'ignore'
[0.224s] Level 1:colcon.colcon_core.package_identification:_identify(.) by extension 'ignore_ament_install'
[0.224s] Level 1:colcon.colcon_core.package_identification:_identify(.) by extensions ['colcon_pkg']
[0.224s] Level 1:colcon.colcon_core.package_identification:_identify(.) by extension 'colcon_pkg'
[0.224s] Level 1:colcon.colcon_core.package_identification:_identify(.) by extensions ['colcon_meta']
[0.224s] Level 1:colcon.colcon_core.package_identification:_identify(.) by extension 'colcon_meta'
[0.224s] Level 1:colcon.colcon_core.package_identification:_identify(.) by extensions ['ros']
[0.224s] Level 1:colcon.colcon_core.package_identification:_identify(.) by extension 'ros'
[0.240s] Level 1:colcon.colcon_core.package_identification:_identify(.) by extensions ['cmake', 'python']
[0.240s] Level 1:colcon.colcon_core.package_identification:_identify(.) by extension 'cmake'
[0.240s] Level 1:colcon.colcon_core.package_identification:_identify(.) by extension 'python'
[0.240s] Level 1:colcon.colcon_core.package_identification:_identify(.) by extensions ['python_setup_py']
[0.240s] Level 1:colcon.colcon_core.package_identification:_identify(.) by extension 'python_setup_py'
[0.240s] Level 1:colcon.colcon_core.package_identification:_identify(build) by extensions ['ignore', 'ignore_ament_install']
[0.240s] Level 1:colcon.colcon_core.package_identification:_identify(build) by extension 'ignore'
[0.240s] Level 1:colcon.colcon_core.package_identification:_identify(build) ignored
[0.241s] Level 1:colcon.colcon_core.package_identification:_identify(install) by extensions ['ignore', 'ignore_ament_install']
[0.241s] Level 1:colcon.colcon_core.package_identification:_identify(install) by extension 'ignore'
[0.241s] Level 1:colcon.colcon_core.package_identification:_identify(install) ignored
[0.241s] Level 1:colcon.colcon_core.package_identification:_identify(log) by extensions ['ignore', 'ignore_ament_install']
[0.241s] Level 1:colcon.colcon_core.package_identification:_identify(log) by extension 'ignore'
[0.241s] Level 1:colcon.colcon_core.package_identification:_identify(log) ignored
[0.241s] Level 1:colcon.colcon_core.package_identification:_identify(src) by extensions ['ignore', 'ignore_ament_install']
[0.241s] Level 1:colcon.colcon_core.package_identification:_identify(src) by extension 'ignore'
[0.241s] Level 1:colcon.colcon_core.package_identification:_identify(src) by extension 'ignore_ament_install'
[0.241s] Level 1:colcon.colcon_core.package_identification:_identify(src) by extensions ['colcon_pkg']
[0.241s] Level 1:colcon.colcon_core.package_identification:_identify(src) by extension 'colcon_pkg'
[0.241s] Level 1:colcon.colcon_core.package_identification:_identify(src) by extensions ['colcon_meta']
[0.241s] Level 1:colcon.colcon_core.package_identification:_identify(src) by extension 'colcon_meta'
[0.241s] Level 1:colcon.colcon_core.package_identification:_identify(src) by extensions ['ros']
[0.241s] Level 1:colcon.colcon_core.package_identification:_identify(src) by extension 'ros'
[0.241s] Level 1:colcon.colcon_core.package_identification:_identify(src) by extensions ['cmake', 'python']
[0.241s] Level 1:colcon.colcon_core.package_identification:_identify(src) by extension 'cmake'
[0.241s] Level 1:colcon.colcon_core.package_identification:_identify(src) by extension 'python'
[0.241s] Level 1:colcon.colcon_core.package_identification:_identify(src) by extensions ['python_setup_py']
[0.241s] Level 1:colcon.colcon_core.package_identification:_identify(src) by extension 'python_setup_py'
[0.241s] Level 1:colcon.colcon_core.package_identification:_identify(src/camera_perception_pkg) by extensions ['ignore', 'ignore_ament_install']
[0.242s] Level 1:colcon.colcon_core.package_identification:_identify(src/camera_perception_pkg) by extension 'ignore'
[0.242s] Level 1:colcon.colcon_core.package_identification:_identify(src/camera_perception_pkg) by extension 'ignore_ament_install'
[0.242s] Level 1:colcon.colcon_core.package_identification:_identify(src/camera_perception_pkg) by extensions ['colcon_pkg']
[0.242s] Level 1:colcon.colcon_core.package_identification:_identify(src/camera_perception_pkg) by extension 'colcon_pkg'
[0.242s] Level 1:colcon.colcon_core.package_identification:_identify(src/camera_perception_pkg) by extensions ['colcon_meta']
[0.242s] Level 1:colcon.colcon_core.package_identification:_identify(src/camera_perception_pkg) by extension 'colcon_meta'
[0.242s] Level 1:colcon.colcon_core.package_identification:_identify(src/camera_perception_pkg) by extensions ['ros']
[0.242s] Level 1:colcon.colcon_core.package_identification:_identify(src/camera_perception_pkg) by extension 'ros'
[0.244s] DEBUG:colcon.colcon_core.package_identification:Package 'src/camera_perception_pkg' with type 'ros.ament_python' and name 'camera_perception_pkg'
[0.244s] Level 1:colcon.colcon_core.package_identification:_identify(src/control) by extensions ['ignore', 'ignore_ament_install']
[0.244s] Level 1:colcon.colcon_core.package_identification:_identify(src/control) by extension 'ignore'
[0.244s] Level 1:colcon.colcon_core.package_identification:_identify(src/control) by extension 'ignore_ament_install'
[0.244s] Level 1:colcon.colcon_core.package_identification:_identify(src/control) by extensions ['colcon_pkg']
[0.244s] Level 1:colcon.colcon_core.package_identification:_identify(src/control) by extension 'colcon_pkg'
[0.244s] Level 1:colcon.colcon_core.package_identification:_identify(src/control) by extensions ['colcon_meta']
[0.244s] Level 1:colcon.colcon_core.package_identification:_identify(src/control) by extension 'colcon_meta'
[0.244s] Level 1:colcon.colcon_core.package_identification:_identify(src/control) by extensions ['ros']
[0.244s] Level 1:colcon.colcon_core.package_identification:_identify(src/control) by extension 'ros'
[0.244s] Level 1:colcon.colcon_core.package_identification:_identify(src/control) by extensions ['cmake', 'python']
[0.244s] Level 1:colcon.colcon_core.package_identification:_identify(src/control) by extension 'cmake'
[0.244s] Level 1:colcon.colcon_core.package_identification:_identify(src/control) by extension 'python'
[0.244s] Level 1:colcon.colcon_core.package_identification:_identify(src/control) by extensions ['python_setup_py']
[0.244s] Level 1:colcon.colcon_core.package_identification:_identify(src/control) by extension 'python_setup_py'
[0.244s] Level 1:colcon.colcon_core.package_identification:_identify(src/control/check_variable_resistor) by extensions ['ignore', 'ignore_ament_install']
[0.244s] Level 1:colcon.colcon_core.package_identification:_identify(src/control/check_variable_resistor) by extension 'ignore'
[0.244s] Level 1:colcon.colcon_core.package_identification:_identify(src/control/check_variable_resistor) by extension 'ignore_ament_install'
[0.244s] Level 1:colcon.colcon_core.package_identification:_identify(src/control/check_variable_resistor) by extensions ['colcon_pkg']
[0.244s] Level 1:colcon.colcon_core.package_identification:_identify(src/control/check_variable_resistor) by extension 'colcon_pkg'
[0.244s] Level 1:colcon.colcon_core.package_identification:_identify(src/control/check_variable_resistor) by extensions ['colcon_meta']
[0.244s] Level 1:colcon.colcon_core.package_identification:_identify(src/control/check_variable_resistor) by extension 'colcon_meta'
[0.245s] Level 1:colcon.colcon_core.package_identification:_identify(src/control/check_variable_resistor) by extensions ['ros']
[0.245s] Level 1:colcon.colcon_core.package_identification:_identify(src/control/check_variable_resistor) by extension 'ros'
[0.245s] Level 1:colcon.colcon_core.package_identification:_identify(src/control/check_variable_resistor) by extensions ['cmake', 'python']
[0.245s] Level 1:colcon.colcon_core.package_identification:_identify(src/control/check_variable_resistor) by extension 'cmake'
[0.245s] Level 1:colcon.colcon_core.package_identification:_identify(src/control/check_variable_resistor) by extension 'python'
[0.245s] Level 1:colcon.colcon_core.package_identification:_identify(src/control/check_variable_resistor) by extensions ['python_setup_py']
[0.245s] Level 1:colcon.colcon_core.package_identification:_identify(src/control/check_variable_resistor) by extension 'python_setup_py'
[0.245s] Level 1:colcon.colcon_core.package_identification:_identify(src/control/driving) by extensions ['ignore', 'ignore_ament_install']
[0.245s] Level 1:colcon.colcon_core.package_identification:_identify(src/control/driving) by extension 'ignore'
[0.245s] Level 1:colcon.colcon_core.package_identification:_identify(src/control/driving) by extension 'ignore_ament_install'
[0.245s] Level 1:colcon.colcon_core.package_identification:_identify(src/control/driving) by extensions ['colcon_pkg']
[0.245s] Level 1:colcon.colcon_core.package_identification:_identify(src/control/driving) by extension 'colcon_pkg'
[0.245s] Level 1:colcon.colcon_core.package_identification:_identify(src/control/driving) by extensions ['colcon_meta']
[0.245s] Level 1:colcon.colcon_core.package_identification:_identify(src/control/driving) by extension 'colcon_meta'
[0.245s] Level 1:colcon.colcon_core.package_identification:_identify(src/control/driving) by extensions ['ros']
[0.245s] Level 1:colcon.colcon_core.package_identification:_identify(src/control/driving) by extension 'ros'
[0.245s] Level 1:colcon.colcon_core.package_identification:_identify(src/control/driving) by extensions ['cmake', 'python']
[0.245s] Level 1:colcon.colcon_core.package_identification:_identify(src/control/driving) by extension 'cmake'
[0.245s] Level 1:colcon.colcon_core.package_identification:_identify(src/control/driving) by extension 'python'
[0.245s] Level 1:colcon.colcon_core.package_identification:_identify(src/control/driving) by extensions ['python_setup_py']
[0.245s] Level 1:colcon.colcon_core.package_identification:_identify(src/control/driving) by extension 'python_setup_py'
[0.245s] Level 1:colcon.colcon_core.package_identification:_identify(src/control/motor_test) by extensions ['ignore', 'ignore_ament_install']
[0.245s] Level 1:colcon.colcon_core.package_identification:_identify(src/control/motor_test) by extension 'ignore'
[0.245s] Level 1:colcon.colcon_core.package_identification:_identify(src/control/motor_test) by extension 'ignore_ament_install'
[0.245s] Level 1:colcon.colcon_core.package_identification:_identify(src/control/motor_test) by extensions ['colcon_pkg']
[0.245s] Level 1:colcon.colcon_core.package_identification:_identify(src/control/motor_test) by extension 'colcon_pkg'
[0.246s] Level 1:colcon.colcon_core.package_identification:_identify(src/control/motor_test) by extensions ['colcon_meta']
[0.246s] Level 1:colcon.colcon_core.package_identification:_identify(src/control/motor_test) by extension 'colcon_meta'
[0.246s] Level 1:colcon.colcon_core.package_identification:_identify(src/control/motor_test) by extensions ['ros']
[0.246s] Level 1:colcon.colcon_core.package_identification:_identify(src/control/motor_test) by extension 'ros'
[0.246s] Level 1:colcon.colcon_core.package_identification:_identify(src/control/motor_test) by extensions ['cmake', 'python']
[0.246s] Level 1:colcon.colcon_core.package_identification:_identify(src/control/motor_test) by extension 'cmake'
[0.246s] Level 1:colcon.colcon_core.package_identification:_identify(src/control/motor_test) by extension 'python'
[0.246s] Level 1:colcon.colcon_core.package_identification:_identify(src/control/motor_test) by extensions ['python_setup_py']
[0.246s] Level 1:colcon.colcon_core.package_identification:_identify(src/control/motor_test) by extension 'python_setup_py'
[0.246s] Level 1:colcon.colcon_core.package_identification:_identify(src/control/ultrasonic) by extensions ['ignore', 'ignore_ament_install']
[0.246s] Level 1:colcon.colcon_core.package_identification:_identify(src/control/ultrasonic) by extension 'ignore'
[0.246s] Level 1:colcon.colcon_core.package_identification:_identify(src/control/ultrasonic) by extension 'ignore_ament_install'
[0.246s] Level 1:colcon.colcon_core.package_identification:_identify(src/control/ultrasonic) by extensions ['colcon_pkg']
[0.246s] Level 1:colcon.colcon_core.package_identification:_identify(src/control/ultrasonic) by extension 'colcon_pkg'
[0.246s] Level 1:colcon.colcon_core.package_identification:_identify(src/control/ultrasonic) by extensions ['colcon_meta']
[0.246s] Level 1:colcon.colcon_core.package_identification:_identify(src/control/ultrasonic) by extension 'colcon_meta'
[0.246s] Level 1:colcon.colcon_core.package_identification:_identify(src/control/ultrasonic) by extensions ['ros']
[0.246s] Level 1:colcon.colcon_core.package_identification:_identify(src/control/ultrasonic) by extension 'ros'
[0.246s] Level 1:colcon.colcon_core.package_identification:_identify(src/control/ultrasonic) by extensions ['cmake', 'python']
[0.246s] Level 1:colcon.colcon_core.package_identification:_identify(src/control/ultrasonic) by extension 'cmake'
[0.246s] Level 1:colcon.colcon_core.package_identification:_identify(src/control/ultrasonic) by extension 'python'
[0.246s] Level 1:colcon.colcon_core.package_identification:_identify(src/control/ultrasonic) by extensions ['python_setup_py']
[0.246s] Level 1:colcon.colcon_core.package_identification:_identify(src/control/ultrasonic) by extension 'python_setup_py'
[0.246s] Level 1:colcon.colcon_core.package_identification:_identify(src/data_collection) by extensions ['ignore', 'ignore_ament_install']
[0.246s] Level 1:colcon.colcon_core.package_identification:_identify(src/data_collection) by extension 'ignore'
[0.246s] Level 1:colcon.colcon_core.package_identification:_identify(src/data_collection) by extension 'ignore_ament_install'
[0.246s] Level 1:colcon.colcon_core.package_identification:_identify(src/data_collection) by extensions ['colcon_pkg']
[0.247s] Level 1:colcon.colcon_core.package_identification:_identify(src/data_collection) by extension 'colcon_pkg'
[0.247s] Level 1:colcon.colcon_core.package_identification:_identify(src/data_collection) by extensions ['colcon_meta']
[0.247s] Level 1:colcon.colcon_core.package_identification:_identify(src/data_collection) by extension 'colcon_meta'
[0.247s] Level 1:colcon.colcon_core.package_identification:_identify(src/data_collection) by extensions ['ros']
[0.247s] Level 1:colcon.colcon_core.package_identification:_identify(src/data_collection) by extension 'ros'
[0.247s] Level 1:colcon.colcon_core.package_identification:_identify(src/data_collection) by extensions ['cmake', 'python']
[0.247s] Level 1:colcon.colcon_core.package_identification:_identify(src/data_collection) by extension 'cmake'
[0.247s] Level 1:colcon.colcon_core.package_identification:_identify(src/data_collection) by extension 'python'
[0.247s] Level 1:colcon.colcon_core.package_identification:_identify(src/data_collection) by extensions ['python_setup_py']
[0.247s] Level 1:colcon.colcon_core.package_identification:_identify(src/data_collection) by extension 'python_setup_py'
[0.247s] Level 1:colcon.colcon_core.package_identification:_identify(src/debug_pkg) by extensions ['ignore', 'ignore_ament_install']
[0.247s] Level 1:colcon.colcon_core.package_identification:_identify(src/debug_pkg) by extension 'ignore'
[0.247s] Level 1:colcon.colcon_core.package_identification:_identify(src/debug_pkg) by extension 'ignore_ament_install'
[0.247s] Level 1:colcon.colcon_core.package_identification:_identify(src/debug_pkg) by extensions ['colcon_pkg']
[0.247s] Level 1:colcon.colcon_core.package_identification:_identify(src/debug_pkg) by extension 'colcon_pkg'
[0.247s] Level 1:colcon.colcon_core.package_identification:_identify(src/debug_pkg) by extensions ['colcon_meta']
[0.247s] Level 1:colcon.colcon_core.package_identification:_identify(src/debug_pkg) by extension 'colcon_meta'
[0.247s] Level 1:colcon.colcon_core.package_identification:_identify(src/debug_pkg) by extensions ['ros']
[0.247s] Level 1:colcon.colcon_core.package_identification:_identify(src/debug_pkg) by extension 'ros'
[0.248s] DEBUG:colcon.colcon_core.package_identification:Package 'src/debug_pkg' with type 'ros.ament_python' and name 'debug_pkg'
[0.248s] Level 1:colcon.colcon_core.package_identification:_identify(src/decision_making_pkg) by extensions ['ignore', 'ignore_ament_install']
[0.248s] Level 1:colcon.colcon_core.package_identification:_identify(src/decision_making_pkg) by extension 'ignore'
[0.248s] Level 1:colcon.colcon_core.package_identification:_identify(src/decision_making_pkg) by extension 'ignore_ament_install'
[0.248s] Level 1:colcon.colcon_core.package_identification:_identify(src/decision_making_pkg) by extensions ['colcon_pkg']
[0.248s] Level 1:colcon.colcon_core.package_identification:_identify(src/decision_making_pkg) by extension 'colcon_pkg'
[0.248s] Level 1:colcon.colcon_core.package_identification:_identify(src/decision_making_pkg) by extensions ['colcon_meta']
[0.248s] Level 1:colcon.colcon_core.package_identification:_identify(src/decision_making_pkg) by extension 'colcon_meta'
[0.248s] Level 1:colcon.colcon_core.package_identification:_identify(src/decision_making_pkg) by extensions ['ros']
[0.248s] Level 1:colcon.colcon_core.package_identification:_identify(src/decision_making_pkg) by extension 'ros'
[0.248s] DEBUG:colcon.colcon_core.package_identification:Package 'src/decision_making_pkg' with type 'ros.ament_python' and name 'decision_making_pkg'
[0.248s] Level 1:colcon.colcon_core.package_identification:_identify(src/interfaces_pkg) by extensions ['ignore', 'ignore_ament_install']
[0.249s] Level 1:colcon.colcon_core.package_identification:_identify(src/interfaces_pkg) by extension 'ignore'
[0.249s] Level 1:colcon.colcon_core.package_identification:_identify(src/interfaces_pkg) by extension 'ignore_ament_install'
[0.249s] Level 1:colcon.colcon_core.package_identification:_identify(src/interfaces_pkg) by extensions ['colcon_pkg']
[0.249s] Level 1:colcon.colcon_core.package_identification:_identify(src/interfaces_pkg) by extension 'colcon_pkg'
[0.249s] Level 1:colcon.colcon_core.package_identification:_identify(src/interfaces_pkg) by extensions ['colcon_meta']
[0.249s] Level 1:colcon.colcon_core.package_identification:_identify(src/interfaces_pkg) by extension 'colcon_meta'
[0.249s] Level 1:colcon.colcon_core.package_identification:_identify(src/interfaces_pkg) by extensions ['ros']
[0.249s] Level 1:colcon.colcon_core.package_identification:_identify(src/interfaces_pkg) by extension 'ros'
[0.249s] DEBUG:colcon.colcon_core.package_identification:Package 'src/interfaces_pkg' with type 'ros.ament_cmake' and name 'interfaces_pkg'
[0.249s] Level 1:colcon.colcon_core.package_identification:_identify(src/lidar_perception_pkg) by extensions ['ignore', 'ignore_ament_install']
[0.249s] Level 1:colcon.colcon_core.package_identification:_identify(src/lidar_perception_pkg) by extension 'ignore'
[0.249s] Level 1:colcon.colcon_core.package_identification:_identify(src/lidar_perception_pkg) by extension 'ignore_ament_install'
[0.249s] Level 1:colcon.colcon_core.package_identification:_identify(src/lidar_perception_pkg) by extensions ['colcon_pkg']
[0.249s] Level 1:colcon.colcon_core.package_identification:_identify(src/lidar_perception_pkg) by extension 'colcon_pkg'
[0.249s] Level 1:colcon.colcon_core.package_identification:_identify(src/lidar_perception_pkg) by extensions ['colcon_meta']
[0.249s] Level 1:colcon.colcon_core.package_identification:_identify(src/lidar_perception_pkg) by extension 'colcon_meta'
[0.250s] Level 1:colcon.colcon_core.package_identification:_identify(src/lidar_perception_pkg) by extensions ['ros']
[0.250s] Level 1:colcon.colcon_core.package_identification:_identify(src/lidar_perception_pkg) by extension 'ros'
[0.250s] DEBUG:colcon.colcon_core.package_identification:Package 'src/lidar_perception_pkg' with type 'ros.ament_python' and name 'lidar_perception_pkg'
[0.250s] Level 1:colcon.colcon_core.package_identification:_identify(src/serial_communication_pkg) by extensions ['ignore', 'ignore_ament_install']
[0.250s] Level 1:colcon.colcon_core.package_identification:_identify(src/serial_communication_pkg) by extension 'ignore'
[0.250s] Level 1:colcon.colcon_core.package_identification:_identify(src/serial_communication_pkg) by extension 'ignore_ament_install'
[0.250s] Level 1:colcon.colcon_core.package_identification:_identify(src/serial_communication_pkg) by extensions ['colcon_pkg']
[0.250s] Level 1:colcon.colcon_core.package_identification:_identify(src/serial_communication_pkg) by extension 'colcon_pkg'
[0.250s] Level 1:colcon.colcon_core.package_identification:_identify(src/serial_communication_pkg) by extensions ['colcon_meta']
[0.250s] Level 1:colcon.colcon_core.package_identification:_identify(src/serial_communication_pkg) by extension 'colcon_meta'
[0.250s] Level 1:colcon.colcon_core.package_identification:_identify(src/serial_communication_pkg) by extensions ['ros']
[0.250s] Level 1:colcon.colcon_core.package_identification:_identify(src/serial_communication_pkg) by extension 'ros'
[0.251s] DEBUG:colcon.colcon_core.package_identification:Package 'src/serial_communication_pkg' with type 'ros.ament_python' and name 'serial_communication_pkg'
[0.251s] Level 1:colcon.colcon_core.package_discovery:discover_packages(recursive) using defaults
[0.251s] Level 1:colcon.colcon_core.package_discovery:discover_packages(ignore) discover
[0.251s] Level 1:colcon.colcon_core.package_discovery:discover_packages(ignore) using defaults
[0.251s] Level 1:colcon.colcon_core.package_discovery:discover_packages(path) discover
[0.251s] Level 1:colcon.colcon_core.package_discovery:discover_packages(path) using defaults
[0.266s] Level 1:colcon.colcon_core.package_discovery:discover_packages(prefix_path) check parameters
[0.266s] Level 1:colcon.colcon_core.package_discovery:discover_packages(prefix_path) discover
[0.267s] DEBUG:colcon.colcon_installed_package_information.package_discovery:Found 6 installed packages in /home/ryu/ros2_ws/install
[0.268s] DEBUG:colcon.colcon_installed_package_information.package_discovery:Found 271 installed packages in /opt/ros/humble
[0.269s] Level 1:colcon.colcon_core.package_discovery:discover_packages(prefix_path) using defaults
[0.296s] Level 5:colcon.colcon_core.verb:set package 'camera_perception_pkg' build argument 'cmake_args' from command line to 'None'
[0.296s] Level 5:colcon.colcon_core.verb:set package 'camera_perception_pkg' build argument 'cmake_target' from command line to 'None'
[0.296s] Level 5:colcon.colcon_core.verb:set package 'camera_perception_pkg' build argument 'cmake_target_skip_unavailable' from command line to 'False'
[0.296s] Level 5:colcon.colcon_core.verb:set package 'camera_perception_pkg' build argument 'cmake_clean_cache' from command line to 'False'
[0.296s] Level 5:colcon.colcon_core.verb:set package 'camera_perception_pkg' build argument 'cmake_clean_first' from command line to 'False'
[0.296s] Level 5:colcon.colcon_core.verb:set package 'camera_perception_pkg' build argument 'cmake_force_configure' from command line to 'False'
[0.296s] Level 5:colcon.colcon_core.verb:set package 'camera_perception_pkg' build argument 'ament_cmake_args' from command line to 'None'
[0.296s] Level 5:colcon.colcon_core.verb:set package 'camera_perception_pkg' build argument 'catkin_cmake_args' from command line to 'None'
[0.296s] Level 5:colcon.colcon_core.verb:set package 'camera_perception_pkg' build argument 'catkin_skip_building_tests' from command line to 'False'
[0.297s] DEBUG:colcon.colcon_core.verb:Building package 'camera_perception_pkg' with the following arguments: {'ament_cmake_args': None, 'build_base': '/home/ryu/ros2_ws/build/camera_perception_pkg', 'catkin_cmake_args': None, 'catkin_skip_building_tests': False, 'cmake_args': None, 'cmake_clean_cache': False, 'cmake_clean_first': False, 'cmake_force_configure': False, 'cmake_target': None, 'cmake_target_skip_unavailable': False, 'install_base': '/home/ryu/ros2_ws/install/camera_perception_pkg', 'merge_install': False, 'path': '/home/ryu/ros2_ws/src/camera_perception_pkg', 'symlink_install': True, 'test_result_base': None}
[0.297s] Level 5:colcon.colcon_core.verb:set package 'debug_pkg' build argument 'cmake_args' from command line to 'None'
[0.297s] Level 5:colcon.colcon_core.verb:set package 'debug_pkg' build argument 'cmake_target' from command line to 'None'
[0.297s] Level 5:colcon.colcon_core.verb:set package 'debug_pkg' build argument 'cmake_target_skip_unavailable' from command line to 'False'
[0.297s] Level 5:colcon.colcon_core.verb:set package 'debug_pkg' build argument 'cmake_clean_cache' from command line to 'False'
[0.297s] Level 5:colcon.colcon_core.verb:set package 'debug_pkg' build argument 'cmake_clean_first' from command line to 'False'
[0.297s] Level 5:colcon.colcon_core.verb:set package 'debug_pkg' build argument 'cmake_force_configure' from command line to 'False'
[0.297s] Level 5:colcon.colcon_core.verb:set package 'debug_pkg' build argument 'ament_cmake_args' from command line to 'None'
[0.297s] Level 5:colcon.colcon_core.verb:set package 'debug_pkg' build argument 'catkin_cmake_args' from command line to 'None'
[0.297s] Level 5:colcon.colcon_core.verb:set package 'debug_pkg' build argument 'catkin_skip_building_tests' from command line to 'False'
[0.297s] DEBUG:colcon.colcon_core.verb:Building package 'debug_pkg' with the following arguments: {'ament_cmake_args': None, 'build_base': '/home/ryu/ros2_ws/build/debug_pkg', 'catkin_cmake_args': None, 'catkin_skip_building_tests': False, 'cmake_args': None, 'cmake_clean_cache': False, 'cmake_clean_first': False, 'cmake_force_configure': False, 'cmake_target': None, 'cmake_target_skip_unavailable': False, 'install_base': '/home/ryu/ros2_ws/install/debug_pkg', 'merge_install': False, 'path': '/home/ryu/ros2_ws/src/debug_pkg', 'symlink_install': True, 'test_result_base': None}
[0.297s] Level 5:colcon.colcon_core.verb:set package 'decision_making_pkg' build argument 'cmake_args' from command line to 'None'
[0.297s] Level 5:colcon.colcon_core.verb:set package 'decision_making_pkg' build argument 'cmake_target' from command line to 'None'
[0.297s] Level 5:colcon.colcon_core.verb:set package 'decision_making_pkg' build argument 'cmake_target_skip_unavailable' from command line to 'False'
[0.297s] Level 5:colcon.colcon_core.verb:set package 'decision_making_pkg' build argument 'cmake_clean_cache' from command line to 'False'
[0.297s] Level 5:colcon.colcon_core.verb:set package 'decision_making_pkg' build argument 'cmake_clean_first' from command line to 'False'
[0.297s] Level 5:colcon.colcon_core.verb:set package 'decision_making_pkg' build argument 'cmake_force_configure' from command line to 'False'
[0.297s] Level 5:colcon.colcon_core.verb:set package 'decision_making_pkg' build argument 'ament_cmake_args' from command line to 'None'
[0.297s] Level 5:colcon.colcon_core.verb:set package 'decision_making_pkg' build argument 'catkin_cmake_args' from command line to 'None'
[0.297s] Level 5:colcon.colcon_core.verb:set package 'decision_making_pkg' build argument 'catkin_skip_building_tests' from command line to 'False'
[0.297s] DEBUG:colcon.colcon_core.verb:Building package 'decision_making_pkg' with the following arguments: {'ament_cmake_args': None, 'build_base': '/home/ryu/ros2_ws/build/decision_making_pkg', 'catkin_cmake_args': None, 'catkin_skip_building_tests': False, 'cmake_args': None, 'cmake_clean_cache': False, 'cmake_clean_first': False, 'cmake_force_configure': False, 'cmake_target': None, 'cmake_target_skip_unavailable': False, 'install_base': '/home/ryu/ros2_ws/install/decision_making_pkg', 'merge_install': False, 'path': '/home/ryu/ros2_ws/src/decision_making_pkg', 'symlink_install': True, 'test_result_base': None}
[0.298s] Level 5:colcon.colcon_core.verb:set package 'interfaces_pkg' build argument 'cmake_args' from command line to 'None'
[0.298s] Level 5:colcon.colcon_core.verb:set package 'interfaces_pkg' build argument 'cmake_target' from command line to 'None'
[0.298s] Level 5:colcon.colcon_core.verb:set package 'interfaces_pkg' build argument 'cmake_target_skip_unavailable' from command line to 'False'
[0.298s] Level 5:colcon.colcon_core.verb:set package 'interfaces_pkg' build argument 'cmake_clean_cache' from command line to 'False'
[0.298s] Level 5:colcon.colcon_core.verb:set package 'interfaces_pkg' build argument 'cmake_clean_first' from command line to 'False'
[0.298s] Level 5:colcon.colcon_core.verb:set package 'interfaces_pkg' build argument 'cmake_force_configure' from command line to 'False'
[0.298s] Level 5:colcon.colcon_core.verb:set package 'interfaces_pkg' build argument 'ament_cmake_args' from command line to 'None'
[0.298s] Level 5:colcon.colcon_core.verb:set package 'interfaces_pkg' build argument 'catkin_cmake_args' from command line to 'None'
[0.298s] Level 5:colcon.colcon_core.verb:set package 'interfaces_pkg' build argument 'catkin_skip_building_tests' from command line to 'False'
[0.298s] DEBUG:colcon.colcon_core.verb:Building package 'interfaces_pkg' with the following arguments: {'ament_cmake_args': None, 'build_base': '/home/ryu/ros2_ws/build/interfaces_pkg', 'catkin_cmake_args': None, 'catkin_skip_building_tests': False, 'cmake_args': None, 'cmake_clean_cache': False, 'cmake_clean_first': False, 'cmake_force_configure': False, 'cmake_target': None, 'cmake_target_skip_unavailable': False, 'install_base': '/home/ryu/ros2_ws/install/interfaces_pkg', 'merge_install': False, 'path': '/home/ryu/ros2_ws/src/interfaces_pkg', 'symlink_install': True, 'test_result_base': None}
[0.298s] Level 5:colcon.colcon_core.verb:set package 'lidar_perception_pkg' build argument 'cmake_args' from command line to 'None'
[0.298s] Level 5:colcon.colcon_core.verb:set package 'lidar_perception_pkg' build argument 'cmake_target' from command line to 'None'
[0.298s] Level 5:colcon.colcon_core.verb:set package 'lidar_perception_pkg' build argument 'cmake_target_skip_unavailable' from command line to 'False'
[0.298s] Level 5:colcon.colcon_core.verb:set package 'lidar_perception_pkg' build argument 'cmake_clean_cache' from command line to 'False'
[0.298s] Level 5:colcon.colcon_core.verb:set package 'lidar_perception_pkg' build argument 'cmake_clean_first' from command line to 'False'
[0.298s] Level 5:colcon.colcon_core.verb:set package 'lidar_perception_pkg' build argument 'cmake_force_configure' from command line to 'False'
[0.298s] Level 5:colcon.colcon_core.verb:set package 'lidar_perception_pkg' build argument 'ament_cmake_args' from command line to 'None'
[0.298s] Level 5:colcon.colcon_core.verb:set package 'lidar_perception_pkg' build argument 'catkin_cmake_args' from command line to 'None'
[0.298s] Level 5:colcon.colcon_core.verb:set package 'lidar_perception_pkg' build argument 'catkin_skip_building_tests' from command line to 'False'
[0.298s] DEBUG:colcon.colcon_core.verb:Building package 'lidar_perception_pkg' with the following arguments: {'ament_cmake_args': None, 'build_base': '/home/ryu/ros2_ws/build/lidar_perception_pkg', 'catkin_cmake_args': None, 'catkin_skip_building_tests': False, 'cmake_args': None, 'cmake_clean_cache': False, 'cmake_clean_first': False, 'cmake_force_configure': False, 'cmake_target': None, 'cmake_target_skip_unavailable': False, 'install_base': '/home/ryu/ros2_ws/install/lidar_perception_pkg', 'merge_install': False, 'path': '/home/ryu/ros2_ws/src/lidar_perception_pkg', 'symlink_install': True, 'test_result_base': None}
[0.298s] Level 5:colcon.colcon_core.verb:set package 'serial_communication_pkg' build argument 'cmake_args' from command line to 'None'
[0.299s] Level 5:colcon.colcon_core.verb:set package 'serial_communication_pkg' build argument 'cmake_target' from command line to 'None'
[0.299s] Level 5:colcon.colcon_core.verb:set package 'serial_communication_pkg' build argument 'cmake_target_skip_unavailable' from command line to 'False'
[0.299s] Level 5:colcon.colcon_core.verb:set package 'serial_communication_pkg' build argument 'cmake_clean_cache' from command line to 'False'
[0.299s] Level 5:colcon.colcon_core.verb:set package 'serial_communication_pkg' build argument 'cmake_clean_first' from command line to 'False'
[0.299s] Level 5:colcon.colcon_core.verb:set package 'serial_communication_pkg' build argument 'cmake_force_configure' from command line to 'False'
[0.299s] Level 5:colcon.colcon_core.verb:set package 'serial_communication_pkg' build argument 'ament_cmake_args' from command line to 'None'
[0.299s] Level 5:colcon.colcon_core.verb:set package 'serial_communication_pkg' build argument 'catkin_cmake_args' from command line to 'None'
[0.299s] Level 5:colcon.colcon_core.verb:set package 'serial_communication_pkg' build argument 'catkin_skip_building_tests' from command line to 'False'
[0.299s] DEBUG:colcon.colcon_core.verb:Building package 'serial_communication_pkg' with the following arguments: {'ament_cmake_args': None, 'build_base': '/home/ryu/ros2_ws/build/serial_communication_pkg', 'catkin_cmake_args': None, 'catkin_skip_building_tests': False, 'cmake_args': None, 'cmake_clean_cache': False, 'cmake_clean_first': False, 'cmake_force_configure': False, 'cmake_target': None, 'cmake_target_skip_unavailable': False, 'install_base': '/home/ryu/ros2_ws/install/serial_communication_pkg', 'merge_install': False, 'path': '/home/ryu/ros2_ws/src/serial_communication_pkg', 'symlink_install': True, 'test_result_base': None}
[0.299s] INFO:colcon.colcon_core.executor:Executing jobs using 'parallel' executor
[0.300s] DEBUG:colcon.colcon_parallel_executor.executor.parallel:run_until_complete
[0.300s] INFO:colcon.colcon_ros.task.ament_python.build:Building ROS package in '/home/ryu/ros2_ws/src/camera_perception_pkg' with build type 'ament_python'
[0.300s] Level 1:colcon.colcon_core.shell:create_environment_hook('camera_perception_pkg', 'ament_prefix_path')
[0.301s] INFO:colcon.colcon_core.plugin_system:Skipping extension 'colcon_core.shell.bat': Not used on non-Windows systems
[0.302s] INFO:colcon.colcon_core.shell:Creating environment hook '/home/ryu/ros2_ws/install/camera_perception_pkg/share/camera_perception_pkg/hook/ament_prefix_path.ps1'
[0.302s] INFO:colcon.colcon_core.shell:Creating environment descriptor '/home/ryu/ros2_ws/install/camera_perception_pkg/share/camera_perception_pkg/hook/ament_prefix_path.dsv'
[0.302s] INFO:colcon.colcon_core.shell:Creating environment hook '/home/ryu/ros2_ws/install/camera_perception_pkg/share/camera_perception_pkg/hook/ament_prefix_path.sh'
[0.303s] INFO:colcon.colcon_core.shell:Skip shell extension 'powershell' for command environment: Not usable outside of PowerShell
[0.303s] DEBUG:colcon.colcon_core.shell:Skip shell extension 'dsv' for command environment
[0.306s] INFO:colcon.colcon_ros.task.ament_python.build:Building ROS package in '/home/ryu/ros2_ws/src/debug_pkg' with build type 'ament_python'
[0.306s] Level 1:colcon.colcon_core.shell:create_environment_hook('debug_pkg', 'ament_prefix_path')
[0.306s] INFO:colcon.colcon_core.shell:Creating environment hook '/home/ryu/ros2_ws/install/debug_pkg/share/debug_pkg/hook/ament_prefix_path.ps1'
[0.306s] INFO:colcon.colcon_core.shell:Creating environment descriptor '/home/ryu/ros2_ws/install/debug_pkg/share/debug_pkg/hook/ament_prefix_path.dsv'
[0.306s] INFO:colcon.colcon_core.shell:Creating environment hook '/home/ryu/ros2_ws/install/debug_pkg/share/debug_pkg/hook/ament_prefix_path.sh'
[0.307s] INFO:colcon.colcon_core.shell:Skip shell extension 'powershell' for command environment: Not usable outside of PowerShell
[0.307s] DEBUG:colcon.colcon_core.shell:Skip shell extension 'dsv' for command environment
[0.309s] INFO:colcon.colcon_ros.task.ament_python.build:Building ROS package in '/home/ryu/ros2_ws/src/decision_making_pkg' with build type 'ament_python'
[0.309s] Level 1:colcon.colcon_core.shell:create_environment_hook('decision_making_pkg', 'ament_prefix_path')
[0.310s] INFO:colcon.colcon_core.shell:Creating environment hook '/home/ryu/ros2_ws/install/decision_making_pkg/share/decision_making_pkg/hook/ament_prefix_path.ps1'
[0.310s] INFO:colcon.colcon_core.shell:Creating environment descriptor '/home/ryu/ros2_ws/install/decision_making_pkg/share/decision_making_pkg/hook/ament_prefix_path.dsv'
[0.310s] INFO:colcon.colcon_core.shell:Creating environment hook '/home/ryu/ros2_ws/install/decision_making_pkg/share/decision_making_pkg/hook/ament_prefix_path.sh'
[0.311s] INFO:colcon.colcon_core.shell:Skip shell extension 'powershell' for command environment: Not usable outside of PowerShell
[0.311s] DEBUG:colcon.colcon_core.shell:Skip shell extension 'dsv' for command environment
[0.313s] INFO:colcon.colcon_ros.task.ament_cmake.build:Building ROS package in '/home/ryu/ros2_ws/src/interfaces_pkg' with build type 'ament_cmake'
[0.313s] INFO:colcon.colcon_cmake.task.cmake.build:Building CMake package in '/home/ryu/ros2_ws/src/interfaces_pkg'
[0.313s] INFO:colcon.colcon_core.shell:Skip shell extension 'powershell' for command environment: Not usable outside of PowerShell
[0.313s] DEBUG:colcon.colcon_core.shell:Skip shell extension 'dsv' for command environment
[0.316s] INFO:colcon.colcon_ros.task.ament_python.build:Building ROS package in '/home/ryu/ros2_ws/src/lidar_perception_pkg' with build type 'ament_python'
[0.316s] Level 1:colcon.colcon_core.shell:create_environment_hook('lidar_perception_pkg', 'ament_prefix_path')
[0.316s] INFO:colcon.colcon_core.shell:Creating environment hook '/home/ryu/ros2_ws/install/lidar_perception_pkg/share/lidar_perception_pkg/hook/ament_prefix_path.ps1'
[0.317s] INFO:colcon.colcon_core.shell:Creating environment descriptor '/home/ryu/ros2_ws/install/lidar_perception_pkg/share/lidar_perception_pkg/hook/ament_prefix_path.dsv'
[0.317s] INFO:colcon.colcon_core.shell:Creating environment hook '/home/ryu/ros2_ws/install/lidar_perception_pkg/share/lidar_perception_pkg/hook/ament_prefix_path.sh'
[0.317s] INFO:colcon.colcon_core.shell:Skip shell extension 'powershell' for command environment: Not usable outside of PowerShell
[0.317s] DEBUG:colcon.colcon_core.shell:Skip shell extension 'dsv' for command environment
[0.320s] INFO:colcon.colcon_ros.task.ament_python.build:Building ROS package in '/home/ryu/ros2_ws/src/serial_communication_pkg' with build type 'ament_python'
[0.320s] Level 1:colcon.colcon_core.shell:create_environment_hook('serial_communication_pkg', 'ament_prefix_path')
[0.320s] INFO:colcon.colcon_core.shell:Creating environment hook '/home/ryu/ros2_ws/install/serial_communication_pkg/share/serial_communication_pkg/hook/ament_prefix_path.ps1'
[0.320s] INFO:colcon.colcon_core.shell:Creating environment descriptor '/home/ryu/ros2_ws/install/serial_communication_pkg/share/serial_communication_pkg/hook/ament_prefix_path.dsv'
[0.321s] INFO:colcon.colcon_core.shell:Creating environment hook '/home/ryu/ros2_ws/install/serial_communication_pkg/share/serial_communication_pkg/hook/ament_prefix_path.sh'
[0.321s] INFO:colcon.colcon_core.shell:Skip shell extension 'powershell' for command environment: Not usable outside of PowerShell
[0.321s] DEBUG:colcon.colcon_core.shell:Skip shell extension 'dsv' for command environment
[0.535s] INFO:colcon.colcon_core.task.python.build:Building Python package in '/home/ryu/ros2_ws/src/camera_perception_pkg'
[0.536s] INFO:colcon.colcon_core.shell:Skip shell extension 'powershell' for command environment: Not usable outside of PowerShell
[0.536s] DEBUG:colcon.colcon_core.shell:Skip shell extension 'dsv' for command environment
[0.749s] INFO:colcon.colcon_core.task.python.build:Building Python package in '/home/ryu/ros2_ws/src/debug_pkg'
[0.750s] INFO:colcon.colcon_core.shell:Skip shell extension 'powershell' for command environment: Not usable outside of PowerShell
[0.750s] DEBUG:colcon.colcon_core.shell:Skip shell extension 'dsv' for command environment
[0.981s] INFO:colcon.colcon_core.task.python.build:Building Python package in '/home/ryu/ros2_ws/src/decision_making_pkg'
[0.981s] INFO:colcon.colcon_core.shell:Skip shell extension 'powershell' for command environment: Not usable outside of PowerShell
[0.981s] DEBUG:colcon.colcon_core.shell:Skip shell extension 'dsv' for command environment
[0.988s] DEBUG:colcon.colcon_core.event_handler.log_command:Invoking command in '/home/ryu/ros2_ws/build/interfaces_pkg': CMAKE_PREFIX_PATH=${CMAKE_PREFIX_PATH}:/home/ryu/ros2_ws/install/serial_communication_pkg:/home/ryu/ros2_ws/install/lidar_perception_pkg:/home/ryu/ros2_ws/install/decision_making_pkg:/home/ryu/ros2_ws/install/debug_pkg:/home/ryu/ros2_ws/install/camera_perception_pkg:/opt/ros/humble /usr/bin/cmake --build /home/ryu/ros2_ws/build/interfaces_pkg -- -j12 -l12
[1.236s] INFO:colcon.colcon_core.task.python.build:Building Python package in '/home/ryu/ros2_ws/src/lidar_perception_pkg'
[1.236s] INFO:colcon.colcon_core.shell:Skip shell extension 'powershell' for command environment: Not usable outside of PowerShell
[1.236s] DEBUG:colcon.colcon_core.shell:Skip shell extension 'dsv' for command environment
[1.477s] INFO:colcon.colcon_core.task.python.build:Building Python package in '/home/ryu/ros2_ws/src/serial_communication_pkg'
[1.477s] INFO:colcon.colcon_core.shell:Skip shell extension 'powershell' for command environment: Not usable outside of PowerShell
[1.477s] DEBUG:colcon.colcon_core.shell:Skip shell extension 'dsv' for command environment
[1.487s] DEBUG:colcon.colcon_core.event_handler.log_command:Invoked command in '/home/ryu/ros2_ws/build/interfaces_pkg' returned '0': CMAKE_PREFIX_PATH=${CMAKE_PREFIX_PATH}:/home/ryu/ros2_ws/install/serial_communication_pkg:/home/ryu/ros2_ws/install/lidar_perception_pkg:/home/ryu/ros2_ws/install/decision_making_pkg:/home/ryu/ros2_ws/install/debug_pkg:/home/ryu/ros2_ws/install/camera_perception_pkg:/opt/ros/humble /usr/bin/cmake --build /home/ryu/ros2_ws/build/interfaces_pkg -- -j12 -l12
[1.498s] DEBUG:colcon.colcon_core.event_handler.log_command:Invoking command in '/home/ryu/ros2_ws/build/interfaces_pkg': CMAKE_PREFIX_PATH=${CMAKE_PREFIX_PATH}:/home/ryu/ros2_ws/install/serial_communication_pkg:/home/ryu/ros2_ws/install/lidar_perception_pkg:/home/ryu/ros2_ws/install/decision_making_pkg:/home/ryu/ros2_ws/install/debug_pkg:/home/ryu/ros2_ws/install/camera_perception_pkg:/opt/ros/humble /usr/bin/cmake --install /home/ryu/ros2_ws/build/interfaces_pkg
[1.601s] Level 1:colcon.colcon_core.environment:create_environment_scripts_only(interfaces_pkg)
[1.602s] DEBUG:colcon.colcon_core.event_handler.log_command:Invoked command in '/home/ryu/ros2_ws/build/interfaces_pkg' returned '0': CMAKE_PREFIX_PATH=${CMAKE_PREFIX_PATH}:/home/ryu/ros2_ws/install/serial_communication_pkg:/home/ryu/ros2_ws/install/lidar_perception_pkg:/home/ryu/ros2_ws/install/decision_making_pkg:/home/ryu/ros2_ws/install/debug_pkg:/home/ryu/ros2_ws/install/camera_perception_pkg:/opt/ros/humble /usr/bin/cmake --install /home/ryu/ros2_ws/build/interfaces_pkg
[1.603s] Level 1:colcon.colcon_core.environment:checking '/home/ryu/ros2_ws/install/interfaces_pkg' for CMake module files
[1.604s] Level 1:colcon.colcon_core.environment:checking '/home/ryu/ros2_ws/install/interfaces_pkg' for CMake config files
[1.605s] Level 1:colcon.colcon_core.shell:create_environment_hook('interfaces_pkg', 'cmake_prefix_path')
[1.605s] INFO:colcon.colcon_core.shell:Creating environment hook '/home/ryu/ros2_ws/install/interfaces_pkg/share/interfaces_pkg/hook/cmake_prefix_path.ps1'
[1.606s] INFO:colcon.colcon_core.shell:Creating environment descriptor '/home/ryu/ros2_ws/install/interfaces_pkg/share/interfaces_pkg/hook/cmake_prefix_path.dsv'
[1.606s] INFO:colcon.colcon_core.shell:Creating environment hook '/home/ryu/ros2_ws/install/interfaces_pkg/share/interfaces_pkg/hook/cmake_prefix_path.sh'
[1.607s] Level 1:colcon.colcon_core.environment:checking '/home/ryu/ros2_ws/install/interfaces_pkg/lib'
[1.607s] Level 1:colcon.colcon_core.shell:create_environment_hook('interfaces_pkg', 'ld_library_path_lib')
[1.607s] INFO:colcon.colcon_core.shell:Creating environment hook '/home/ryu/ros2_ws/install/interfaces_pkg/share/interfaces_pkg/hook/ld_library_path_lib.ps1'
[1.607s] INFO:colcon.colcon_core.shell:Creating environment descriptor '/home/ryu/ros2_ws/install/interfaces_pkg/share/interfaces_pkg/hook/ld_library_path_lib.dsv'
[1.607s] INFO:colcon.colcon_core.shell:Creating environment hook '/home/ryu/ros2_ws/install/interfaces_pkg/share/interfaces_pkg/hook/ld_library_path_lib.sh'
[1.608s] Level 1:colcon.colcon_core.environment:checking '/home/ryu/ros2_ws/install/interfaces_pkg/bin'
[1.608s] Level 1:colcon.colcon_core.environment:checking '/home/ryu/ros2_ws/install/interfaces_pkg/lib/pkgconfig/interfaces_pkg.pc'
[1.608s] Level 1:colcon.colcon_core.environment:checking '/home/ryu/ros2_ws/install/interfaces_pkg/lib/python3.10/site-packages'
[1.608s] Level 1:colcon.colcon_core.environment:checking '/home/ryu/ros2_ws/install/interfaces_pkg/bin'
[1.608s] INFO:colcon.colcon_core.shell:Creating package script '/home/ryu/ros2_ws/install/interfaces_pkg/share/interfaces_pkg/package.ps1'
[1.609s] INFO:colcon.colcon_core.shell:Creating package descriptor '/home/ryu/ros2_ws/install/interfaces_pkg/share/interfaces_pkg/package.dsv'
[1.609s] INFO:colcon.colcon_core.shell:Creating package script '/home/ryu/ros2_ws/install/interfaces_pkg/share/interfaces_pkg/package.sh'
[1.610s] INFO:colcon.colcon_core.shell:Creating package script '/home/ryu/ros2_ws/install/interfaces_pkg/share/interfaces_pkg/package.bash'
[1.610s] INFO:colcon.colcon_core.shell:Creating package script '/home/ryu/ros2_ws/install/interfaces_pkg/share/interfaces_pkg/package.zsh'
[1.611s] Level 1:colcon.colcon_core.environment:create_file_with_runtime_dependencies(/home/ryu/ros2_ws/install/interfaces_pkg/share/colcon-core/packages/interfaces_pkg)
[1.612s] Level 1:colcon.colcon_core.environment:create_environment_scripts_only(interfaces_pkg)
[1.612s] Level 1:colcon.colcon_core.environment:checking '/home/ryu/ros2_ws/install/interfaces_pkg' for CMake module files
[1.612s] Level 1:colcon.colcon_core.environment:checking '/home/ryu/ros2_ws/install/interfaces_pkg' for CMake config files
[1.613s] Level 1:colcon.colcon_core.shell:create_environment_hook('interfaces_pkg', 'cmake_prefix_path')
[1.614s] INFO:colcon.colcon_core.shell:Creating environment hook '/home/ryu/ros2_ws/install/interfaces_pkg/share/interfaces_pkg/hook/cmake_prefix_path.ps1'
[1.614s] INFO:colcon.colcon_core.shell:Creating environment descriptor '/home/ryu/ros2_ws/install/interfaces_pkg/share/interfaces_pkg/hook/cmake_prefix_path.dsv'
[1.614s] INFO:colcon.colcon_core.shell:Creating environment hook '/home/ryu/ros2_ws/install/interfaces_pkg/share/interfaces_pkg/hook/cmake_prefix_path.sh'
[1.615s] Level 1:colcon.colcon_core.environment:checking '/home/ryu/ros2_ws/install/interfaces_pkg/lib'
[1.615s] Level 1:colcon.colcon_core.shell:create_environment_hook('interfaces_pkg', 'ld_library_path_lib')
[1.615s] INFO:colcon.colcon_core.shell:Creating environment hook '/home/ryu/ros2_ws/install/interfaces_pkg/share/interfaces_pkg/hook/ld_library_path_lib.ps1'
[1.615s] INFO:colcon.colcon_core.shell:Creating environment descriptor '/home/ryu/ros2_ws/install/interfaces_pkg/share/interfaces_pkg/hook/ld_library_path_lib.dsv'
[1.615s] INFO:colcon.colcon_core.shell:Creating environment hook '/home/ryu/ros2_ws/install/interfaces_pkg/share/interfaces_pkg/hook/ld_library_path_lib.sh'
[1.616s] Level 1:colcon.colcon_core.environment:checking '/home/ryu/ros2_ws/install/interfaces_pkg/bin'
[1.616s] Level 1:colcon.colcon_core.environment:checking '/home/ryu/ros2_ws/install/interfaces_pkg/lib/pkgconfig/interfaces_pkg.pc'
[1.616s] Level 1:colcon.colcon_core.environment:checking '/home/ryu/ros2_ws/install/interfaces_pkg/lib/python3.10/site-packages'
[1.616s] Level 1:colcon.colcon_core.environment:checking '/home/ryu/ros2_ws/install/interfaces_pkg/bin'
[1.616s] INFO:colcon.colcon_core.shell:Creating package script '/home/ryu/ros2_ws/install/interfaces_pkg/share/interfaces_pkg/package.ps1'
[1.617s] INFO:colcon.colcon_core.shell:Creating package descriptor '/home/ryu/ros2_ws/install/interfaces_pkg/share/interfaces_pkg/package.dsv'
[1.617s] INFO:colcon.colcon_core.shell:Creating package script '/home/ryu/ros2_ws/install/interfaces_pkg/share/interfaces_pkg/package.sh'
[1.617s] INFO:colcon.colcon_core.shell:Creating package script '/home/ryu/ros2_ws/install/interfaces_pkg/share/interfaces_pkg/package.bash'
[1.618s] INFO:colcon.colcon_core.shell:Creating package script '/home/ryu/ros2_ws/install/interfaces_pkg/share/interfaces_pkg/package.zsh'
[1.618s] Level 1:colcon.colcon_core.environment:create_file_with_runtime_dependencies(/home/ryu/ros2_ws/install/interfaces_pkg/share/colcon-core/packages/interfaces_pkg)
[1.829s] DEBUG:colcon.colcon_core.event_handler.log_command:Invoking command in '/home/ryu/ros2_ws/build/lidar_perception_pkg': PYTHONPATH=/home/ryu/ros2_ws/build/lidar_perception_pkg/prefix_override:/usr/lib/python3/dist-packages/colcon_core/task/python/colcon_distutils_commands:/home/ryu/ros2_ws/install/lidar_perception_pkg/lib/python3.10/site-packages:${PYTHONPATH} /usr/bin/python3 -W ignore:setup.py install is deprecated -W ignore:easy_install command is deprecated setup.py develop --editable --build-directory /home/ryu/ros2_ws/build/lidar_perception_pkg/build --no-deps symlink_data
[1.831s] DEBUG:colcon.colcon_core.event_handler.log_command:Invoking command in '/home/ryu/ros2_ws/build/debug_pkg': PYTHONPATH=/home/ryu/ros2_ws/build/debug_pkg/prefix_override:/usr/lib/python3/dist-packages/colcon_core/task/python/colcon_distutils_commands:/home/ryu/ros2_ws/install/debug_pkg/lib/python3.10/site-packages:${PYTHONPATH} /usr/bin/python3 -W ignore:setup.py install is deprecated -W ignore:easy_install command is deprecated setup.py develop --editable --build-directory /home/ryu/ros2_ws/build/debug_pkg/build --no-deps symlink_data
[1.842s] DEBUG:colcon.colcon_core.event_handler.log_command:Invoking command in '/home/ryu/ros2_ws/build/camera_perception_pkg': PYTHONPATH=/home/ryu/ros2_ws/build/camera_perception_pkg/prefix_override:/usr/lib/python3/dist-packages/colcon_core/task/python/colcon_distutils_commands:/home/ryu/ros2_ws/install/camera_perception_pkg/lib/python3.10/site-packages:${PYTHONPATH} /usr/bin/python3 -W ignore:setup.py install is deprecated -W ignore:easy_install command is deprecated setup.py develop --editable --build-directory /home/ryu/ros2_ws/build/camera_perception_pkg/build --no-deps symlink_data
[1.849s] DEBUG:colcon.colcon_core.event_handler.log_command:Invoking command in '/home/ryu/ros2_ws/build/serial_communication_pkg': PYTHONPATH=/home/ryu/ros2_ws/build/serial_communication_pkg/prefix_override:/usr/lib/python3/dist-packages/colcon_core/task/python/colcon_distutils_commands:/home/ryu/ros2_ws/install/serial_communication_pkg/lib/python3.10/site-packages:${PYTHONPATH} /usr/bin/python3 -W ignore:setup.py install is deprecated -W ignore:easy_install command is deprecated setup.py develop --editable --build-directory /home/ryu/ros2_ws/build/serial_communication_pkg/build --no-deps symlink_data
[1.858s] DEBUG:colcon.colcon_core.event_handler.log_command:Invoking command in '/home/ryu/ros2_ws/build/decision_making_pkg': PYTHONPATH=/home/ryu/ros2_ws/build/decision_making_pkg/prefix_override:/usr/lib/python3/dist-packages/colcon_core/task/python/colcon_distutils_commands:/home/ryu/ros2_ws/install/decision_making_pkg/lib/python3.10/site-packages:${PYTHONPATH} /usr/bin/python3 -W ignore:setup.py install is deprecated -W ignore:easy_install command is deprecated setup.py develop --editable --build-directory /home/ryu/ros2_ws/build/decision_making_pkg/build --no-deps symlink_data
[2.283s] Level 1:colcon.colcon_core.shell:create_environment_hook('debug_pkg', 'pythonpath_develop')
[2.284s] INFO:colcon.colcon_core.shell:Creating environment hook '/home/ryu/ros2_ws/build/debug_pkg/share/debug_pkg/hook/pythonpath_develop.ps1'
[2.284s] DEBUG:colcon.colcon_core.event_handler.log_command:Invoked command in '/home/ryu/ros2_ws/build/debug_pkg' returned '0': PYTHONPATH=/home/ryu/ros2_ws/build/debug_pkg/prefix_override:/usr/lib/python3/dist-packages/colcon_core/task/python/colcon_distutils_commands:/home/ryu/ros2_ws/install/debug_pkg/lib/python3.10/site-packages:${PYTHONPATH} /usr/bin/python3 -W ignore:setup.py install is deprecated -W ignore:easy_install command is deprecated setup.py develop --editable --build-directory /home/ryu/ros2_ws/build/debug_pkg/build --no-deps symlink_data
[2.285s] INFO:colcon.colcon_core.shell:Creating environment descriptor '/home/ryu/ros2_ws/build/debug_pkg/share/debug_pkg/hook/pythonpath_develop.dsv'
[2.285s] INFO:colcon.colcon_core.shell:Creating environment hook '/home/ryu/ros2_ws/build/debug_pkg/share/debug_pkg/hook/pythonpath_develop.sh'
[2.286s] Level 1:colcon.colcon_core.environment:checking '/home/ryu/ros2_ws/install/debug_pkg' for CMake module files
[2.286s] Level 1:colcon.colcon_core.environment:checking '/home/ryu/ros2_ws/install/debug_pkg' for CMake config files
[2.286s] Level 1:colcon.colcon_core.environment:checking '/home/ryu/ros2_ws/install/debug_pkg/lib'
[2.287s] Level 1:colcon.colcon_core.environment:checking '/home/ryu/ros2_ws/install/debug_pkg/bin'
[2.287s] Level 1:colcon.colcon_core.environment:checking '/home/ryu/ros2_ws/install/debug_pkg/lib/pkgconfig/debug_pkg.pc'
[2.287s] Level 1:colcon.colcon_core.environment:checking '/home/ryu/ros2_ws/install/debug_pkg/lib/python3.10/site-packages'
[2.287s] Level 1:colcon.colcon_core.shell:create_environment_hook('debug_pkg', 'pythonpath')
[2.287s] INFO:colcon.colcon_core.shell:Creating environment hook '/home/ryu/ros2_ws/install/debug_pkg/share/debug_pkg/hook/pythonpath.ps1'
[2.288s] INFO:colcon.colcon_core.shell:Creating environment descriptor '/home/ryu/ros2_ws/install/debug_pkg/share/debug_pkg/hook/pythonpath.dsv'
[2.288s] INFO:colcon.colcon_core.shell:Creating environment hook '/home/ryu/ros2_ws/install/debug_pkg/share/debug_pkg/hook/pythonpath.sh'
[2.289s] Level 1:colcon.colcon_core.environment:checking '/home/ryu/ros2_ws/install/debug_pkg/bin'
[2.289s] Level 1:colcon.colcon_core.environment:create_environment_scripts_only(debug_pkg)
[2.289s] INFO:colcon.colcon_core.shell:Creating package script '/home/ryu/ros2_ws/install/debug_pkg/share/debug_pkg/package.ps1'
[2.290s] INFO:colcon.colcon_core.shell:Creating package descriptor '/home/ryu/ros2_ws/install/debug_pkg/share/debug_pkg/package.dsv'
[2.290s] INFO:colcon.colcon_core.shell:Creating package script '/home/ryu/ros2_ws/install/debug_pkg/share/debug_pkg/package.sh'
[2.290s] INFO:colcon.colcon_core.shell:Creating package script '/home/ryu/ros2_ws/install/debug_pkg/share/debug_pkg/package.bash'
[2.291s] INFO:colcon.colcon_core.shell:Creating package script '/home/ryu/ros2_ws/install/debug_pkg/share/debug_pkg/package.zsh'
[2.291s] Level 1:colcon.colcon_core.environment:create_file_with_runtime_dependencies(/home/ryu/ros2_ws/install/debug_pkg/share/colcon-core/packages/debug_pkg)
[2.292s] Level 1:colcon.colcon_core.shell:create_environment_hook('lidar_perception_pkg', 'pythonpath_develop')
[2.292s] INFO:colcon.colcon_core.shell:Creating environment hook '/home/ryu/ros2_ws/build/lidar_perception_pkg/share/lidar_perception_pkg/hook/pythonpath_develop.ps1'
[2.293s] DEBUG:colcon.colcon_core.event_handler.log_command:Invoked command in '/home/ryu/ros2_ws/build/lidar_perception_pkg' returned '0': PYTHONPATH=/home/ryu/ros2_ws/build/lidar_perception_pkg/prefix_override:/usr/lib/python3/dist-packages/colcon_core/task/python/colcon_distutils_commands:/home/ryu/ros2_ws/install/lidar_perception_pkg/lib/python3.10/site-packages:${PYTHONPATH} /usr/bin/python3 -W ignore:setup.py install is deprecated -W ignore:easy_install command is deprecated setup.py develop --editable --build-directory /home/ryu/ros2_ws/build/lidar_perception_pkg/build --no-deps symlink_data
[2.293s] INFO:colcon.colcon_core.shell:Creating environment descriptor '/home/ryu/ros2_ws/build/lidar_perception_pkg/share/lidar_perception_pkg/hook/pythonpath_develop.dsv'
[2.293s] INFO:colcon.colcon_core.shell:Creating environment hook '/home/ryu/ros2_ws/build/lidar_perception_pkg/share/lidar_perception_pkg/hook/pythonpath_develop.sh'
[2.294s] Level 1:colcon.colcon_core.environment:checking '/home/ryu/ros2_ws/install/lidar_perception_pkg' for CMake module files
[2.294s] Level 1:colcon.colcon_core.environment:checking '/home/ryu/ros2_ws/install/lidar_perception_pkg' for CMake config files
[2.295s] Level 1:colcon.colcon_core.environment:checking '/home/ryu/ros2_ws/install/lidar_perception_pkg/lib'
[2.295s] Level 1:colcon.colcon_core.environment:checking '/home/ryu/ros2_ws/install/lidar_perception_pkg/bin'
[2.295s] Level 1:colcon.colcon_core.environment:checking '/home/ryu/ros2_ws/install/lidar_perception_pkg/lib/pkgconfig/lidar_perception_pkg.pc'
[2.295s] Level 1:colcon.colcon_core.environment:checking '/home/ryu/ros2_ws/install/lidar_perception_pkg/lib/python3.10/site-packages'
[2.295s] Level 1:colcon.colcon_core.shell:create_environment_hook('lidar_perception_pkg', 'pythonpath')
[2.295s] INFO:colcon.colcon_core.shell:Creating environment hook '/home/ryu/ros2_ws/install/lidar_perception_pkg/share/lidar_perception_pkg/hook/pythonpath.ps1'
[2.296s] INFO:colcon.colcon_core.shell:Creating environment descriptor '/home/ryu/ros2_ws/install/lidar_perception_pkg/share/lidar_perception_pkg/hook/pythonpath.dsv'
[2.296s] INFO:colcon.colcon_core.shell:Creating environment hook '/home/ryu/ros2_ws/install/lidar_perception_pkg/share/lidar_perception_pkg/hook/pythonpath.sh'
[2.297s] Level 1:colcon.colcon_core.environment:checking '/home/ryu/ros2_ws/install/lidar_perception_pkg/bin'
[2.297s] Level 1:colcon.colcon_core.environment:create_environment_scripts_only(lidar_perception_pkg)
[2.297s] INFO:colcon.colcon_core.shell:Creating package script '/home/ryu/ros2_ws/install/lidar_perception_pkg/share/lidar_perception_pkg/package.ps1'
[2.298s] INFO:colcon.colcon_core.shell:Creating package descriptor '/home/ryu/ros2_ws/install/lidar_perception_pkg/share/lidar_perception_pkg/package.dsv'
[2.298s] INFO:colcon.colcon_core.shell:Creating package script '/home/ryu/ros2_ws/install/lidar_perception_pkg/share/lidar_perception_pkg/package.sh'
[2.298s] INFO:colcon.colcon_core.shell:Creating package script '/home/ryu/ros2_ws/install/lidar_perception_pkg/share/lidar_perception_pkg/package.bash'
[2.299s] INFO:colcon.colcon_core.shell:Creating package script '/home/ryu/ros2_ws/install/lidar_perception_pkg/share/lidar_perception_pkg/package.zsh'
[2.299s] Level 1:colcon.colcon_core.environment:create_file_with_runtime_dependencies(/home/ryu/ros2_ws/install/lidar_perception_pkg/share/colcon-core/packages/lidar_perception_pkg)
[2.301s] Level 1:colcon.colcon_core.shell:create_environment_hook('camera_perception_pkg', 'pythonpath_develop')
[2.302s] INFO:colcon.colcon_core.shell:Creating environment hook '/home/ryu/ros2_ws/build/camera_perception_pkg/share/camera_perception_pkg/hook/pythonpath_develop.ps1'
[2.302s] DEBUG:colcon.colcon_core.event_handler.log_command:Invoked command in '/home/ryu/ros2_ws/build/camera_perception_pkg' returned '0': PYTHONPATH=/home/ryu/ros2_ws/build/camera_perception_pkg/prefix_override:/usr/lib/python3/dist-packages/colcon_core/task/python/colcon_distutils_commands:/home/ryu/ros2_ws/install/camera_perception_pkg/lib/python3.10/site-packages:${PYTHONPATH} /usr/bin/python3 -W ignore:setup.py install is deprecated -W ignore:easy_install command is deprecated setup.py develop --editable --build-directory /home/ryu/ros2_ws/build/camera_perception_pkg/build --no-deps symlink_data
[2.302s] INFO:colcon.colcon_core.shell:Creating environment descriptor '/home/ryu/ros2_ws/build/camera_perception_pkg/share/camera_perception_pkg/hook/pythonpath_develop.dsv'
[2.303s] INFO:colcon.colcon_core.shell:Creating environment hook '/home/ryu/ros2_ws/build/camera_perception_pkg/share/camera_perception_pkg/hook/pythonpath_develop.sh'
[2.303s] Level 1:colcon.colcon_core.environment:checking '/home/ryu/ros2_ws/install/camera_perception_pkg' for CMake module files
[2.304s] Level 1:colcon.colcon_core.environment:checking '/home/ryu/ros2_ws/install/camera_perception_pkg' for CMake config files
[2.304s] Level 1:colcon.colcon_core.environment:checking '/home/ryu/ros2_ws/install/camera_perception_pkg/lib'
[2.304s] Level 1:colcon.colcon_core.environment:checking '/home/ryu/ros2_ws/install/camera_perception_pkg/bin'
[2.304s] Level 1:colcon.colcon_core.environment:checking '/home/ryu/ros2_ws/install/camera_perception_pkg/lib/pkgconfig/camera_perception_pkg.pc'
[2.305s] Level 1:colcon.colcon_core.environment:checking '/home/ryu/ros2_ws/install/camera_perception_pkg/lib/python3.10/site-packages'
[2.305s] Level 1:colcon.colcon_core.shell:create_environment_hook('camera_perception_pkg', 'pythonpath')
[2.305s] INFO:colcon.colcon_core.shell:Creating environment hook '/home/ryu/ros2_ws/install/camera_perception_pkg/share/camera_perception_pkg/hook/pythonpath.ps1'
[2.305s] INFO:colcon.colcon_core.shell:Creating environment descriptor '/home/ryu/ros2_ws/install/camera_perception_pkg/share/camera_perception_pkg/hook/pythonpath.dsv'
[2.306s] INFO:colcon.colcon_core.shell:Creating environment hook '/home/ryu/ros2_ws/install/camera_perception_pkg/share/camera_perception_pkg/hook/pythonpath.sh'
[2.306s] Level 1:colcon.colcon_core.environment:checking '/home/ryu/ros2_ws/install/camera_perception_pkg/bin'
[2.306s] Level 1:colcon.colcon_core.environment:create_environment_scripts_only(camera_perception_pkg)
[2.307s] INFO:colcon.colcon_core.shell:Creating package script '/home/ryu/ros2_ws/install/camera_perception_pkg/share/camera_perception_pkg/package.ps1'
[2.307s] INFO:colcon.colcon_core.shell:Creating package descriptor '/home/ryu/ros2_ws/install/camera_perception_pkg/share/camera_perception_pkg/package.dsv'
[2.308s] INFO:colcon.colcon_core.shell:Creating package script '/home/ryu/ros2_ws/install/camera_perception_pkg/share/camera_perception_pkg/package.sh'
[2.308s] INFO:colcon.colcon_core.shell:Creating package script '/home/ryu/ros2_ws/install/camera_perception_pkg/share/camera_perception_pkg/package.bash'
[2.308s] INFO:colcon.colcon_core.shell:Creating package script '/home/ryu/ros2_ws/install/camera_perception_pkg/share/camera_perception_pkg/package.zsh'
[2.309s] Level 1:colcon.colcon_core.environment:create_file_with_runtime_dependencies(/home/ryu/ros2_ws/install/camera_perception_pkg/share/colcon-core/packages/camera_perception_pkg)
[2.310s] Level 1:colcon.colcon_core.shell:create_environment_hook('serial_communication_pkg', 'pythonpath_develop')
[2.310s] INFO:colcon.colcon_core.shell:Creating environment hook '/home/ryu/ros2_ws/build/serial_communication_pkg/share/serial_communication_pkg/hook/pythonpath_develop.ps1'
[2.311s] DEBUG:colcon.colcon_core.event_handler.log_command:Invoked command in '/home/ryu/ros2_ws/build/serial_communication_pkg' returned '0': PYTHONPATH=/home/ryu/ros2_ws/build/serial_communication_pkg/prefix_override:/usr/lib/python3/dist-packages/colcon_core/task/python/colcon_distutils_commands:/home/ryu/ros2_ws/install/serial_communication_pkg/lib/python3.10/site-packages:${PYTHONPATH} /usr/bin/python3 -W ignore:setup.py install is deprecated -W ignore:easy_install command is deprecated setup.py develop --editable --build-directory /home/ryu/ros2_ws/build/serial_communication_pkg/build --no-deps symlink_data
[2.311s] INFO:colcon.colcon_core.shell:Creating environment descriptor '/home/ryu/ros2_ws/build/serial_communication_pkg/share/serial_communication_pkg/hook/pythonpath_develop.dsv'
[2.311s] INFO:colcon.colcon_core.shell:Creating environment hook '/home/ryu/ros2_ws/build/serial_communication_pkg/share/serial_communication_pkg/hook/pythonpath_develop.sh'
[2.312s] Level 1:colcon.colcon_core.environment:checking '/home/ryu/ros2_ws/install/serial_communication_pkg' for CMake module files
[2.312s] Level 1:colcon.colcon_core.environment:checking '/home/ryu/ros2_ws/install/serial_communication_pkg' for CMake config files
[2.313s] Level 1:colcon.colcon_core.environment:checking '/home/ryu/ros2_ws/install/serial_communication_pkg/lib'
[2.313s] Level 1:colcon.colcon_core.environment:checking '/home/ryu/ros2_ws/install/serial_communication_pkg/bin'
[2.313s] Level 1:colcon.colcon_core.environment:checking '/home/ryu/ros2_ws/install/serial_communication_pkg/lib/pkgconfig/serial_communication_pkg.pc'
[2.313s] Level 1:colcon.colcon_core.environment:checking '/home/ryu/ros2_ws/install/serial_communication_pkg/lib/python3.10/site-packages'
[2.313s] Level 1:colcon.colcon_core.shell:create_environment_hook('serial_communication_pkg', 'pythonpath')
[2.313s] INFO:colcon.colcon_core.shell:Creating environment hook '/home/ryu/ros2_ws/install/serial_communication_pkg/share/serial_communication_pkg/hook/pythonpath.ps1'
[2.313s] INFO:colcon.colcon_core.shell:Creating environment descriptor '/home/ryu/ros2_ws/install/serial_communication_pkg/share/serial_communication_pkg/hook/pythonpath.dsv'
[2.314s] INFO:colcon.colcon_core.shell:Creating environment hook '/home/ryu/ros2_ws/install/serial_communication_pkg/share/serial_communication_pkg/hook/pythonpath.sh'
[2.314s] Level 1:colcon.colcon_core.environment:checking '/home/ryu/ros2_ws/install/serial_communication_pkg/bin'
[2.314s] Level 1:colcon.colcon_core.environment:create_environment_scripts_only(serial_communication_pkg)
[2.314s] INFO:colcon.colcon_core.shell:Creating package script '/home/ryu/ros2_ws/install/serial_communication_pkg/share/serial_communication_pkg/package.ps1'
[2.315s] INFO:colcon.colcon_core.shell:Creating package descriptor '/home/ryu/ros2_ws/install/serial_communication_pkg/share/serial_communication_pkg/package.dsv'
[2.315s] INFO:colcon.colcon_core.shell:Creating package script '/home/ryu/ros2_ws/install/serial_communication_pkg/share/serial_communication_pkg/package.sh'
[2.316s] INFO:colcon.colcon_core.shell:Creating package script '/home/ryu/ros2_ws/install/serial_communication_pkg/share/serial_communication_pkg/package.bash'
[2.316s] INFO:colcon.colcon_core.shell:Creating package script '/home/ryu/ros2_ws/install/serial_communication_pkg/share/serial_communication_pkg/package.zsh'
[2.316s] Level 1:colcon.colcon_core.environment:create_file_with_runtime_dependencies(/home/ryu/ros2_ws/install/serial_communication_pkg/share/colcon-core/packages/serial_communication_pkg)
[2.321s] Level 1:colcon.colcon_core.shell:create_environment_hook('decision_making_pkg', 'pythonpath_develop')
[2.322s] INFO:colcon.colcon_core.shell:Creating environment hook '/home/ryu/ros2_ws/build/decision_making_pkg/share/decision_making_pkg/hook/pythonpath_develop.ps1'
[2.322s] DEBUG:colcon.colcon_core.event_handler.log_command:Invoked command in '/home/ryu/ros2_ws/build/decision_making_pkg' returned '0': PYTHONPATH=/home/ryu/ros2_ws/build/decision_making_pkg/prefix_override:/usr/lib/python3/dist-packages/colcon_core/task/python/colcon_distutils_commands:/home/ryu/ros2_ws/install/decision_making_pkg/lib/python3.10/site-packages:${PYTHONPATH} /usr/bin/python3 -W ignore:setup.py install is deprecated -W ignore:easy_install command is deprecated setup.py develop --editable --build-directory /home/ryu/ros2_ws/build/decision_making_pkg/build --no-deps symlink_data
[2.322s] INFO:colcon.colcon_core.shell:Creating environment descriptor '/home/ryu/ros2_ws/build/decision_making_pkg/share/decision_making_pkg/hook/pythonpath_develop.dsv'
[2.323s] INFO:colcon.colcon_core.shell:Creating environment hook '/home/ryu/ros2_ws/build/decision_making_pkg/share/decision_making_pkg/hook/pythonpath_develop.sh'
[2.323s] Level 1:colcon.colcon_core.environment:checking '/home/ryu/ros2_ws/install/decision_making_pkg' for CMake module files
[2.323s] Level 1:colcon.colcon_core.environment:checking '/home/ryu/ros2_ws/install/decision_making_pkg' for CMake config files
[2.324s] Level 1:colcon.colcon_core.environment:checking '/home/ryu/ros2_ws/install/decision_making_pkg/lib'
[2.324s] Level 1:colcon.colcon_core.environment:checking '/home/ryu/ros2_ws/install/decision_making_pkg/bin'
[2.324s] Level 1:colcon.colcon_core.environment:checking '/home/ryu/ros2_ws/install/decision_making_pkg/lib/pkgconfig/decision_making_pkg.pc'
[2.324s] Level 1:colcon.colcon_core.environment:checking '/home/ryu/ros2_ws/install/decision_making_pkg/lib/python3.10/site-packages'
[2.324s] Level 1:colcon.colcon_core.shell:create_environment_hook('decision_making_pkg', 'pythonpath')
[2.324s] INFO:colcon.colcon_core.shell:Creating environment hook '/home/ryu/ros2_ws/install/decision_making_pkg/share/decision_making_pkg/hook/pythonpath.ps1'
[2.325s] INFO:colcon.colcon_core.shell:Creating environment descriptor '/home/ryu/ros2_ws/install/decision_making_pkg/share/decision_making_pkg/hook/pythonpath.dsv'
[2.325s] INFO:colcon.colcon_core.shell:Creating environment hook '/home/ryu/ros2_ws/install/decision_making_pkg/share/decision_making_pkg/hook/pythonpath.sh'
[2.325s] Level 1:colcon.colcon_core.environment:checking '/home/ryu/ros2_ws/install/decision_making_pkg/bin'
[2.325s] Level 1:colcon.colcon_core.environment:create_environment_scripts_only(decision_making_pkg)
[2.326s] INFO:colcon.colcon_core.shell:Creating package script '/home/ryu/ros2_ws/install/decision_making_pkg/share/decision_making_pkg/package.ps1'
[2.326s] INFO:colcon.colcon_core.shell:Creating package descriptor '/home/ryu/ros2_ws/install/decision_making_pkg/share/decision_making_pkg/package.dsv'
[2.326s] INFO:colcon.colcon_core.shell:Creating package script '/home/ryu/ros2_ws/install/decision_making_pkg/share/decision_making_pkg/package.sh'
[2.327s] INFO:colcon.colcon_core.shell:Creating package script '/home/ryu/ros2_ws/install/decision_making_pkg/share/decision_making_pkg/package.bash'
[2.327s] INFO:colcon.colcon_core.shell:Creating package script '/home/ryu/ros2_ws/install/decision_making_pkg/share/decision_making_pkg/package.zsh'
[2.327s] Level 1:colcon.colcon_core.environment:create_file_with_runtime_dependencies(/home/ryu/ros2_ws/install/decision_making_pkg/share/colcon-core/packages/decision_making_pkg)
[2.328s] DEBUG:colcon.colcon_parallel_executor.executor.parallel:closing loop
[2.328s] DEBUG:colcon.colcon_parallel_executor.executor.parallel:loop closed
[2.328s] DEBUG:colcon.colcon_parallel_executor.executor.parallel:run_until_complete finished with '0'
[2.328s] DEBUG:colcon.colcon_core.event_reactor:joining thread
[2.333s] INFO:colcon.colcon_core.plugin_system:Skipping extension 'colcon_notification.desktop_notification.terminal_notifier': Not used on non-Darwin systems
[2.333s] INFO:colcon.colcon_core.plugin_system:Skipping extension 'colcon_notification.desktop_notification.win32': Not used on non-Windows systems
[2.333s] INFO:colcon.colcon_notification.desktop_notification:Sending desktop notification using 'notify2'
[2.342s] DEBUG:colcon.colcon_core.event_reactor:joined thread
[2.342s] INFO:colcon.colcon_core.shell:Creating prefix script '/home/ryu/ros2_ws/install/local_setup.ps1'
[2.343s] INFO:colcon.colcon_core.shell:Creating prefix util module '/home/ryu/ros2_ws/install/_local_setup_util_ps1.py'
[2.344s] INFO:colcon.colcon_core.shell:Creating prefix chain script '/home/ryu/ros2_ws/install/setup.ps1'
[2.345s] INFO:colcon.colcon_core.shell:Creating prefix script '/home/ryu/ros2_ws/install/local_setup.sh'
[2.346s] INFO:colcon.colcon_core.shell:Creating prefix util module '/home/ryu/ros2_ws/install/_local_setup_util_sh.py'
[2.346s] INFO:colcon.colcon_core.shell:Creating prefix chain script '/home/ryu/ros2_ws/install/setup.sh'
[2.347s] INFO:colcon.colcon_core.shell:Creating prefix script '/home/ryu/ros2_ws/install/local_setup.bash'
[2.347s] INFO:colcon.colcon_core.shell:Creating prefix chain script '/home/ryu/ros2_ws/install/setup.bash'
[2.348s] INFO:colcon.colcon_core.shell:Creating prefix script '/home/ryu/ros2_ws/install/local_setup.zsh'
[2.349s] INFO:colcon.colcon_core.shell:Creating prefix chain script '/home/ryu/ros2_ws/install/setup.zsh'
